<?xml version="1.0" encoding="UTF-8"?>
<coverage generated="1628427911023" clover="3.2.0">
  <project timestamp="1628427911023" name="All files">
    <metrics statements="535" coveredstatements="406" conditionals="423" coveredconditionals="273" methods="145" coveredmethods="105" elements="1103" coveredelements="784" complexity="0" loc="535" ncloc="535" packages="5" files="12" classes="12"/>
    <package name="src">
      <metrics statements="82" coveredstatements="58" conditionals="84" coveredconditionals="59" methods="18" coveredmethods="13"/>
      <file name="config.ts" path="/Users/hu/web/http-request-mock-github/src/config.ts">
        <metrics statements="1" coveredstatements="1" conditionals="0" coveredconditionals="0" methods="0" coveredmethods="0"/>
        <line num="6" count="12" type="stmt"/>
      </file>
      <file name="index.ts" path="/Users/hu/web/http-request-mock-github/src/index.ts">
        <metrics statements="34" coveredstatements="18" conditionals="30" coveredconditionals="12" methods="6" coveredmethods="3"/>
        <line num="14" count="0" type="stmt"/>
        <line num="16" count="0" type="cond" truecount="0" falsecount="4"/>
        <line num="17" count="0" type="stmt"/>
        <line num="20" count="0" type="cond" truecount="0" falsecount="4"/>
        <line num="21" count="0" type="stmt"/>
        <line num="24" count="0" type="cond" truecount="0" falsecount="4"/>
        <line num="25" count="0" type="stmt"/>
        <line num="29" count="0" type="cond" truecount="0" falsecount="4"/>
        <line num="30" count="0" type="stmt"/>
        <line num="33" count="0" type="stmt"/>
        <line num="41" count="0" type="stmt"/>
        <line num="42" count="0" type="stmt"/>
        <line num="43" count="0" type="stmt"/>
        <line num="51" count="0" type="stmt"/>
        <line num="52" count="0" type="stmt"/>
        <line num="53" count="0" type="stmt"/>
        <line num="61" count="2" type="stmt"/>
        <line num="62" count="2" type="stmt"/>
        <line num="63" count="2" type="stmt"/>
        <line num="71" count="1" type="stmt"/>
        <line num="72" count="1" type="stmt"/>
        <line num="73" count="1" type="stmt"/>
        <line num="81" count="9" type="stmt"/>
        <line num="83" count="9" type="cond" truecount="2" falsecount="0"/>
        <line num="84" count="1" type="stmt"/>
        <line num="87" count="9" type="cond" truecount="2" falsecount="0"/>
        <line num="88" count="5" type="stmt"/>
        <line num="91" count="9" type="cond" truecount="2" falsecount="0"/>
        <line num="92" count="2" type="stmt"/>
        <line num="95" count="9" type="cond" truecount="4" falsecount="0"/>
        <line num="96" count="1" type="stmt"/>
        <line num="101" count="1" type="cond" truecount="2" falsecount="2"/>
        <line num="102" count="1" type="stmt"/>
        <line num="106" count="9" type="stmt"/>
      </file>
      <file name="mocker.ts" path="/Users/hu/web/http-request-mock-github/src/mocker.ts">
        <metrics statements="47" coveredstatements="39" conditionals="54" coveredconditionals="47" methods="12" coveredmethods="10"/>
        <line num="8" count="12" type="cond" truecount="1" falsecount="1"/>
        <line num="9" count="0" type="stmt"/>
        <line num="11" count="12" type="stmt"/>
        <line num="12" count="12" type="stmt"/>
        <line num="20" count="0" type="stmt"/>
        <line num="21" count="0" type="stmt"/>
        <line num="30" count="233" type="stmt"/>
        <line num="31" count="233" type="stmt"/>
        <line num="40" count="0" type="stmt"/>
        <line num="41" count="0" type="stmt"/>
        <line num="50" count="233" type="cond" truecount="4" falsecount="1"/>
        <line num="51" count="0" type="stmt"/>
        <line num="54" count="233" type="cond" truecount="4" falsecount="0"/>
        <line num="58" count="233" type="cond" truecount="2" falsecount="0"/>
        <line num="59" count="233" type="cond" truecount="2" falsecount="0"/>
        <line num="60" count="233" type="cond" truecount="2" falsecount="0"/>
        <line num="62" count="233" type="stmt"/>
        <line num="63" count="233" type="stmt"/>
        <line num="64" count="233" type="stmt"/>
        <line num="76" count="22" type="stmt"/>
        <line num="77" count="22" type="stmt"/>
        <line num="89" count="22" type="stmt"/>
        <line num="90" count="22" type="stmt"/>
        <line num="102" count="11" type="stmt"/>
        <line num="103" count="11" type="stmt"/>
        <line num="115" count="11" type="stmt"/>
        <line num="116" count="11" type="stmt"/>
        <line num="128" count="11" type="stmt"/>
        <line num="129" count="11" type="stmt"/>
        <line num="141" count="44" type="stmt"/>
        <line num="142" count="44" type="stmt"/>
        <line num="152" count="270" type="cond" truecount="1" falsecount="1"/>
        <line num="154" count="270" type="stmt"/>
        <line num="155" count="2821" type="stmt"/>
        <line num="156" count="2821" type="stmt"/>
        <line num="157" count="2821" type="cond" truecount="1" falsecount="1"/>
        <line num="158" count="0" type="stmt"/>
        <line num="161" count="2821" type="stmt"/>
        <line num="162" count="2821" type="cond" truecount="4" falsecount="0"/>
        <line num="163" count="1366" type="stmt"/>
        <line num="166" count="1455" type="cond" truecount="2" falsecount="3"/>
        <line num="169" count="0" type="stmt"/>
        <line num="172" count="1455" type="cond" truecount="4" falsecount="0"/>
        <line num="173" count="11" type="stmt"/>
        <line num="176" count="1444" type="cond" truecount="2" falsecount="0"/>
        <line num="177" count="256" type="stmt"/>
        <line num="181" count="3" type="stmt"/>
      </file>
    </package>
    <package name="src.fake">
      <metrics statements="7" coveredstatements="0" conditionals="0" coveredconditionals="0" methods="15" coveredmethods="0"/>
      <file name="xhr.ts" path="/Users/hu/web/http-request-mock-github/src/fake/xhr.ts">
        <metrics statements="7" coveredstatements="0" conditionals="0" coveredconditionals="0" methods="15" coveredmethods="0"/>
        <line num="14" count="0" type="stmt"/>
        <line num="18" count="0" type="stmt"/>
        <line num="22" count="0" type="stmt"/>
        <line num="26" count="0" type="stmt"/>
        <line num="30" count="0" type="stmt"/>
        <line num="34" count="0" type="stmt"/>
        <line num="38" count="0" type="stmt"/>
      </file>
    </package>
    <package name="src.inteceptor">
      <metrics statements="277" coveredstatements="226" conditionals="190" coveredconditionals="118" methods="78" coveredmethods="67"/>
      <file name="base.ts" path="/Users/hu/web/http-request-mock-github/src/inteceptor/base.ts">
        <metrics statements="16" coveredstatements="11" conditionals="10" coveredconditionals="4" methods="7" coveredmethods="7"/>
        <line num="12" count="13" type="stmt"/>
        <line num="13" count="13" type="stmt"/>
        <line num="21" count="3" type="stmt"/>
        <line num="28" count="22" type="cond" truecount="1" falsecount="1"/>
        <line num="29" count="22" type="stmt"/>
        <line num="30" count="0" type="cond" truecount="0" falsecount="2"/>
        <line num="31" count="0" type="stmt"/>
        <line num="32" count="0" type="cond" truecount="0" falsecount="2"/>
        <line num="33" count="0" type="stmt"/>
        <line num="35" count="0" type="stmt"/>
        <line num="45" count="270" type="stmt"/>
        <line num="53" count="197" type="cond" truecount="2" falsecount="0"/>
        <line num="59" count="24" type="stmt"/>
        <line num="60" count="24" type="cond" truecount="1" falsecount="1"/>
        <line num="61" count="24" type="stmt"/>
        <line num="71" count="71" type="stmt"/>
      </file>
      <file name="fetch.ts" path="/Users/hu/web/http-request-mock-github/src/inteceptor/fetch.ts">
        <metrics statements="60" coveredstatements="46" conditionals="38" coveredconditionals="27" methods="19" coveredmethods="11"/>
        <line num="11" count="3" type="stmt"/>
        <line num="13" count="3" type="cond" truecount="1" falsecount="1"/>
        <line num="14" count="0" type="stmt"/>
        <line num="17" count="3" type="stmt"/>
        <line num="18" count="3" type="stmt"/>
        <line num="19" count="3" type="stmt"/>
        <line num="21" count="3" type="stmt"/>
        <line num="29" count="2" type="stmt"/>
        <line num="30" count="2" type="cond" truecount="1" falsecount="1"/>
        <line num="31" count="2" type="stmt"/>
        <line num="33" count="2" type="stmt"/>
        <line num="41" count="3" type="stmt"/>
        <line num="42" count="3" type="stmt"/>
        <line num="43" count="74" type="stmt"/>
        <line num="49" count="74" type="cond" truecount="2" falsecount="0"/>
        <line num="50" count="25" type="cond" truecount="1" falsecount="1"/>
        <line num="51" count="25" type="stmt"/>
        <line num="53" count="49" type="stmt"/>
        <line num="54" count="49" type="stmt"/>
        <line num="57" count="74" type="cond" truecount="3" falsecount="1"/>
        <line num="59" count="74" type="stmt"/>
        <line num="60" count="74" type="stmt"/>
        <line num="61" count="74" type="cond" truecount="2" falsecount="0"/>
        <line num="62" count="73" type="stmt"/>
        <line num="63" count="73" type="stmt"/>
        <line num="65" count="73" type="stmt"/>
        <line num="67" count="1" type="stmt"/>
        <line num="71" count="3" type="stmt"/>
        <line num="81" count="73" type="cond" truecount="1" falsecount="1"/>
        <line num="82" count="0" type="stmt"/>
        <line num="83" count="0" type="stmt"/>
        <line num="84" count="0" type="stmt"/>
        <line num="86" count="0" type="stmt"/>
        <line num="89" count="73" type="stmt"/>
        <line num="90" count="73" type="stmt"/>
        <line num="100" count="73" type="cond" truecount="1" falsecount="1"/>
        <line num="101" count="73" type="cond" truecount="4" falsecount="0"/>
        <line num="102" count="3" type="stmt"/>
        <line num="103" count="3" type="stmt"/>
        <line num="106" count="70" type="stmt"/>
        <line num="108" count="73" type="stmt"/>
        <line num="120" count="73" type="cond" truecount="2" falsecount="0"/>
        <line num="121" count="73" type="cond" truecount="1" falsecount="1"/>
        <line num="122" count="73" type="cond" truecount="1" falsecount="1"/>
        <line num="124" count="73" type="cond" truecount="1" falsecount="1"/>
        <line num="128" count="73" type="cond" truecount="1" falsecount="1"/>
        <line num="132" count="73" type="cond" truecount="1" falsecount="1"/>
        <line num="133" count="0" type="stmt"/>
        <line num="134" count="0" type="stmt"/>
        <line num="135" count="0" type="stmt"/>
        <line num="138" count="73" type="stmt"/>
        <line num="149" count="50" type="stmt"/>
        <line num="150" count="0" type="stmt"/>
        <line num="151" count="0" type="stmt"/>
        <line num="152" count="0" type="stmt"/>
        <line num="153" count="23" type="cond" truecount="2" falsecount="0"/>
        <line num="155" count="0" type="stmt"/>
        <line num="156" count="0" type="stmt"/>
        <line num="157" count="0" type="stmt"/>
        <line num="159" count="73" type="stmt"/>
      </file>
      <file name="wx-request.ts" path="/Users/hu/web/http-request-mock-github/src/inteceptor/wx-request.ts">
        <metrics statements="38" coveredstatements="30" conditionals="26" coveredconditionals="18" methods="11" coveredmethods="9"/>
        <line num="10" count="1" type="stmt"/>
        <line num="12" count="1" type="cond" truecount="1" falsecount="1"/>
        <line num="13" count="0" type="stmt"/>
        <line num="16" count="1" type="stmt"/>
        <line num="17" count="1" type="stmt"/>
        <line num="18" count="1" type="stmt"/>
        <line num="19" count="1" type="stmt"/>
        <line num="27" count="1" type="stmt"/>
        <line num="28" count="1" type="cond" truecount="2" falsecount="0"/>
        <line num="29" count="1" type="cond" truecount="1" falsecount="1"/>
        <line num="30" count="1" type="stmt"/>
        <line num="32" count="1" type="stmt"/>
        <line num="40" count="1" type="stmt"/>
        <line num="45" count="25" type="cond" truecount="3" falsecount="1"/>
        <line num="46" count="0" type="stmt"/>
        <line num="49" count="25" type="stmt"/>
        <line num="50" count="25" type="cond" truecount="1" falsecount="1"/>
        <line num="51" count="25" type="stmt"/>
        <line num="52" count="25" type="stmt"/>
        <line num="54" count="0" type="stmt"/>
        <line num="58" count="1" type="stmt"/>
        <line num="67" count="25" type="cond" truecount="1" falsecount="1"/>
        <line num="69" count="0" type="stmt"/>
        <line num="70" count="0" type="stmt"/>
        <line num="71" count="0" type="stmt"/>
        <line num="73" count="0" type="stmt"/>
        <line num="76" count="25" type="stmt"/>
        <line num="77" count="25" type="stmt"/>
        <line num="87" count="25" type="cond" truecount="4" falsecount="0"/>
        <line num="88" count="1" type="stmt"/>
        <line num="89" count="1" type="stmt"/>
        <line num="92" count="24" type="stmt"/>
        <line num="103" count="25" type="cond" truecount="2" falsecount="0"/>
        <line num="106" count="25" type="stmt"/>
        <line num="124" count="25" type="cond" truecount="1" falsecount="1"/>
        <line num="125" count="25" type="stmt"/>
        <line num="128" count="25" type="cond" truecount="1" falsecount="1"/>
        <line num="129" count="0" type="stmt"/>
      </file>
      <file name="xml-http-request.ts" path="/Users/hu/web/http-request-mock-github/src/inteceptor/xml-http-request.ts">
        <metrics statements="163" coveredstatements="139" conditionals="116" coveredconditionals="69" methods="41" coveredmethods="40"/>
        <line num="12" count="6" type="stmt"/>
        <line num="14" count="6" type="cond" truecount="1" falsecount="1"/>
        <line num="15" count="0" type="stmt"/>
        <line num="18" count="6" type="stmt"/>
        <line num="19" count="6" type="stmt"/>
        <line num="20" count="6" type="stmt"/>
        <line num="21" count="6" type="stmt"/>
        <line num="29" count="6" type="stmt"/>
        <line num="30" count="6" type="cond" truecount="1" falsecount="1"/>
        <line num="32" count="6" type="stmt"/>
        <line num="41" count="6" type="stmt"/>
        <line num="42" count="6" type="stmt"/>
        <line num="43" count="6" type="stmt"/>
        <line num="44" count="6" type="stmt"/>
        <line num="45" count="6" type="stmt"/>
        <line num="48" count="6" type="stmt"/>
        <line num="49" count="6" type="stmt"/>
        <line num="50" count="6" type="stmt"/>
        <line num="51" count="6" type="stmt"/>
        <line num="52" count="6" type="stmt"/>
        <line num="53" count="6" type="stmt"/>
        <line num="54" count="6" type="stmt"/>
        <line num="55" count="6" type="stmt"/>
        <line num="63" count="6" type="stmt"/>
        <line num="64" count="6" type="stmt"/>
        <line num="65" count="6" type="stmt"/>
        <line num="67" count="100" type="stmt"/>
        <line num="74" count="100" type="stmt"/>
        <line num="75" count="100" type="cond" truecount="2" falsecount="0"/>
        <line num="77" count="99" type="stmt"/>
        <line num="78" count="99" type="stmt"/>
        <line num="79" count="99" type="stmt"/>
        <line num="80" count="99" type="stmt"/>
        <line num="81" count="99" type="stmt"/>
        <line num="82" count="99" type="stmt"/>
        <line num="84" count="1" type="stmt"/>
        <line num="88" count="6" type="stmt"/>
        <line num="95" count="6" type="stmt"/>
        <line num="96" count="6" type="stmt"/>
        <line num="97" count="6" type="stmt"/>
        <line num="99" count="100" type="stmt"/>
        <line num="100" count="100" type="cond" truecount="2" falsecount="0"/>
        <line num="101" count="99" type="cond" truecount="2" falsecount="4"/>
        <line num="102" count="0" type="stmt"/>
        <line num="103" count="0" type="stmt"/>
        <line num="105" count="0" type="stmt"/>
        <line num="108" count="99" type="stmt"/>
        <line num="110" count="99" type="stmt"/>
        <line num="112" count="1" type="stmt"/>
        <line num="116" count="6" type="stmt"/>
        <line num="126" count="99" type="cond" truecount="2" falsecount="0"/>
        <line num="127" count="3" type="stmt"/>
        <line num="128" count="3" type="stmt"/>
        <line num="129" count="3" type="stmt"/>
        <line num="131" count="3" type="stmt"/>
        <line num="134" count="96" type="stmt"/>
        <line num="135" count="96" type="stmt"/>
        <line num="144" count="99" type="cond" truecount="4" falsecount="0"/>
        <line num="145" count="4" type="stmt"/>
        <line num="146" count="4" type="stmt"/>
        <line num="149" count="95" type="stmt"/>
        <line num="159" count="99" type="cond" truecount="2" falsecount="0"/>
        <line num="173" count="99" type="cond" truecount="2" falsecount="0"/>
        <line num="174" count="76" type="stmt"/>
        <line num="177" count="99" type="cond" truecount="2" falsecount="0"/>
        <line num="178" count="23" type="stmt"/>
        <line num="181" count="99" type="cond" truecount="1" falsecount="1"/>
        <line num="182" count="0" type="stmt"/>
        <line num="185" count="99" type="cond" truecount="3" falsecount="1"/>
        <line num="186" count="99" type="stmt"/>
        <line num="187" count="99" type="stmt"/>
        <line num="188" count="99" type="stmt"/>
        <line num="197" count="6" type="stmt"/>
        <line num="198" count="6" type="stmt"/>
        <line num="200" count="147" type="stmt"/>
        <line num="201" count="147" type="cond" truecount="1" falsecount="1"/>
        <line num="202" count="147" type="stmt"/>
        <line num="203" count="167" type="stmt"/>
        <line num="206" count="0" type="stmt"/>
        <line num="210" count="6" type="stmt"/>
        <line num="218" count="6" type="stmt"/>
        <line num="219" count="6" type="stmt"/>
        <line num="221" count="46" type="stmt"/>
        <line num="222" count="46" type="cond" truecount="1" falsecount="1"/>
        <line num="223" count="46" type="cond" truecount="1" falsecount="1"/>
        <line num="224" count="0" type="stmt"/>
        <line num="226" count="46" type="stmt"/>
        <line num="227" count="46" type="cond" truecount="2" falsecount="0"/>
        <line num="229" count="0" type="stmt"/>
        <line num="233" count="6" type="stmt"/>
        <line num="240" count="6" type="stmt"/>
        <line num="241" count="6" type="stmt"/>
        <line num="243" count="52" type="stmt"/>
        <line num="244" count="52" type="cond" truecount="2" falsecount="0"/>
        <line num="245" count="51" type="stmt"/>
        <line num="246" count="51" type="stmt"/>
        <line num="248" count="1" type="stmt"/>
        <line num="252" count="6" type="stmt"/>
        <line num="260" count="42" type="stmt"/>
        <line num="261" count="42" type="cond" truecount="1" falsecount="1"/>
        <line num="262" count="42" type="stmt"/>
        <line num="265" count="0" type="stmt"/>
        <line num="272" count="6" type="stmt"/>
        <line num="273" count="6" type="stmt"/>
        <line num="275" count="75" type="cond" truecount="2" falsecount="0"/>
        <line num="276" count="74" type="stmt"/>
        <line num="278" count="1" type="cond" truecount="1" falsecount="1"/>
        <line num="281" count="6" type="stmt"/>
        <line num="288" count="6" type="stmt"/>
        <line num="289" count="6" type="stmt"/>
        <line num="291" count="245" type="cond" truecount="2" falsecount="0"/>
        <line num="292" count="244" type="cond" truecount="1" falsecount="1"/>
        <line num="294" count="1" type="cond" truecount="1" falsecount="1"/>
        <line num="297" count="6" type="stmt"/>
        <line num="304" count="6" type="stmt"/>
        <line num="305" count="6" type="stmt"/>
        <line num="307" count="97" type="cond" truecount="1" falsecount="1"/>
        <line num="308" count="97" type="cond" truecount="2" falsecount="2"/>
        <line num="310" count="0" type="cond" truecount="0" falsecount="2"/>
        <line num="313" count="6" type="stmt"/>
        <line num="320" count="6" type="stmt"/>
        <line num="321" count="6" type="stmt"/>
        <line num="323" count="159" type="cond" truecount="1" falsecount="1"/>
        <line num="324" count="159" type="stmt"/>
        <line num="325" count="159" type="cond" truecount="2" falsecount="0"/>
        <line num="327" count="0" type="cond" truecount="0" falsecount="2"/>
        <line num="330" count="6" type="stmt"/>
        <line num="343" count="6" type="stmt"/>
        <line num="344" count="6" type="stmt"/>
        <line num="346" count="53" type="cond" truecount="1" falsecount="1"/>
        <line num="347" count="53" type="stmt"/>
        <line num="349" count="53" type="cond" truecount="4" falsecount="0"/>
        <line num="350" count="42" type="stmt"/>
        <line num="353" count="11" type="cond" truecount="4" falsecount="0"/>
        <line num="354" count="3" type="cond" truecount="1" falsecount="1"/>
        <line num="357" count="8" type="cond" truecount="4" falsecount="0"/>
        <line num="358" count="3" type="cond" truecount="1" falsecount="1"/>
        <line num="362" count="5" type="cond" truecount="2" falsecount="3"/>
        <line num="363" count="0" type="cond" truecount="0" falsecount="4"/>
        <line num="368" count="5" type="cond" truecount="1" falsecount="1"/>
        <line num="369" count="5" type="cond" truecount="1" falsecount="1"/>
        <line num="370" count="5" type="stmt"/>
        <line num="372" count="0" type="cond" truecount="0" falsecount="2"/>
        <line num="373" count="0" type="stmt"/>
        <line num="374" count="0" type="stmt"/>
        <line num="376" count="0" type="stmt"/>
        <line num="377" count="0" type="stmt"/>
        <line num="380" count="0" type="stmt"/>
        <line num="382" count="0" type="stmt"/>
        <line num="384" count="0" type="cond" truecount="0" falsecount="2"/>
        <line num="387" count="6" type="stmt"/>
        <line num="394" count="6" type="stmt"/>
        <line num="395" count="6" type="stmt"/>
        <line num="397" count="1" type="cond" truecount="1" falsecount="1"/>
        <line num="398" count="0" type="stmt"/>
        <line num="400" count="1" type="cond" truecount="1" falsecount="1"/>
        <line num="403" count="6" type="stmt"/>
        <line num="410" count="6" type="stmt"/>
        <line num="411" count="6" type="stmt"/>
        <line num="413" count="0" type="cond" truecount="0" falsecount="2"/>
        <line num="414" count="0" type="cond" truecount="0" falsecount="2"/>
        <line num="416" count="0" type="cond" truecount="0" falsecount="2"/>
        <line num="419" count="6" type="stmt"/>
      </file>
    </package>
    <package name="src.inteceptor.node">
      <metrics statements="166" coveredstatements="119" conditionals="149" coveredconditionals="96" methods="33" coveredmethods="24"/>
      <file name="client-request.ts" path="/Users/hu/web/http-request-mock-github/src/inteceptor/node/client-request.ts">
        <metrics statements="92" coveredstatements="62" conditionals="75" coveredconditionals="40" methods="16" coveredmethods="10"/>
        <line num="14" count="70" type="stmt"/>
        <line num="17" count="70" type="stmt"/>
        <line num="18" count="70" type="stmt"/>
        <line num="38" count="70" type="stmt"/>
        <line num="40" count="70" type="stmt"/>
        <line num="41" count="70" type="stmt"/>
        <line num="42" count="70" type="stmt"/>
        <line num="45" count="70" type="stmt"/>
        <line num="52" count="70" type="stmt"/>
        <line num="53" count="70" type="cond" truecount="1" falsecount="1"/>
        <line num="54" count="70" type="cond" truecount="2" falsecount="0"/>
        <line num="58" count="70" type="cond" truecount="2" falsecount="0"/>
        <line num="59" count="24" type="stmt"/>
        <line num="63" count="70" type="cond" truecount="3" falsecount="1"/>
        <line num="64" count="70" type="stmt"/>
        <line num="65" count="149" type="stmt"/>
        <line num="70" count="70" type="stmt"/>
        <line num="71" count="70" type="stmt"/>
        <line num="72" count="70" type="cond" truecount="2" falsecount="0"/>
        <line num="74" count="9" type="stmt"/>
        <line num="77" count="70" type="cond" truecount="1" falsecount="1"/>
        <line num="78" count="0" type="stmt"/>
        <line num="79" count="0" type="stmt"/>
        <line num="82" count="70" type="stmt"/>
        <line num="83" count="70" type="stmt"/>
        <line num="84" count="70" type="stmt"/>
        <line num="87" count="70" type="cond" truecount="1" falsecount="1"/>
        <line num="88" count="0" type="stmt"/>
        <line num="91" count="70" type="stmt"/>
        <line num="99" count="70" type="stmt"/>
        <line num="100" count="70" type="stmt"/>
        <line num="108" count="0" type="cond" truecount="0" falsecount="4"/>
        <line num="110" count="0" type="stmt"/>
        <line num="111" count="0" type="stmt"/>
        <line num="113" count="0" type="stmt"/>
        <line num="114" count="0" type="stmt"/>
        <line num="116" count="0" type="stmt"/>
        <line num="118" count="0" type="stmt"/>
        <line num="126" count="0" type="stmt"/>
        <line num="134" count="0" type="stmt"/>
        <line num="135" count="0" type="stmt"/>
        <line num="146" count="0" type="cond" truecount="0" falsecount="4"/>
        <line num="147" count="0" type="stmt"/>
        <line num="148" count="0" type="stmt"/>
        <line num="150" count="0" type="cond" truecount="0" falsecount="2"/>
        <line num="151" count="0" type="cond" truecount="0" falsecount="2"/>
        <line num="152" count="0" type="stmt"/>
        <line num="154" count="0" type="cond" truecount="0" falsecount="2"/>
        <line num="155" count="0" type="cond" truecount="0" falsecount="2"/>
        <line num="156" count="0" type="stmt"/>
        <line num="160" count="0" type="cond" truecount="0" falsecount="4"/>
        <line num="161" count="0" type="stmt"/>
        <line num="165" count="0" type="stmt"/>
        <line num="166" count="0" type="stmt"/>
        <line num="177" count="70" type="stmt"/>
        <line num="180" count="70" type="cond" truecount="1" falsecount="1"/>
        <line num="181" count="0" type="stmt"/>
        <line num="182" count="0" type="stmt"/>
        <line num="183" count="0" type="stmt"/>
        <line num="186" count="70" type="cond" truecount="1" falsecount="1"/>
        <line num="187" count="70" type="stmt"/>
        <line num="189" count="70" type="cond" truecount="1" falsecount="1"/>
        <line num="190" count="70" type="cond" truecount="1" falsecount="1"/>
        <line num="192" count="70" type="stmt"/>
        <line num="193" count="84" type="stmt"/>
        <line num="196" count="70" type="cond" truecount="2" falsecount="0"/>
        <line num="206" count="70" type="cond" truecount="7" falsecount="0"/>
        <line num="212" count="52" type="stmt"/>
        <line num="214" count="18" type="stmt"/>
        <line num="218" count="70" type="cond" truecount="2" falsecount="0"/>
        <line num="219" count="23" type="stmt"/>
        <line num="222" count="70" type="stmt"/>
        <line num="223" count="70" type="stmt"/>
        <line num="224" count="70" type="stmt"/>
        <line num="228" count="70" type="stmt"/>
        <line num="229" count="70" type="stmt"/>
        <line num="231" count="70" type="stmt"/>
        <line num="245" count="70" type="cond" truecount="2" falsecount="0"/>
        <line num="246" count="24" type="stmt"/>
        <line num="247" count="46" type="cond" truecount="1" falsecount="1"/>
        <line num="248" count="0" type="stmt"/>
        <line num="249" count="46" type="cond" truecount="2" falsecount="0"/>
        <line num="250" count="23" type="cond" truecount="1" falsecount="1"/>
        <line num="251" count="23" type="cond" truecount="1" falsecount="1"/>
        <line num="253" count="70" type="stmt"/>
        <line num="261" count="9" type="stmt"/>
        <line num="262" count="9" type="cond" truecount="1" falsecount="1"/>
        <line num="269" count="9" type="stmt"/>
        <line num="273" count="24" type="cond" truecount="3" falsecount="1"/>
        <line num="274" count="24" type="cond" truecount="1" falsecount="1"/>
        <line num="278" count="24" type="stmt"/>
        <line num="284" count="12" type="stmt"/>
      </file>
      <file name="http-and-https.ts" path="/Users/hu/web/http-request-mock-github/src/inteceptor/node/http-and-https.ts">
        <metrics statements="74" coveredstatements="57" conditionals="74" coveredconditionals="56" methods="17" coveredmethods="14"/>
        <line num="17" count="3" type="stmt"/>
        <line num="19" count="3" type="cond" truecount="1" falsecount="1"/>
        <line num="20" count="0" type="stmt"/>
        <line num="23" count="3" type="stmt"/>
        <line num="25" count="3" type="stmt"/>
        <line num="26" count="3" type="stmt"/>
        <line num="27" count="3" type="stmt"/>
        <line num="28" count="3" type="stmt"/>
        <line num="29" count="3" type="stmt"/>
        <line num="31" count="3" type="stmt"/>
        <line num="39" count="1" type="cond" truecount="3" falsecount="1"/>
        <line num="40" count="0" type="stmt"/>
        <line num="42" count="1" type="stmt"/>
        <line num="52" count="3" type="stmt"/>
        <line num="53" count="3" type="stmt"/>
        <line num="60" count="3" type="stmt"/>
        <line num="61" count="3" type="stmt"/>
        <line num="62" count="62" type="stmt"/>
        <line num="63" count="62" type="cond" truecount="2" falsecount="0"/>
        <line num="64" count="61" type="stmt"/>
        <line num="66" count="1" type="stmt"/>
        <line num="68" count="3" type="stmt"/>
        <line num="69" count="9" type="stmt"/>
        <line num="70" count="9" type="cond" truecount="1" falsecount="1"/>
        <line num="71" count="9" type="stmt"/>
        <line num="73" count="0" type="stmt"/>
        <line num="87" count="3" type="stmt"/>
        <line num="88" count="3" type="stmt"/>
        <line num="89" count="0" type="stmt"/>
        <line num="90" count="0" type="cond" truecount="0" falsecount="2"/>
        <line num="91" count="0" type="stmt"/>
        <line num="92" count="0" type="stmt"/>
        <line num="94" count="0" type="stmt"/>
        <line num="97" count="3" type="stmt"/>
        <line num="98" count="0" type="stmt"/>
        <line num="99" count="0" type="cond" truecount="0" falsecount="2"/>
        <line num="100" count="0" type="stmt"/>
        <line num="101" count="0" type="stmt"/>
        <line num="103" count="0" type="stmt"/>
        <line num="112" count="71" type="stmt"/>
        <line num="113" count="71" type="cond" truecount="1" falsecount="1"/>
        <line num="115" count="71" type="stmt"/>
        <line num="117" count="71" type="cond" truecount="2" falsecount="0"/>
        <line num="119" count="70" type="stmt"/>
        <line num="120" count="70" type="stmt"/>
        <line num="121" count="70" type="stmt"/>
        <line num="130" count="70" type="cond" truecount="2" falsecount="2"/>
        <line num="135" count="0" type="stmt"/>
        <line num="136" count="0" type="stmt"/>
        <line num="137" count="0" type="stmt"/>
        <line num="139" count="0" type="stmt"/>
        <line num="141" count="70" type="stmt"/>
        <line num="150" count="70" type="stmt"/>
        <line num="151" count="70" type="cond" truecount="4" falsecount="0"/>
        <line num="152" count="3" type="stmt"/>
        <line num="154" count="67" type="stmt"/>
        <line num="157" count="70" type="stmt"/>
        <line num="169" count="71" type="cond" truecount="4" falsecount="0"/>
        <line num="170" count="23" type="cond" truecount="1" falsecount="1"/>
        <line num="172" count="71" type="cond" truecount="4" falsecount="1"/>
        <line num="173" count="71" type="cond" truecount="2" falsecount="0"/>
        <line num="175" count="71" type="cond" truecount="4" falsecount="0"/>
        <line num="176" count="25" type="cond" truecount="1" falsecount="1"/>
        <line num="179" count="71" type="cond" truecount="2" falsecount="0"/>
        <line num="180" count="48" type="cond" truecount="2" falsecount="0"/>
        <line num="181" count="48" type="cond" truecount="3" falsecount="0"/>
        <line num="182" count="48" type="cond" truecount="4" falsecount="0"/>
        <line num="184" count="48" type="cond" truecount="2" falsecount="1"/>
        <line num="185" count="48" type="cond" truecount="1" falsecount="1"/>
        <line num="186" count="48" type="cond" truecount="1" falsecount="1"/>
        <line num="188" count="48" type="stmt"/>
        <line num="191" count="48" type="cond" truecount="2" falsecount="0"/>
        <line num="194" count="71" type="cond" truecount="1" falsecount="1"/>
        <line num="198" count="71" type="cond" truecount="6" falsecount="1"/>
      </file>
    </package>
    <package name="test.mock">
      <metrics statements="3" coveredstatements="3" conditionals="0" coveredconditionals="0" methods="1" coveredmethods="1"/>
      <file name="sample1.js" path="/Users/hu/web/http-request-mock-github/test/mock/sample1.js">
        <metrics statements="0" coveredstatements="0" conditionals="0" coveredconditionals="0" methods="0" coveredmethods="0"/>
      </file>
      <file name="sample2.js" path="/Users/hu/web/http-request-mock-github/test/mock/sample2.js">
        <metrics statements="3" coveredstatements="3" conditionals="0" coveredconditionals="0" methods="1" coveredmethods="1"/>
        <line num="5" count="1" type="stmt"/>
        <line num="7" count="2" type="stmt"/>
        <line num="9" count="2" type="stmt"/>
      </file>
    </package>
  </project>
</coverage>
