{"/Users/hu/web/http-request-mock-github/src/config.ts": {"path":"/Users/hu/web/http-request-mock-github/src/config.ts","statementMap":{"0":{"start":{"line":6,"column":45},"end":{"line":70,"column":1}}},"fnMap":{},"branchMap":{},"s":{"0":12},"f":{},"b":{},"_coverageSchema":"1a1c01bbd47fc00a2c39e90264f33305004495a9","hash":"cb4c32ef1aba0b9711dfdd5b8e80705ed2b941c9"}
,"/Users/hu/web/http-request-mock-github/src/index.ts": {"path":"/Users/hu/web/http-request-mock-github/src/index.ts","statementMap":{"0":{"start":{"line":14,"column":19},"end":{"line":14,"column":31}},"1":{"start":{"line":16,"column":4},"end":{"line":18,"column":5}},"2":{"start":{"line":17,"column":6},"end":{"line":17,"column":41}},"3":{"start":{"line":20,"column":4},"end":{"line":22,"column":5}},"4":{"start":{"line":21,"column":6},"end":{"line":21,"column":35}},"5":{"start":{"line":24,"column":4},"end":{"line":26,"column":5}},"6":{"start":{"line":25,"column":6},"end":{"line":25,"column":37}},"7":{"start":{"line":29,"column":4},"end":{"line":31,"column":5}},"8":{"start":{"line":30,"column":6},"end":{"line":30,"column":55}},"9":{"start":{"line":33,"column":4},"end":{"line":33,"column":18}},"10":{"start":{"line":41,"column":19},"end":{"line":41,"column":31}},"11":{"start":{"line":42,"column":4},"end":{"line":42,"column":39}},"12":{"start":{"line":43,"column":4},"end":{"line":43,"column":18}},"13":{"start":{"line":51,"column":19},"end":{"line":51,"column":31}},"14":{"start":{"line":52,"column":4},"end":{"line":52,"column":33}},"15":{"start":{"line":53,"column":4},"end":{"line":53,"column":18}},"16":{"start":{"line":61,"column":19},"end":{"line":61,"column":31}},"17":{"start":{"line":62,"column":4},"end":{"line":62,"column":53}},"18":{"start":{"line":63,"column":4},"end":{"line":63,"column":18}},"19":{"start":{"line":71,"column":19},"end":{"line":71,"column":31}},"20":{"start":{"line":72,"column":4},"end":{"line":72,"column":35}},"21":{"start":{"line":73,"column":4},"end":{"line":73,"column":18}},"22":{"start":{"line":81,"column":19},"end":{"line":81,"column":31}},"23":{"start":{"line":83,"column":4},"end":{"line":85,"column":5}},"24":{"start":{"line":84,"column":6},"end":{"line":84,"column":52}},"25":{"start":{"line":87,"column":4},"end":{"line":89,"column":5}},"26":{"start":{"line":88,"column":6},"end":{"line":88,"column":46}},"27":{"start":{"line":91,"column":4},"end":{"line":93,"column":5}},"28":{"start":{"line":92,"column":6},"end":{"line":92,"column":48}},"29":{"start":{"line":95,"column":4},"end":{"line":104,"column":5}},"30":{"start":{"line":96,"column":6},"end":{"line":96,"column":66}},"31":{"start":{"line":101,"column":6},"end":{"line":103,"column":7}},"32":{"start":{"line":102,"column":8},"end":{"line":102,"column":48}},"33":{"start":{"line":106,"column":4},"end":{"line":106,"column":18}}},"fnMap":{"0":{"name":"(anonymous_0)","decl":{"start":{"line":13,"column":2},"end":{"line":13,"column":3}},"loc":{"start":{"line":13,"column":26},"end":{"line":34,"column":3}},"line":13},"1":{"name":"(anonymous_1)","decl":{"start":{"line":40,"column":2},"end":{"line":40,"column":3}},"loc":{"start":{"line":40,"column":31},"end":{"line":44,"column":3}},"line":40},"2":{"name":"(anonymous_2)","decl":{"start":{"line":50,"column":2},"end":{"line":50,"column":3}},"loc":{"start":{"line":50,"column":32},"end":{"line":54,"column":3}},"line":50},"3":{"name":"(anonymous_3)","decl":{"start":{"line":60,"column":2},"end":{"line":60,"column":3}},"loc":{"start":{"line":60,"column":33},"end":{"line":64,"column":3}},"line":60},"4":{"name":"(anonymous_4)","decl":{"start":{"line":70,"column":2},"end":{"line":70,"column":3}},"loc":{"start":{"line":70,"column":34},"end":{"line":74,"column":3}},"line":70},"5":{"name":"(anonymous_5)","decl":{"start":{"line":80,"column":2},"end":{"line":80,"column":3}},"loc":{"start":{"line":80,"column":96},"end":{"line":107,"column":3}},"line":80}},"branchMap":{"0":{"loc":{"start":{"line":16,"column":4},"end":{"line":18,"column":5}},"type":"if","locations":[{"start":{"line":16,"column":4},"end":{"line":18,"column":5}},{"start":{"line":16,"column":4},"end":{"line":18,"column":5}}],"line":16},"1":{"loc":{"start":{"line":16,"column":8},"end":{"line":16,"column":69}},"type":"binary-expr","locations":[{"start":{"line":16,"column":8},"end":{"line":16,"column":33}},{"start":{"line":16,"column":37},"end":{"line":16,"column":69}}],"line":16},"2":{"loc":{"start":{"line":20,"column":4},"end":{"line":22,"column":5}},"type":"if","locations":[{"start":{"line":20,"column":4},"end":{"line":22,"column":5}},{"start":{"line":20,"column":4},"end":{"line":22,"column":5}}],"line":20},"3":{"loc":{"start":{"line":20,"column":8},"end":{"line":20,"column":84}},"type":"binary-expr","locations":[{"start":{"line":20,"column":8},"end":{"line":20,"column":37}},{"start":{"line":20,"column":41},"end":{"line":20,"column":84}}],"line":20},"4":{"loc":{"start":{"line":24,"column":4},"end":{"line":26,"column":5}},"type":"if","locations":[{"start":{"line":24,"column":4},"end":{"line":26,"column":5}},{"start":{"line":24,"column":4},"end":{"line":26,"column":5}}],"line":24},"5":{"loc":{"start":{"line":24,"column":8},"end":{"line":24,"column":75}},"type":"binary-expr","locations":[{"start":{"line":24,"column":8},"end":{"line":24,"column":37}},{"start":{"line":24,"column":41},"end":{"line":24,"column":75}}],"line":24},"6":{"loc":{"start":{"line":29,"column":4},"end":{"line":31,"column":5}},"type":"if","locations":[{"start":{"line":29,"column":4},"end":{"line":31,"column":5}},{"start":{"line":29,"column":4},"end":{"line":31,"column":5}}],"line":29},"7":{"loc":{"start":{"line":29,"column":8},"end":{"line":29,"column":104}},"type":"binary-expr","locations":[{"start":{"line":29,"column":8},"end":{"line":29,"column":38}},{"start":{"line":29,"column":42},"end":{"line":29,"column":104}}],"line":29},"8":{"loc":{"start":{"line":83,"column":4},"end":{"line":85,"column":5}},"type":"if","locations":[{"start":{"line":83,"column":4},"end":{"line":85,"column":5}},{"start":{"line":83,"column":4},"end":{"line":85,"column":5}}],"line":83},"9":{"loc":{"start":{"line":87,"column":4},"end":{"line":89,"column":5}},"type":"if","locations":[{"start":{"line":87,"column":4},"end":{"line":89,"column":5}},{"start":{"line":87,"column":4},"end":{"line":89,"column":5}}],"line":87},"10":{"loc":{"start":{"line":91,"column":4},"end":{"line":93,"column":5}},"type":"if","locations":[{"start":{"line":91,"column":4},"end":{"line":93,"column":5}},{"start":{"line":91,"column":4},"end":{"line":93,"column":5}}],"line":91},"11":{"loc":{"start":{"line":95,"column":4},"end":{"line":104,"column":5}},"type":"if","locations":[{"start":{"line":95,"column":4},"end":{"line":104,"column":5}},{"start":{"line":95,"column":4},"end":{"line":104,"column":5}}],"line":95},"12":{"loc":{"start":{"line":95,"column":8},"end":{"line":95,"column":55}},"type":"binary-expr","locations":[{"start":{"line":95,"column":8},"end":{"line":95,"column":23}},{"start":{"line":95,"column":27},"end":{"line":95,"column":55}}],"line":95},"13":{"loc":{"start":{"line":101,"column":6},"end":{"line":103,"column":7}},"type":"if","locations":[{"start":{"line":101,"column":6},"end":{"line":103,"column":7}},{"start":{"line":101,"column":6},"end":{"line":103,"column":7}}],"line":101},"14":{"loc":{"start":{"line":101,"column":10},"end":{"line":101,"column":67}},"type":"binary-expr","locations":[{"start":{"line":101,"column":10},"end":{"line":101,"column":36}},{"start":{"line":101,"column":40},"end":{"line":101,"column":67}}],"line":101}},"s":{"0":0,"1":0,"2":0,"3":0,"4":0,"5":0,"6":0,"7":0,"8":0,"9":0,"10":0,"11":0,"12":0,"13":0,"14":0,"15":0,"16":2,"17":2,"18":2,"19":1,"20":1,"21":1,"22":9,"23":9,"24":1,"25":9,"26":5,"27":9,"28":2,"29":9,"30":1,"31":1,"32":1,"33":9},"f":{"0":0,"1":0,"2":0,"3":2,"4":1,"5":9},"b":{"0":[0,0],"1":[0,0],"2":[0,0],"3":[0,0],"4":[0,0],"5":[0,0],"6":[0,0],"7":[0,0],"8":[1,8],"9":[5,4],"10":[2,7],"11":[1,8],"12":[9,8],"13":[1,0],"14":[1,0]},"_coverageSchema":"1a1c01bbd47fc00a2c39e90264f33305004495a9","hash":"95c3b939a9671baaf6f1d5c65138f91e074eb662"}
,"/Users/hu/web/http-request-mock-github/src/mocker.ts": {"path":"/Users/hu/web/http-request-mock-github/src/mocker.ts","statementMap":{"0":{"start":{"line":8,"column":4},"end":{"line":10,"column":5}},"1":{"start":{"line":9,"column":6},"end":{"line":9,"column":29}},"2":{"start":{"line":11,"column":4},"end":{"line":11,"column":27}},"3":{"start":{"line":12,"column":4},"end":{"line":12,"column":29}},"4":{"start":{"line":20,"column":4},"end":{"line":20,"column":41}},"5":{"start":{"line":21,"column":4},"end":{"line":21,"column":16}},"6":{"start":{"line":30,"column":4},"end":{"line":30,"column":35}},"7":{"start":{"line":31,"column":4},"end":{"line":31,"column":16}},"8":{"start":{"line":40,"column":4},"end":{"line":40,"column":25}},"9":{"start":{"line":41,"column":4},"end":{"line":41,"column":16}},"10":{"start":{"line":50,"column":4},"end":{"line":52,"column":5}},"11":{"start":{"line":51,"column":6},"end":{"line":51,"column":19}},"12":{"start":{"line":54,"column":4},"end":{"line":56,"column":23}},"13":{"start":{"line":58,"column":4},"end":{"line":58,"column":93}},"14":{"start":{"line":59,"column":4},"end":{"line":59,"column":102}},"15":{"start":{"line":60,"column":4},"end":{"line":60,"column":81}},"16":{"start":{"line":62,"column":16},"end":{"line":62,"column":52}},"17":{"start":{"line":63,"column":4},"end":{"line":63,"column":36}},"18":{"start":{"line":64,"column":4},"end":{"line":64,"column":20}},"19":{"start":{"line":76,"column":4},"end":{"line":76,"column":85}},"20":{"start":{"line":77,"column":4},"end":{"line":77,"column":16}},"21":{"start":{"line":89,"column":4},"end":{"line":89,"column":86}},"22":{"start":{"line":90,"column":4},"end":{"line":90,"column":16}},"23":{"start":{"line":102,"column":4},"end":{"line":102,"column":85}},"24":{"start":{"line":103,"column":4},"end":{"line":103,"column":16}},"25":{"start":{"line":115,"column":4},"end":{"line":115,"column":87}},"26":{"start":{"line":116,"column":4},"end":{"line":116,"column":16}},"27":{"start":{"line":128,"column":4},"end":{"line":128,"column":88}},"28":{"start":{"line":129,"column":4},"end":{"line":129,"column":16}},"29":{"start":{"line":141,"column":4},"end":{"line":141,"column":85}},"30":{"start":{"line":142,"column":4},"end":{"line":142,"column":16}},"31":{"start":{"line":152,"column":26},"end":{"line":152,"column":44}},"32":{"start":{"line":154,"column":4},"end":{"line":180,"column":5}},"33":{"start":{"line":155,"column":6},"end":{"line":179,"column":19}},"34":{"start":{"line":156,"column":21},"end":{"line":156,"column":45}},"35":{"start":{"line":157,"column":8},"end":{"line":159,"column":9}},"36":{"start":{"line":158,"column":10},"end":{"line":158,"column":19}},"37":{"start":{"line":161,"column":23},"end":{"line":161,"column":53}},"38":{"start":{"line":162,"column":8},"end":{"line":164,"column":9}},"39":{"start":{"line":163,"column":10},"end":{"line":163,"column":19}},"40":{"start":{"line":166,"column":8},"end":{"line":170,"column":9}},"41":{"start":{"line":169,"column":10},"end":{"line":169,"column":22}},"42":{"start":{"line":172,"column":8},"end":{"line":174,"column":9}},"43":{"start":{"line":173,"column":10},"end":{"line":173,"column":22}},"44":{"start":{"line":176,"column":8},"end":{"line":178,"column":9}},"45":{"start":{"line":177,"column":10},"end":{"line":177,"column":22}},"46":{"start":{"line":181,"column":4},"end":{"line":181,"column":16}}},"fnMap":{"0":{"name":"(anonymous_0)","decl":{"start":{"line":7,"column":2},"end":{"line":7,"column":3}},"loc":{"start":{"line":7,"column":16},"end":{"line":13,"column":3}},"line":7},"1":{"name":"(anonymous_1)","decl":{"start":{"line":19,"column":2},"end":{"line":19,"column":3}},"loc":{"start":{"line":19,"column":53},"end":{"line":22,"column":3}},"line":19},"2":{"name":"(anonymous_2)","decl":{"start":{"line":29,"column":2},"end":{"line":29,"column":3}},"loc":{"start":{"line":29,"column":54},"end":{"line":32,"column":3}},"line":29},"3":{"name":"(anonymous_3)","decl":{"start":{"line":39,"column":2},"end":{"line":39,"column":3}},"loc":{"start":{"line":39,"column":17},"end":{"line":42,"column":3}},"line":39},"4":{"name":"(anonymous_4)","decl":{"start":{"line":49,"column":2},"end":{"line":49,"column":3}},"loc":{"start":{"line":49,"column":38},"end":{"line":65,"column":3}},"line":49},"5":{"name":"(anonymous_5)","decl":{"start":{"line":75,"column":2},"end":{"line":75,"column":3}},"loc":{"start":{"line":75,"column":112},"end":{"line":78,"column":3}},"line":75},"6":{"name":"(anonymous_6)","decl":{"start":{"line":88,"column":2},"end":{"line":88,"column":3}},"loc":{"start":{"line":88,"column":113},"end":{"line":91,"column":3}},"line":88},"7":{"name":"(anonymous_7)","decl":{"start":{"line":101,"column":2},"end":{"line":101,"column":3}},"loc":{"start":{"line":101,"column":112},"end":{"line":104,"column":3}},"line":101},"8":{"name":"(anonymous_8)","decl":{"start":{"line":114,"column":2},"end":{"line":114,"column":3}},"loc":{"start":{"line":114,"column":114},"end":{"line":117,"column":3}},"line":114},"9":{"name":"(anonymous_9)","decl":{"start":{"line":127,"column":2},"end":{"line":127,"column":3}},"loc":{"start":{"line":127,"column":115},"end":{"line":130,"column":3}},"line":127},"10":{"name":"(anonymous_10)","decl":{"start":{"line":140,"column":2},"end":{"line":140,"column":3}},"loc":{"start":{"line":140,"column":112},"end":{"line":143,"column":3}},"line":140},"11":{"name":"(anonymous_11)","decl":{"start":{"line":151,"column":2},"end":{"line":151,"column":3}},"loc":{"start":{"line":151,"column":91},"end":{"line":182,"column":3}},"line":151}},"branchMap":{"0":{"loc":{"start":{"line":8,"column":4},"end":{"line":10,"column":5}},"type":"if","locations":[{"start":{"line":8,"column":4},"end":{"line":10,"column":5}},{"start":{"line":8,"column":4},"end":{"line":10,"column":5}}],"line":8},"1":{"loc":{"start":{"line":50,"column":4},"end":{"line":52,"column":5}},"type":"if","locations":[{"start":{"line":50,"column":4},"end":{"line":52,"column":5}},{"start":{"line":50,"column":4},"end":{"line":52,"column":5}}],"line":50},"2":{"loc":{"start":{"line":50,"column":8},"end":{"line":50,"column":96}},"type":"binary-expr","locations":[{"start":{"line":50,"column":8},"end":{"line":50,"column":21}},{"start":{"line":50,"column":26},"end":{"line":50,"column":58}},{"start":{"line":50,"column":62},"end":{"line":50,"column":95}}],"line":50},"3":{"loc":{"start":{"line":54,"column":22},"end":{"line":56,"column":22}},"type":"cond-expr","locations":[{"start":{"line":55,"column":8},"end":{"line":55,"column":32}},{"start":{"line":56,"column":8},"end":{"line":56,"column":22}}],"line":54},"4":{"loc":{"start":{"line":54,"column":64},"end":{"line":54,"column":85}},"type":"binary-expr","locations":[{"start":{"line":54,"column":64},"end":{"line":54,"column":79}},{"start":{"line":54,"column":83},"end":{"line":54,"column":85}}],"line":54},"5":{"loc":{"start":{"line":58,"column":21},"end":{"line":58,"column":92}},"type":"cond-expr","locations":[{"start":{"line":58,"column":52},"end":{"line":58,"column":53}},{"start":{"line":58,"column":56},"end":{"line":58,"column":92}}],"line":58},"6":{"loc":{"start":{"line":59,"column":22},"end":{"line":59,"column":101}},"type":"cond-expr","locations":[{"start":{"line":59,"column":71},"end":{"line":59,"column":95}},{"start":{"line":59,"column":98},"end":{"line":59,"column":101}}],"line":59},"7":{"loc":{"start":{"line":60,"column":22},"end":{"line":60,"column":80}},"type":"cond-expr","locations":[{"start":{"line":60,"column":60},"end":{"line":60,"column":75}},{"start":{"line":60,"column":78},"end":{"line":60,"column":80}}],"line":60},"8":{"loc":{"start":{"line":75,"column":50},"end":{"line":75,"column":67}},"type":"default-arg","locations":[{"start":{"line":75,"column":66},"end":{"line":75,"column":67}}],"line":75},"9":{"loc":{"start":{"line":75,"column":69},"end":{"line":75,"column":89}},"type":"default-arg","locations":[{"start":{"line":75,"column":86},"end":{"line":75,"column":89}}],"line":75},"10":{"loc":{"start":{"line":75,"column":91},"end":{"line":75,"column":110}},"type":"default-arg","locations":[{"start":{"line":75,"column":108},"end":{"line":75,"column":110}}],"line":75},"11":{"loc":{"start":{"line":88,"column":51},"end":{"line":88,"column":68}},"type":"default-arg","locations":[{"start":{"line":88,"column":67},"end":{"line":88,"column":68}}],"line":88},"12":{"loc":{"start":{"line":88,"column":70},"end":{"line":88,"column":90}},"type":"default-arg","locations":[{"start":{"line":88,"column":87},"end":{"line":88,"column":90}}],"line":88},"13":{"loc":{"start":{"line":88,"column":92},"end":{"line":88,"column":111}},"type":"default-arg","locations":[{"start":{"line":88,"column":109},"end":{"line":88,"column":111}}],"line":88},"14":{"loc":{"start":{"line":101,"column":50},"end":{"line":101,"column":67}},"type":"default-arg","locations":[{"start":{"line":101,"column":66},"end":{"line":101,"column":67}}],"line":101},"15":{"loc":{"start":{"line":101,"column":69},"end":{"line":101,"column":89}},"type":"default-arg","locations":[{"start":{"line":101,"column":86},"end":{"line":101,"column":89}}],"line":101},"16":{"loc":{"start":{"line":101,"column":91},"end":{"line":101,"column":110}},"type":"default-arg","locations":[{"start":{"line":101,"column":108},"end":{"line":101,"column":110}}],"line":101},"17":{"loc":{"start":{"line":114,"column":52},"end":{"line":114,"column":69}},"type":"default-arg","locations":[{"start":{"line":114,"column":68},"end":{"line":114,"column":69}}],"line":114},"18":{"loc":{"start":{"line":114,"column":71},"end":{"line":114,"column":91}},"type":"default-arg","locations":[{"start":{"line":114,"column":88},"end":{"line":114,"column":91}}],"line":114},"19":{"loc":{"start":{"line":114,"column":93},"end":{"line":114,"column":112}},"type":"default-arg","locations":[{"start":{"line":114,"column":110},"end":{"line":114,"column":112}}],"line":114},"20":{"loc":{"start":{"line":127,"column":53},"end":{"line":127,"column":70}},"type":"default-arg","locations":[{"start":{"line":127,"column":69},"end":{"line":127,"column":70}}],"line":127},"21":{"loc":{"start":{"line":127,"column":72},"end":{"line":127,"column":92}},"type":"default-arg","locations":[{"start":{"line":127,"column":89},"end":{"line":127,"column":92}}],"line":127},"22":{"loc":{"start":{"line":127,"column":94},"end":{"line":127,"column":113}},"type":"default-arg","locations":[{"start":{"line":127,"column":111},"end":{"line":127,"column":113}}],"line":127},"23":{"loc":{"start":{"line":140,"column":50},"end":{"line":140,"column":67}},"type":"default-arg","locations":[{"start":{"line":140,"column":66},"end":{"line":140,"column":67}}],"line":140},"24":{"loc":{"start":{"line":140,"column":69},"end":{"line":140,"column":89}},"type":"default-arg","locations":[{"start":{"line":140,"column":86},"end":{"line":140,"column":89}}],"line":140},"25":{"loc":{"start":{"line":140,"column":91},"end":{"line":140,"column":110}},"type":"default-arg","locations":[{"start":{"line":140,"column":108},"end":{"line":140,"column":110}}],"line":140},"26":{"loc":{"start":{"line":152,"column":26},"end":{"line":152,"column":44}},"type":"binary-expr","locations":[{"start":{"line":152,"column":26},"end":{"line":152,"column":35}},{"start":{"line":152,"column":39},"end":{"line":152,"column":44}}],"line":152},"27":{"loc":{"start":{"line":157,"column":8},"end":{"line":159,"column":9}},"type":"if","locations":[{"start":{"line":157,"column":8},"end":{"line":159,"column":9}},{"start":{"line":157,"column":8},"end":{"line":159,"column":9}}],"line":157},"28":{"loc":{"start":{"line":162,"column":8},"end":{"line":164,"column":9}},"type":"if","locations":[{"start":{"line":162,"column":8},"end":{"line":164,"column":9}},{"start":{"line":162,"column":8},"end":{"line":164,"column":9}}],"line":162},"29":{"loc":{"start":{"line":162,"column":12},"end":{"line":162,"column":75}},"type":"binary-expr","locations":[{"start":{"line":162,"column":12},"end":{"line":162,"column":28}},{"start":{"line":162,"column":32},"end":{"line":162,"column":75}}],"line":162},"30":{"loc":{"start":{"line":166,"column":8},"end":{"line":170,"column":9}},"type":"if","locations":[{"start":{"line":166,"column":8},"end":{"line":170,"column":9}},{"start":{"line":166,"column":8},"end":{"line":170,"column":9}}],"line":166},"31":{"loc":{"start":{"line":166,"column":12},"end":{"line":167,"column":68}},"type":"binary-expr","locations":[{"start":{"line":166,"column":12},"end":{"line":166,"column":38}},{"start":{"line":166,"column":42},"end":{"line":166,"column":66}},{"start":{"line":167,"column":13},"end":{"line":167,"column":68}}],"line":166},"32":{"loc":{"start":{"line":172,"column":8},"end":{"line":174,"column":9}},"type":"if","locations":[{"start":{"line":172,"column":8},"end":{"line":174,"column":9}},{"start":{"line":172,"column":8},"end":{"line":174,"column":9}}],"line":172},"33":{"loc":{"start":{"line":172,"column":12},"end":{"line":172,"column":65}},"type":"binary-expr","locations":[{"start":{"line":172,"column":13},"end":{"line":172,"column":39}},{"start":{"line":172,"column":44},"end":{"line":172,"column":65}}],"line":172},"34":{"loc":{"start":{"line":176,"column":8},"end":{"line":178,"column":9}},"type":"if","locations":[{"start":{"line":176,"column":8},"end":{"line":178,"column":9}},{"start":{"line":176,"column":8},"end":{"line":178,"column":9}}],"line":176}},"s":{"0":12,"1":0,"2":12,"3":12,"4":0,"5":0,"6":233,"7":233,"8":0,"9":0,"10":233,"11":0,"12":233,"13":233,"14":233,"15":233,"16":233,"17":233,"18":233,"19":22,"20":22,"21":22,"22":22,"23":11,"24":11,"25":11,"26":11,"27":11,"28":11,"29":44,"30":44,"31":270,"32":270,"33":2821,"34":2821,"35":2821,"36":0,"37":2821,"38":2821,"39":1366,"40":1455,"41":0,"42":1455,"43":11,"44":1444,"45":256,"46":3},"f":{"0":12,"1":0,"2":233,"3":0,"4":233,"5":22,"6":22,"7":11,"8":11,"9":11,"10":44,"11":270},"b":{"0":[0,12],"1":[0,233],"2":[233,233,11],"3":[209,24],"4":[233,24],"5":[101,132],"6":[132,101],"7":[135,98],"8":[22],"9":[22],"10":[22],"11":[22],"12":[22],"13":[22],"14":[11],"15":[11],"16":[11],"17":[11],"18":[11],"19":[11],"20":[11],"21":[11],"22":[11],"23":[35],"24":[35],"25":[35],"26":[270,0],"27":[0,2821],"28":[1366,1455],"29":[2821,1918],"30":[0,1455],"31":[1455,0,0],"32":[11,1444],"33":[1455,222],"34":[256,1188]},"_coverageSchema":"1a1c01bbd47fc00a2c39e90264f33305004495a9","hash":"cf0bc169c9755df18b8214c31952b5e9455974a9"}
,"/Users/hu/web/http-request-mock-github/src/fake/xhr.ts": {"path":"/Users/hu/web/http-request-mock-github/src/fake/xhr.ts","statementMap":{"0":{"start":{"line":14,"column":4},"end":{"line":14,"column":13}},"1":{"start":{"line":18,"column":4},"end":{"line":18,"column":15}},"2":{"start":{"line":22,"column":4},"end":{"line":22,"column":14}},"3":{"start":{"line":26,"column":4},"end":{"line":26,"column":14}},"4":{"start":{"line":30,"column":4},"end":{"line":30,"column":14}},"5":{"start":{"line":34,"column":4},"end":{"line":34,"column":14}},"6":{"start":{"line":38,"column":4},"end":{"line":38,"column":14}}},"fnMap":{"0":{"name":"(anonymous_0)","decl":{"start":{"line":4,"column":2},"end":{"line":4,"column":3}},"loc":{"start":{"line":4,"column":9},"end":{"line":4,"column":11}},"line":4},"1":{"name":"(anonymous_1)","decl":{"start":{"line":5,"column":2},"end":{"line":5,"column":3}},"loc":{"start":{"line":5,"column":9},"end":{"line":5,"column":11}},"line":5},"2":{"name":"(anonymous_2)","decl":{"start":{"line":6,"column":2},"end":{"line":6,"column":3}},"loc":{"start":{"line":6,"column":21},"end":{"line":6,"column":23}},"line":6},"3":{"name":"(anonymous_3)","decl":{"start":{"line":7,"column":2},"end":{"line":7,"column":3}},"loc":{"start":{"line":7,"column":23},"end":{"line":7,"column":25}},"line":7},"4":{"name":"(anonymous_4)","decl":{"start":{"line":8,"column":2},"end":{"line":8,"column":3}},"loc":{"start":{"line":8,"column":9},"end":{"line":8,"column":11}},"line":8},"5":{"name":"(anonymous_5)","decl":{"start":{"line":9,"column":2},"end":{"line":9,"column":3}},"loc":{"start":{"line":9,"column":12},"end":{"line":9,"column":14}},"line":9},"6":{"name":"(anonymous_6)","decl":{"start":{"line":10,"column":2},"end":{"line":10,"column":3}},"loc":{"start":{"line":10,"column":26},"end":{"line":10,"column":28}},"line":10},"7":{"name":"(anonymous_7)","decl":{"start":{"line":11,"column":2},"end":{"line":11,"column":3}},"loc":{"start":{"line":11,"column":22},"end":{"line":11,"column":24}},"line":11},"8":{"name":"(anonymous_8)","decl":{"start":{"line":13,"column":2},"end":{"line":13,"column":3}},"loc":{"start":{"line":13,"column":19},"end":{"line":15,"column":3}},"line":13},"9":{"name":"(anonymous_9)","decl":{"start":{"line":17,"column":2},"end":{"line":17,"column":3}},"loc":{"start":{"line":17,"column":15},"end":{"line":19,"column":3}},"line":17},"10":{"name":"(anonymous_10)","decl":{"start":{"line":21,"column":2},"end":{"line":21,"column":3}},"loc":{"start":{"line":21,"column":19},"end":{"line":23,"column":3}},"line":21},"11":{"name":"(anonymous_11)","decl":{"start":{"line":25,"column":2},"end":{"line":25,"column":3}},"loc":{"start":{"line":25,"column":17},"end":{"line":27,"column":3}},"line":25},"12":{"name":"(anonymous_12)","decl":{"start":{"line":29,"column":2},"end":{"line":29,"column":3}},"loc":{"start":{"line":29,"column":21},"end":{"line":31,"column":3}},"line":29},"13":{"name":"(anonymous_13)","decl":{"start":{"line":33,"column":2},"end":{"line":33,"column":3}},"loc":{"start":{"line":33,"column":20},"end":{"line":35,"column":3}},"line":33},"14":{"name":"(anonymous_14)","decl":{"start":{"line":37,"column":2},"end":{"line":37,"column":3}},"loc":{"start":{"line":37,"column":20},"end":{"line":39,"column":3}},"line":37}},"branchMap":{},"s":{"0":0,"1":0,"2":0,"3":0,"4":0,"5":0,"6":0},"f":{"0":0,"1":0,"2":0,"3":0,"4":0,"5":0,"6":0,"7":0,"8":0,"9":0,"10":0,"11":0,"12":0,"13":0,"14":0},"b":{},"_coverageSchema":"1a1c01bbd47fc00a2c39e90264f33305004495a9","hash":"d6f8ebc44127f49ba22aa284b9bdce35e68a6954"}
,"/Users/hu/web/http-request-mock-github/src/inteceptor/base.ts": {"path":"/Users/hu/web/http-request-mock-github/src/inteceptor/base.ts","statementMap":{"0":{"start":{"line":12,"column":4},"end":{"line":12,"column":25}},"1":{"start":{"line":13,"column":4},"end":{"line":13,"column":45}},"2":{"start":{"line":21,"column":4},"end":{"line":21,"column":105}},"3":{"start":{"line":28,"column":4},"end":{"line":34,"column":5}},"4":{"start":{"line":29,"column":6},"end":{"line":29,"column":20}},"5":{"start":{"line":30,"column":11},"end":{"line":34,"column":5}},"6":{"start":{"line":31,"column":6},"end":{"line":31,"column":20}},"7":{"start":{"line":32,"column":11},"end":{"line":34,"column":5}},"8":{"start":{"line":33,"column":6},"end":{"line":33,"column":18}},"9":{"start":{"line":35,"column":4},"end":{"line":35,"column":52}},"10":{"start":{"line":45,"column":4},"end":{"line":45,"column":56}},"11":{"start":{"line":53,"column":4},"end":{"line":63,"column":11}},"12":{"start":{"line":59,"column":24},"end":{"line":59,"column":39}},"13":{"start":{"line":60,"column":10},"end":{"line":60,"column":36}},"14":{"start":{"line":61,"column":10},"end":{"line":61,"column":21}},"15":{"start":{"line":71,"column":4},"end":{"line":71,"column":69}}},"fnMap":{"0":{"name":"(anonymous_0)","decl":{"start":{"line":11,"column":2},"end":{"line":11,"column":3}},"loc":{"start":{"line":11,"column":30},"end":{"line":14,"column":3}},"line":11},"1":{"name":"(anonymous_1)","decl":{"start":{"line":20,"column":2},"end":{"line":20,"column":3}},"loc":{"start":{"line":20,"column":38},"end":{"line":22,"column":3}},"line":20},"2":{"name":"(anonymous_2)","decl":{"start":{"line":27,"column":2},"end":{"line":27,"column":3}},"loc":{"start":{"line":27,"column":34},"end":{"line":36,"column":3}},"line":27},"3":{"name":"(anonymous_3)","decl":{"start":{"line":44,"column":2},"end":{"line":44,"column":3}},"loc":{"start":{"line":44,"column":97},"end":{"line":46,"column":3}},"line":44},"4":{"name":"(anonymous_4)","decl":{"start":{"line":52,"column":2},"end":{"line":52,"column":3}},"loc":{"start":{"line":52,"column":44},"end":{"line":64,"column":3}},"line":52},"5":{"name":"(anonymous_5)","decl":{"start":{"line":58,"column":16},"end":{"line":58,"column":17}},"loc":{"start":{"line":58,"column":47},"end":{"line":62,"column":9}},"line":58},"6":{"name":"(anonymous_6)","decl":{"start":{"line":70,"column":2},"end":{"line":70,"column":3}},"loc":{"start":{"line":70,"column":31},"end":{"line":72,"column":3}},"line":70}},"branchMap":{"0":{"loc":{"start":{"line":28,"column":4},"end":{"line":34,"column":5}},"type":"if","locations":[{"start":{"line":28,"column":4},"end":{"line":34,"column":5}},{"start":{"line":28,"column":4},"end":{"line":34,"column":5}}],"line":28},"1":{"loc":{"start":{"line":30,"column":11},"end":{"line":34,"column":5}},"type":"if","locations":[{"start":{"line":30,"column":11},"end":{"line":34,"column":5}},{"start":{"line":30,"column":11},"end":{"line":34,"column":5}}],"line":30},"2":{"loc":{"start":{"line":32,"column":11},"end":{"line":34,"column":5}},"type":"if","locations":[{"start":{"line":32,"column":11},"end":{"line":34,"column":5}},{"start":{"line":32,"column":11},"end":{"line":34,"column":5}}],"line":32},"3":{"loc":{"start":{"line":53,"column":11},"end":{"line":63,"column":10}},"type":"cond-expr","locations":[{"start":{"line":54,"column":8},"end":{"line":62,"column":14}},{"start":{"line":63,"column":8},"end":{"line":63,"column":10}}],"line":53},"4":{"loc":{"start":{"line":60,"column":20},"end":{"line":60,"column":27}},"type":"binary-expr","locations":[{"start":{"line":60,"column":20},"end":{"line":60,"column":21}},{"start":{"line":60,"column":25},"end":{"line":60,"column":27}}],"line":60}},"s":{"0":13,"1":13,"2":3,"3":22,"4":22,"5":0,"6":0,"7":0,"8":0,"9":0,"10":270,"11":197,"12":24,"13":24,"14":24,"15":71},"f":{"0":13,"1":3,"2":22,"3":270,"4":197,"5":24,"6":71},"b":{"0":[22,0],"1":[0,0],"2":[0,0],"3":[16,181],"4":[24,0]},"_coverageSchema":"1a1c01bbd47fc00a2c39e90264f33305004495a9","hash":"df5515e77f6e7c7d3ea3da19e0ebd4778883c631"}
,"/Users/hu/web/http-request-mock-github/src/inteceptor/fetch.ts": {"path":"/Users/hu/web/http-request-mock-github/src/inteceptor/fetch.ts","statementMap":{"0":{"start":{"line":11,"column":4},"end":{"line":11,"column":18}},"1":{"start":{"line":13,"column":4},"end":{"line":15,"column":5}},"2":{"start":{"line":14,"column":6},"end":{"line":14,"column":39}},"3":{"start":{"line":17,"column":4},"end":{"line":17,"column":37}},"4":{"start":{"line":18,"column":4},"end":{"line":18,"column":53}},"5":{"start":{"line":19,"column":4},"end":{"line":19,"column":21}},"6":{"start":{"line":21,"column":4},"end":{"line":21,"column":16}},"7":{"start":{"line":29,"column":19},"end":{"line":29,"column":35}},"8":{"start":{"line":30,"column":4},"end":{"line":32,"column":5}},"9":{"start":{"line":31,"column":6},"end":{"line":31,"column":35}},"10":{"start":{"line":33,"column":4},"end":{"line":33,"column":40}},"11":{"start":{"line":41,"column":15},"end":{"line":41,"column":19}},"12":{"start":{"line":42,"column":4},"end":{"line":70,"column":6}},"13":{"start":{"line":43,"column":19},"end":{"line":43,"column":44}},"14":{"start":{"line":49,"column":6},"end":{"line":55,"column":7}},"15":{"start":{"line":50,"column":8},"end":{"line":50,"column":32}},"16":{"start":{"line":51,"column":8},"end":{"line":51,"column":25}},"17":{"start":{"line":53,"column":8},"end":{"line":53,"column":22}},"18":{"start":{"line":54,"column":8},"end":{"line":54,"column":25}},"19":{"start":{"line":57,"column":21},"end":{"line":57,"column":68}},"20":{"start":{"line":59,"column":6},"end":{"line":69,"column":9}},"21":{"start":{"line":60,"column":43},"end":{"line":60,"column":75}},"22":{"start":{"line":61,"column":8},"end":{"line":68,"column":9}},"23":{"start":{"line":62,"column":30},"end":{"line":62,"column":74}},"24":{"start":{"line":63,"column":10},"end":{"line":63,"column":47}},"25":{"start":{"line":65,"column":10},"end":{"line":65,"column":56}},"26":{"start":{"line":67,"column":10},"end":{"line":67,"column":56}},"27":{"start":{"line":71,"column":4},"end":{"line":71,"column":16}},"28":{"start":{"line":81,"column":4},"end":{"line":87,"column":5}},"29":{"start":{"line":82,"column":6},"end":{"line":85,"column":9}},"30":{"start":{"line":83,"column":29},"end":{"line":83,"column":83}},"31":{"start":{"line":84,"column":8},"end":{"line":84,"column":58}},"32":{"start":{"line":86,"column":6},"end":{"line":86,"column":13}},"33":{"start":{"line":89,"column":25},"end":{"line":89,"column":81}},"34":{"start":{"line":90,"column":4},"end":{"line":90,"column":54}},"35":{"start":{"line":100,"column":4},"end":{"line":109,"column":5}},"36":{"start":{"line":101,"column":6},"end":{"line":107,"column":7}},"37":{"start":{"line":102,"column":8},"end":{"line":104,"column":25}},"38":{"start":{"line":103,"column":10},"end":{"line":103,"column":28}},"39":{"start":{"line":106,"column":8},"end":{"line":106,"column":26}},"40":{"start":{"line":108,"column":6},"end":{"line":108,"column":13}},"41":{"start":{"line":120,"column":17},"end":{"line":120,"column":112}},"42":{"start":{"line":121,"column":19},"end":{"line":121,"column":38}},"43":{"start":{"line":122,"column":23},"end":{"line":122,"column":52}},"44":{"start":{"line":124,"column":20},"end":{"line":126,"column":64}},"45":{"start":{"line":128,"column":17},"end":{"line":130,"column":12}},"46":{"start":{"line":132,"column":4},"end":{"line":136,"column":5}},"47":{"start":{"line":133,"column":23},"end":{"line":133,"column":73}},"48":{"start":{"line":134,"column":6},"end":{"line":134,"column":73}},"49":{"start":{"line":135,"column":6},"end":{"line":135,"column":22}},"50":{"start":{"line":138,"column":21},"end":{"line":158,"column":5}},"51":{"start":{"line":149,"column":18},"end":{"line":149,"column":39}},"52":{"start":{"line":150,"column":25},"end":{"line":150,"column":46}},"53":{"start":{"line":151,"column":18},"end":{"line":151,"column":39}},"54":{"start":{"line":152,"column":22},"end":{"line":152,"column":43}},"55":{"start":{"line":153,"column":18},"end":{"line":153,"column":89}},"56":{"start":{"line":155,"column":19},"end":{"line":155,"column":27}},"57":{"start":{"line":156,"column":19},"end":{"line":156,"column":27}},"58":{"start":{"line":157,"column":22},"end":{"line":157,"column":30}},"59":{"start":{"line":159,"column":4},"end":{"line":159,"column":20}}},"fnMap":{"0":{"name":"(anonymous_0)","decl":{"start":{"line":10,"column":2},"end":{"line":10,"column":3}},"loc":{"start":{"line":10,"column":30},"end":{"line":22,"column":3}},"line":10},"1":{"name":"(anonymous_1)","decl":{"start":{"line":28,"column":2},"end":{"line":28,"column":3}},"loc":{"start":{"line":28,"column":42},"end":{"line":34,"column":3}},"line":28},"2":{"name":"(anonymous_2)","decl":{"start":{"line":31,"column":21},"end":{"line":31,"column":22}},"loc":{"start":{"line":31,"column":32},"end":{"line":31,"column":34}},"line":31},"3":{"name":"(anonymous_3)","decl":{"start":{"line":40,"column":2},"end":{"line":40,"column":3}},"loc":{"start":{"line":40,"column":22},"end":{"line":72,"column":3}},"line":40},"4":{"name":"(anonymous_4)","decl":{"start":{"line":42,"column":24},"end":{"line":42,"column":25}},"loc":{"start":{"line":42,"column":35},"end":{"line":70,"column":5}},"line":42},"5":{"name":"(anonymous_5)","decl":{"start":{"line":59,"column":25},"end":{"line":59,"column":26}},"loc":{"start":{"line":59,"column":46},"end":{"line":69,"column":7}},"line":59},"6":{"name":"(anonymous_6)","decl":{"start":{"line":80,"column":2},"end":{"line":80,"column":3}},"loc":{"start":{"line":80,"column":95},"end":{"line":91,"column":3}},"line":80},"7":{"name":"(anonymous_7)","decl":{"start":{"line":82,"column":63},"end":{"line":82,"column":64}},"loc":{"start":{"line":82,"column":73},"end":{"line":85,"column":7}},"line":82},"8":{"name":"(anonymous_8)","decl":{"start":{"line":99,"column":2},"end":{"line":99,"column":3}},"loc":{"start":{"line":99,"column":80},"end":{"line":110,"column":3}},"line":99},"9":{"name":"(anonymous_9)","decl":{"start":{"line":102,"column":19},"end":{"line":102,"column":20}},"loc":{"start":{"line":102,"column":25},"end":{"line":104,"column":9}},"line":102},"10":{"name":"(anonymous_10)","decl":{"start":{"line":119,"column":2},"end":{"line":119,"column":3}},"loc":{"start":{"line":119,"column":95},"end":{"line":160,"column":3}},"line":119},"11":{"name":"(anonymous_11)","decl":{"start":{"line":149,"column":12},"end":{"line":149,"column":13}},"loc":{"start":{"line":149,"column":18},"end":{"line":149,"column":39}},"line":149},"12":{"name":"(anonymous_12)","decl":{"start":{"line":150,"column":19},"end":{"line":150,"column":20}},"loc":{"start":{"line":150,"column":25},"end":{"line":150,"column":46}},"line":150},"13":{"name":"(anonymous_13)","decl":{"start":{"line":151,"column":12},"end":{"line":151,"column":13}},"loc":{"start":{"line":151,"column":18},"end":{"line":151,"column":39}},"line":151},"14":{"name":"(anonymous_14)","decl":{"start":{"line":152,"column":16},"end":{"line":152,"column":17}},"loc":{"start":{"line":152,"column":22},"end":{"line":152,"column":43}},"line":152},"15":{"name":"(anonymous_15)","decl":{"start":{"line":153,"column":12},"end":{"line":153,"column":13}},"loc":{"start":{"line":153,"column":18},"end":{"line":153,"column":89}},"line":153},"16":{"name":"(anonymous_16)","decl":{"start":{"line":155,"column":13},"end":{"line":155,"column":14}},"loc":{"start":{"line":155,"column":19},"end":{"line":155,"column":27}},"line":155},"17":{"name":"(anonymous_17)","decl":{"start":{"line":156,"column":13},"end":{"line":156,"column":14}},"loc":{"start":{"line":156,"column":19},"end":{"line":156,"column":27}},"line":156},"18":{"name":"(anonymous_18)","decl":{"start":{"line":157,"column":16},"end":{"line":157,"column":17}},"loc":{"start":{"line":157,"column":22},"end":{"line":157,"column":30}},"line":157}},"branchMap":{"0":{"loc":{"start":{"line":13,"column":4},"end":{"line":15,"column":5}},"type":"if","locations":[{"start":{"line":13,"column":4},"end":{"line":15,"column":5}},{"start":{"line":13,"column":4},"end":{"line":15,"column":5}}],"line":13},"1":{"loc":{"start":{"line":30,"column":4},"end":{"line":32,"column":5}},"type":"if","locations":[{"start":{"line":30,"column":4},"end":{"line":32,"column":5}},{"start":{"line":30,"column":4},"end":{"line":32,"column":5}}],"line":30},"2":{"loc":{"start":{"line":49,"column":6},"end":{"line":55,"column":7}},"type":"if","locations":[{"start":{"line":49,"column":6},"end":{"line":55,"column":7}},{"start":{"line":49,"column":6},"end":{"line":55,"column":7}}],"line":49},"3":{"loc":{"start":{"line":50,"column":14},"end":{"line":50,"column":31}},"type":"binary-expr","locations":[{"start":{"line":50,"column":14},"end":{"line":50,"column":25}},{"start":{"line":50,"column":29},"end":{"line":50,"column":31}}],"line":50},"4":{"loc":{"start":{"line":57,"column":21},"end":{"line":57,"column":68}},"type":"cond-expr","locations":[{"start":{"line":57,"column":47},"end":{"line":57,"column":60}},{"start":{"line":57,"column":63},"end":{"line":57,"column":68}}],"line":57},"5":{"loc":{"start":{"line":57,"column":21},"end":{"line":57,"column":44}},"type":"binary-expr","locations":[{"start":{"line":57,"column":21},"end":{"line":57,"column":27}},{"start":{"line":57,"column":31},"end":{"line":57,"column":44}}],"line":57},"6":{"loc":{"start":{"line":61,"column":8},"end":{"line":68,"column":9}},"type":"if","locations":[{"start":{"line":61,"column":8},"end":{"line":68,"column":9}},{"start":{"line":61,"column":8},"end":{"line":68,"column":9}}],"line":61},"7":{"loc":{"start":{"line":81,"column":4},"end":{"line":87,"column":5}},"type":"if","locations":[{"start":{"line":81,"column":4},"end":{"line":87,"column":5}},{"start":{"line":81,"column":4},"end":{"line":87,"column":5}}],"line":81},"8":{"loc":{"start":{"line":100,"column":4},"end":{"line":109,"column":5}},"type":"if","locations":[{"start":{"line":100,"column":4},"end":{"line":109,"column":5}},{"start":{"line":100,"column":4},"end":{"line":109,"column":5}}],"line":100},"9":{"loc":{"start":{"line":101,"column":6},"end":{"line":107,"column":7}},"type":"if","locations":[{"start":{"line":101,"column":6},"end":{"line":107,"column":7}},{"start":{"line":101,"column":6},"end":{"line":107,"column":7}}],"line":101},"10":{"loc":{"start":{"line":101,"column":10},"end":{"line":101,"column":40}},"type":"binary-expr","locations":[{"start":{"line":101,"column":10},"end":{"line":101,"column":21}},{"start":{"line":101,"column":25},"end":{"line":101,"column":40}}],"line":101},"11":{"loc":{"start":{"line":120,"column":17},"end":{"line":120,"column":112}},"type":"cond-expr","locations":[{"start":{"line":120,"column":60},"end":{"line":120,"column":91}},{"start":{"line":120,"column":94},"end":{"line":120,"column":112}}],"line":120},"12":{"loc":{"start":{"line":121,"column":19},"end":{"line":121,"column":38}},"type":"binary-expr","locations":[{"start":{"line":121,"column":19},"end":{"line":121,"column":31}},{"start":{"line":121,"column":35},"end":{"line":121,"column":38}}],"line":121},"13":{"loc":{"start":{"line":122,"column":23},"end":{"line":122,"column":52}},"type":"binary-expr","locations":[{"start":{"line":122,"column":23},"end":{"line":122,"column":46}},{"start":{"line":122,"column":50},"end":{"line":122,"column":52}}],"line":122},"14":{"loc":{"start":{"line":124,"column":20},"end":{"line":126,"column":64}},"type":"cond-expr","locations":[{"start":{"line":125,"column":8},"end":{"line":125,"column":77}},{"start":{"line":126,"column":8},"end":{"line":126,"column":64}}],"line":124},"15":{"loc":{"start":{"line":128,"column":17},"end":{"line":130,"column":12}},"type":"cond-expr","locations":[{"start":{"line":129,"column":8},"end":{"line":129,"column":74}},{"start":{"line":130,"column":8},"end":{"line":130,"column":12}}],"line":128},"16":{"loc":{"start":{"line":129,"column":18},"end":{"line":129,"column":72}},"type":"cond-expr","locations":[{"start":{"line":129,"column":45},"end":{"line":129,"column":49}},{"start":{"line":129,"column":52},"end":{"line":129,"column":72}}],"line":129},"17":{"loc":{"start":{"line":132,"column":4},"end":{"line":136,"column":5}},"type":"if","locations":[{"start":{"line":132,"column":4},"end":{"line":136,"column":5}},{"start":{"line":132,"column":4},"end":{"line":136,"column":5}}],"line":132},"18":{"loc":{"start":{"line":153,"column":34},"end":{"line":153,"column":88}},"type":"cond-expr","locations":[{"start":{"line":153,"column":61},"end":{"line":153,"column":65}},{"start":{"line":153,"column":68},"end":{"line":153,"column":88}}],"line":153}},"s":{"0":3,"1":3,"2":0,"3":3,"4":3,"5":3,"6":3,"7":2,"8":2,"9":2,"10":2,"11":3,"12":3,"13":74,"14":74,"15":25,"16":25,"17":49,"18":49,"19":74,"20":74,"21":74,"22":74,"23":73,"24":73,"25":73,"26":1,"27":3,"28":73,"29":0,"30":0,"31":0,"32":0,"33":73,"34":73,"35":73,"36":73,"37":3,"38":3,"39":70,"40":73,"41":73,"42":73,"43":73,"44":73,"45":73,"46":73,"47":0,"48":0,"49":0,"50":73,"51":50,"52":0,"53":0,"54":0,"55":23,"56":0,"57":0,"58":0,"59":73},"f":{"0":3,"1":2,"2":0,"3":3,"4":74,"5":74,"6":73,"7":0,"8":73,"9":3,"10":73,"11":50,"12":0,"13":0,"14":0,"15":23,"16":0,"17":0,"18":0},"b":{"0":[0,3],"1":[2,0],"2":[25,49],"3":[25,0],"4":[74,0],"5":[74,74],"6":[73,1],"7":[0,73],"8":[73,0],"9":[3,70],"10":[73,3],"11":[9,64],"12":[73,0],"13":[73,0],"14":[73,0],"15":[73,0],"16":[57,16],"17":[0,73],"18":[19,4]},"_coverageSchema":"1a1c01bbd47fc00a2c39e90264f33305004495a9","hash":"c8881018eab506a9dec80bb41226232fb7f9bbc5"}
,"/Users/hu/web/http-request-mock-github/src/inteceptor/wx-request.ts": {"path":"/Users/hu/web/http-request-mock-github/src/inteceptor/wx-request.ts","statementMap":{"0":{"start":{"line":10,"column":4},"end":{"line":10,"column":18}},"1":{"start":{"line":12,"column":4},"end":{"line":14,"column":5}},"2":{"start":{"line":13,"column":6},"end":{"line":13,"column":43}},"3":{"start":{"line":16,"column":4},"end":{"line":16,"column":41}},"4":{"start":{"line":17,"column":4},"end":{"line":17,"column":53}},"5":{"start":{"line":18,"column":4},"end":{"line":18,"column":21}},"6":{"start":{"line":19,"column":4},"end":{"line":19,"column":16}},"7":{"start":{"line":27,"column":19},"end":{"line":27,"column":35}},"8":{"start":{"line":28,"column":4},"end":{"line":28,"column":32}},"9":{"start":{"line":29,"column":4},"end":{"line":31,"column":5}},"10":{"start":{"line":30,"column":6},"end":{"line":30,"column":40}},"11":{"start":{"line":32,"column":4},"end":{"line":32,"column":44}},"12":{"start":{"line":40,"column":4},"end":{"line":57,"column":7}},"13":{"start":{"line":45,"column":10},"end":{"line":47,"column":11}},"14":{"start":{"line":46,"column":12},"end":{"line":46,"column":19}},"15":{"start":{"line":49,"column":45},"end":{"line":49,"column":103}},"16":{"start":{"line":50,"column":10},"end":{"line":55,"column":11}},"17":{"start":{"line":51,"column":12},"end":{"line":51,"column":63}},"18":{"start":{"line":52,"column":12},"end":{"line":52,"column":51}},"19":{"start":{"line":54,"column":12},"end":{"line":54,"column":40}},"20":{"start":{"line":58,"column":4},"end":{"line":58,"column":16}},"21":{"start":{"line":67,"column":4},"end":{"line":74,"column":5}},"22":{"start":{"line":69,"column":6},"end":{"line":72,"column":9}},"23":{"start":{"line":70,"column":29},"end":{"line":70,"column":83}},"24":{"start":{"line":71,"column":8},"end":{"line":71,"column":62}},"25":{"start":{"line":73,"column":6},"end":{"line":73,"column":13}},"26":{"start":{"line":76,"column":25},"end":{"line":76,"column":81}},"27":{"start":{"line":77,"column":4},"end":{"line":77,"column":58}},"28":{"start":{"line":87,"column":4},"end":{"line":93,"column":5}},"29":{"start":{"line":88,"column":6},"end":{"line":90,"column":23}},"30":{"start":{"line":89,"column":8},"end":{"line":89,"column":55}},"31":{"start":{"line":92,"column":6},"end":{"line":92,"column":53}},"32":{"start":{"line":103,"column":17},"end":{"line":103,"column":112}},"33":{"start":{"line":106,"column":4},"end":{"line":115,"column":6}},"34":{"start":{"line":124,"column":4},"end":{"line":126,"column":5}},"35":{"start":{"line":125,"column":6},"end":{"line":125,"column":36}},"36":{"start":{"line":128,"column":4},"end":{"line":130,"column":5}},"37":{"start":{"line":129,"column":6},"end":{"line":129,"column":37}}},"fnMap":{"0":{"name":"(anonymous_0)","decl":{"start":{"line":9,"column":2},"end":{"line":9,"column":3}},"loc":{"start":{"line":9,"column":30},"end":{"line":20,"column":3}},"line":9},"1":{"name":"(anonymous_1)","decl":{"start":{"line":26,"column":2},"end":{"line":26,"column":3}},"loc":{"start":{"line":26,"column":42},"end":{"line":33,"column":3}},"line":26},"2":{"name":"(anonymous_2)","decl":{"start":{"line":30,"column":26},"end":{"line":30,"column":27}},"loc":{"start":{"line":30,"column":37},"end":{"line":30,"column":39}},"line":30},"3":{"name":"(anonymous_3)","decl":{"start":{"line":39,"column":2},"end":{"line":39,"column":3}},"loc":{"start":{"line":39,"column":22},"end":{"line":59,"column":3}},"line":39},"4":{"name":"(anonymous_4)","decl":{"start":{"line":44,"column":15},"end":{"line":44,"column":16}},"loc":{"start":{"line":44,"column":47},"end":{"line":56,"column":9}},"line":44},"5":{"name":"(anonymous_5)","decl":{"start":{"line":66,"column":2},"end":{"line":66,"column":3}},"loc":{"start":{"line":66,"column":73},"end":{"line":78,"column":3}},"line":66},"6":{"name":"(anonymous_6)","decl":{"start":{"line":69,"column":63},"end":{"line":69,"column":64}},"loc":{"start":{"line":69,"column":73},"end":{"line":72,"column":7}},"line":69},"7":{"name":"(anonymous_7)","decl":{"start":{"line":86,"column":2},"end":{"line":86,"column":3}},"loc":{"start":{"line":86,"column":89},"end":{"line":94,"column":3}},"line":86},"8":{"name":"(anonymous_8)","decl":{"start":{"line":88,"column":17},"end":{"line":88,"column":18}},"loc":{"start":{"line":88,"column":23},"end":{"line":90,"column":7}},"line":88},"9":{"name":"(anonymous_9)","decl":{"start":{"line":102,"column":2},"end":{"line":102,"column":3}},"loc":{"start":{"line":102,"column":92},"end":{"line":116,"column":3}},"line":102},"10":{"name":"(anonymous_10)","decl":{"start":{"line":123,"column":2},"end":{"line":123,"column":3}},"loc":{"start":{"line":123,"column":73},"end":{"line":131,"column":3}},"line":123}},"branchMap":{"0":{"loc":{"start":{"line":12,"column":4},"end":{"line":14,"column":5}},"type":"if","locations":[{"start":{"line":12,"column":4},"end":{"line":14,"column":5}},{"start":{"line":12,"column":4},"end":{"line":14,"column":5}}],"line":12},"1":{"loc":{"start":{"line":28,"column":16},"end":{"line":28,"column":31}},"type":"binary-expr","locations":[{"start":{"line":28,"column":16},"end":{"line":28,"column":25}},{"start":{"line":28,"column":29},"end":{"line":28,"column":31}}],"line":28},"2":{"loc":{"start":{"line":29,"column":4},"end":{"line":31,"column":5}},"type":"if","locations":[{"start":{"line":29,"column":4},"end":{"line":31,"column":5}},{"start":{"line":29,"column":4},"end":{"line":31,"column":5}}],"line":29},"3":{"loc":{"start":{"line":45,"column":10},"end":{"line":47,"column":11}},"type":"if","locations":[{"start":{"line":45,"column":10},"end":{"line":47,"column":11}},{"start":{"line":45,"column":10},"end":{"line":47,"column":11}}],"line":45},"4":{"loc":{"start":{"line":45,"column":14},"end":{"line":45,"column":46}},"type":"binary-expr","locations":[{"start":{"line":45,"column":14},"end":{"line":45,"column":26}},{"start":{"line":45,"column":30},"end":{"line":45,"column":46}}],"line":45},"5":{"loc":{"start":{"line":50,"column":10},"end":{"line":55,"column":11}},"type":"if","locations":[{"start":{"line":50,"column":10},"end":{"line":55,"column":11}},{"start":{"line":50,"column":10},"end":{"line":55,"column":11}}],"line":50},"6":{"loc":{"start":{"line":67,"column":4},"end":{"line":74,"column":5}},"type":"if","locations":[{"start":{"line":67,"column":4},"end":{"line":74,"column":5}},{"start":{"line":67,"column":4},"end":{"line":74,"column":5}}],"line":67},"7":{"loc":{"start":{"line":87,"column":4},"end":{"line":93,"column":5}},"type":"if","locations":[{"start":{"line":87,"column":4},"end":{"line":93,"column":5}},{"start":{"line":87,"column":4},"end":{"line":93,"column":5}}],"line":87},"8":{"loc":{"start":{"line":87,"column":8},"end":{"line":87,"column":38}},"type":"binary-expr","locations":[{"start":{"line":87,"column":8},"end":{"line":87,"column":19}},{"start":{"line":87,"column":23},"end":{"line":87,"column":38}}],"line":87},"9":{"loc":{"start":{"line":103,"column":17},"end":{"line":103,"column":112}},"type":"cond-expr","locations":[{"start":{"line":103,"column":60},"end":{"line":103,"column":91}},{"start":{"line":103,"column":94},"end":{"line":103,"column":112}}],"line":103},"10":{"loc":{"start":{"line":108,"column":18},"end":{"line":108,"column":37}},"type":"binary-expr","locations":[{"start":{"line":108,"column":18},"end":{"line":108,"column":30}},{"start":{"line":108,"column":34},"end":{"line":108,"column":37}}],"line":108},"11":{"loc":{"start":{"line":124,"column":4},"end":{"line":126,"column":5}},"type":"if","locations":[{"start":{"line":124,"column":4},"end":{"line":126,"column":5}},{"start":{"line":124,"column":4},"end":{"line":126,"column":5}}],"line":124},"12":{"loc":{"start":{"line":128,"column":4},"end":{"line":130,"column":5}},"type":"if","locations":[{"start":{"line":128,"column":4},"end":{"line":130,"column":5}},{"start":{"line":128,"column":4},"end":{"line":130,"column":5}}],"line":128}},"s":{"0":1,"1":1,"2":0,"3":1,"4":1,"5":1,"6":1,"7":1,"8":1,"9":1,"10":1,"11":1,"12":1,"13":25,"14":0,"15":25,"16":25,"17":25,"18":25,"19":0,"20":1,"21":25,"22":0,"23":0,"24":0,"25":0,"26":25,"27":25,"28":25,"29":1,"30":1,"31":24,"32":25,"33":25,"34":25,"35":25,"36":25,"37":0},"f":{"0":1,"1":1,"2":0,"3":1,"4":25,"5":25,"6":0,"7":25,"8":1,"9":25,"10":25},"b":{"0":[0,1],"1":[1,1],"2":[1,0],"3":[0,25],"4":[25,25],"5":[25,0],"6":[0,25],"7":[1,24],"8":[25,1],"9":[3,22],"10":[25,0],"11":[25,0],"12":[0,25]},"_coverageSchema":"1a1c01bbd47fc00a2c39e90264f33305004495a9","hash":"cc1542a8c6429dbf1a4a3d30ecf0a49d67a55472"}
,"/Users/hu/web/http-request-mock-github/src/inteceptor/xml-http-request.ts": {"path":"/Users/hu/web/http-request-mock-github/src/inteceptor/xml-http-request.ts","statementMap":{"0":{"start":{"line":12,"column":4},"end":{"line":12,"column":18}},"1":{"start":{"line":14,"column":4},"end":{"line":16,"column":5}},"2":{"start":{"line":15,"column":6},"end":{"line":15,"column":48}},"3":{"start":{"line":18,"column":4},"end":{"line":18,"column":46}},"4":{"start":{"line":19,"column":4},"end":{"line":19,"column":52}},"5":{"start":{"line":20,"column":4},"end":{"line":20,"column":21}},"6":{"start":{"line":21,"column":4},"end":{"line":21,"column":16}},"7":{"start":{"line":29,"column":19},"end":{"line":29,"column":35}},"8":{"start":{"line":30,"column":4},"end":{"line":30,"column":72}},"9":{"start":{"line":32,"column":4},"end":{"line":32,"column":49}},"10":{"start":{"line":41,"column":4},"end":{"line":41,"column":25}},"11":{"start":{"line":42,"column":4},"end":{"line":42,"column":25}},"12":{"start":{"line":43,"column":4},"end":{"line":43,"column":37}},"13":{"start":{"line":44,"column":4},"end":{"line":44,"column":42}},"14":{"start":{"line":45,"column":4},"end":{"line":45,"column":38}},"15":{"start":{"line":48,"column":4},"end":{"line":48,"column":31}},"16":{"start":{"line":49,"column":4},"end":{"line":49,"column":27}},"17":{"start":{"line":50,"column":4},"end":{"line":50,"column":31}},"18":{"start":{"line":51,"column":4},"end":{"line":51,"column":33}},"19":{"start":{"line":52,"column":4},"end":{"line":52,"column":29}},"20":{"start":{"line":53,"column":4},"end":{"line":53,"column":32}},"21":{"start":{"line":54,"column":4},"end":{"line":54,"column":32}},"22":{"start":{"line":55,"column":4},"end":{"line":55,"column":16}},"23":{"start":{"line":63,"column":15},"end":{"line":63,"column":19}},"24":{"start":{"line":64,"column":21},"end":{"line":64,"column":34}},"25":{"start":{"line":65,"column":4},"end":{"line":87,"column":7}},"26":{"start":{"line":67,"column":8},"end":{"line":85,"column":10}},"27":{"start":{"line":74,"column":45},"end":{"line":74,"column":77}},"28":{"start":{"line":75,"column":10},"end":{"line":83,"column":11}},"29":{"start":{"line":77,"column":12},"end":{"line":77,"column":38}},"30":{"start":{"line":78,"column":12},"end":{"line":78,"column":41}},"31":{"start":{"line":79,"column":12},"end":{"line":79,"column":101}},"32":{"start":{"line":80,"column":12},"end":{"line":80,"column":57}},"33":{"start":{"line":81,"column":12},"end":{"line":81,"column":37}},"34":{"start":{"line":82,"column":12},"end":{"line":82,"column":19}},"35":{"start":{"line":84,"column":10},"end":{"line":84,"column":73}},"36":{"start":{"line":88,"column":4},"end":{"line":88,"column":16}},"37":{"start":{"line":95,"column":15},"end":{"line":95,"column":19}},"38":{"start":{"line":96,"column":21},"end":{"line":96,"column":34}},"39":{"start":{"line":97,"column":4},"end":{"line":115,"column":7}},"40":{"start":{"line":99,"column":8},"end":{"line":113,"column":10}},"41":{"start":{"line":100,"column":10},"end":{"line":111,"column":11}},"42":{"start":{"line":101,"column":12},"end":{"line":109,"column":13}},"43":{"start":{"line":102,"column":14},"end":{"line":106,"column":15}},"44":{"start":{"line":103,"column":16},"end":{"line":103,"column":60}},"45":{"start":{"line":105,"column":16},"end":{"line":105,"column":48}},"46":{"start":{"line":108,"column":14},"end":{"line":108,"column":46}},"47":{"start":{"line":110,"column":12},"end":{"line":110,"column":85}},"48":{"start":{"line":112,"column":10},"end":{"line":112,"column":43}},"49":{"start":{"line":116,"column":4},"end":{"line":116,"column":16}},"50":{"start":{"line":126,"column":4},"end":{"line":132,"column":5}},"51":{"start":{"line":127,"column":6},"end":{"line":130,"column":9}},"52":{"start":{"line":128,"column":8},"end":{"line":128,"column":75}},"53":{"start":{"line":129,"column":8},"end":{"line":129,"column":40}},"54":{"start":{"line":131,"column":6},"end":{"line":131,"column":13}},"55":{"start":{"line":134,"column":4},"end":{"line":134,"column":73}},"56":{"start":{"line":135,"column":4},"end":{"line":135,"column":36}},"57":{"start":{"line":144,"column":4},"end":{"line":150,"column":5}},"58":{"start":{"line":145,"column":6},"end":{"line":147,"column":23}},"59":{"start":{"line":146,"column":8},"end":{"line":146,"column":37}},"60":{"start":{"line":149,"column":6},"end":{"line":149,"column":35}},"61":{"start":{"line":159,"column":4},"end":{"line":159,"column":107}},"62":{"start":{"line":173,"column":4},"end":{"line":175,"column":5}},"63":{"start":{"line":174,"column":6},"end":{"line":174,"column":46}},"64":{"start":{"line":177,"column":4},"end":{"line":179,"column":5}},"65":{"start":{"line":178,"column":6},"end":{"line":178,"column":34}},"66":{"start":{"line":181,"column":4},"end":{"line":183,"column":5}},"67":{"start":{"line":182,"column":6},"end":{"line":182,"column":37}},"68":{"start":{"line":185,"column":4},"end":{"line":189,"column":5}},"69":{"start":{"line":186,"column":6},"end":{"line":186,"column":55}},"70":{"start":{"line":187,"column":6},"end":{"line":187,"column":43}},"71":{"start":{"line":188,"column":6},"end":{"line":188,"column":46}},"72":{"start":{"line":197,"column":21},"end":{"line":197,"column":51}},"73":{"start":{"line":198,"column":4},"end":{"line":209,"column":7}},"74":{"start":{"line":200,"column":8},"end":{"line":207,"column":10}},"75":{"start":{"line":201,"column":10},"end":{"line":205,"column":11}},"76":{"start":{"line":202,"column":12},"end":{"line":204,"column":28}},"77":{"start":{"line":203,"column":35},"end":{"line":203,"column":61}},"78":{"start":{"line":206,"column":10},"end":{"line":206,"column":43}},"79":{"start":{"line":210,"column":4},"end":{"line":210,"column":16}},"80":{"start":{"line":218,"column":21},"end":{"line":218,"column":47}},"81":{"start":{"line":219,"column":4},"end":{"line":232,"column":7}},"82":{"start":{"line":221,"column":8},"end":{"line":230,"column":10}},"83":{"start":{"line":222,"column":10},"end":{"line":228,"column":11}},"84":{"start":{"line":223,"column":12},"end":{"line":225,"column":13}},"85":{"start":{"line":224,"column":14},"end":{"line":224,"column":41}},"86":{"start":{"line":226,"column":25},"end":{"line":226,"column":113}},"87":{"start":{"line":226,"column":85},"end":{"line":226,"column":112}},"88":{"start":{"line":227,"column":12},"end":{"line":227,"column":41}},"89":{"start":{"line":229,"column":10},"end":{"line":229,"column":44}},"90":{"start":{"line":233,"column":4},"end":{"line":233,"column":16}},"91":{"start":{"line":240,"column":21},"end":{"line":240,"column":46}},"92":{"start":{"line":241,"column":4},"end":{"line":251,"column":7}},"93":{"start":{"line":243,"column":8},"end":{"line":249,"column":9}},"94":{"start":{"line":244,"column":10},"end":{"line":247,"column":11}},"95":{"start":{"line":245,"column":12},"end":{"line":245,"column":55}},"96":{"start":{"line":246,"column":12},"end":{"line":246,"column":19}},"97":{"start":{"line":248,"column":10},"end":{"line":248,"column":52}},"98":{"start":{"line":252,"column":4},"end":{"line":252,"column":16}},"99":{"start":{"line":260,"column":23},"end":{"line":260,"column":69}},"100":{"start":{"line":261,"column":4},"end":{"line":263,"column":5}},"101":{"start":{"line":262,"column":6},"end":{"line":262,"column":28}},"102":{"start":{"line":265,"column":4},"end":{"line":265,"column":25}},"103":{"start":{"line":272,"column":21},"end":{"line":272,"column":49}},"104":{"start":{"line":273,"column":4},"end":{"line":280,"column":7}},"105":{"start":{"line":275,"column":8},"end":{"line":277,"column":9}},"106":{"start":{"line":276,"column":10},"end":{"line":276,"column":19}},"107":{"start":{"line":278,"column":8},"end":{"line":278,"column":79}},"108":{"start":{"line":281,"column":4},"end":{"line":281,"column":16}},"109":{"start":{"line":288,"column":21},"end":{"line":288,"column":45}},"110":{"start":{"line":289,"column":4},"end":{"line":296,"column":7}},"111":{"start":{"line":291,"column":8},"end":{"line":293,"column":9}},"112":{"start":{"line":292,"column":10},"end":{"line":292,"column":52}},"113":{"start":{"line":294,"column":8},"end":{"line":294,"column":79}},"114":{"start":{"line":297,"column":4},"end":{"line":297,"column":16}},"115":{"start":{"line":304,"column":21},"end":{"line":304,"column":49}},"116":{"start":{"line":305,"column":4},"end":{"line":312,"column":7}},"117":{"start":{"line":307,"column":8},"end":{"line":309,"column":9}},"118":{"start":{"line":308,"column":10},"end":{"line":308,"column":75}},"119":{"start":{"line":310,"column":8},"end":{"line":310,"column":79}},"120":{"start":{"line":313,"column":4},"end":{"line":313,"column":16}},"121":{"start":{"line":320,"column":21},"end":{"line":320,"column":51}},"122":{"start":{"line":321,"column":4},"end":{"line":329,"column":7}},"123":{"start":{"line":323,"column":8},"end":{"line":326,"column":9}},"124":{"start":{"line":324,"column":23},"end":{"line":324,"column":40}},"125":{"start":{"line":325,"column":10},"end":{"line":325,"column":72}},"126":{"start":{"line":327,"column":8},"end":{"line":327,"column":79}},"127":{"start":{"line":330,"column":4},"end":{"line":330,"column":16}},"128":{"start":{"line":343,"column":21},"end":{"line":343,"column":47}},"129":{"start":{"line":344,"column":4},"end":{"line":386,"column":7}},"130":{"start":{"line":346,"column":8},"end":{"line":383,"column":9}},"131":{"start":{"line":347,"column":23},"end":{"line":347,"column":40}},"132":{"start":{"line":349,"column":10},"end":{"line":351,"column":11}},"133":{"start":{"line":350,"column":12},"end":{"line":350,"column":37}},"134":{"start":{"line":353,"column":10},"end":{"line":355,"column":11}},"135":{"start":{"line":354,"column":12},"end":{"line":354,"column":89}},"136":{"start":{"line":357,"column":10},"end":{"line":359,"column":11}},"137":{"start":{"line":358,"column":12},"end":{"line":358,"column":82}},"138":{"start":{"line":362,"column":10},"end":{"line":366,"column":11}},"139":{"start":{"line":363,"column":12},"end":{"line":365,"column":21}},"140":{"start":{"line":368,"column":10},"end":{"line":381,"column":11}},"141":{"start":{"line":369,"column":12},"end":{"line":371,"column":13}},"142":{"start":{"line":370,"column":14},"end":{"line":370,"column":39}},"143":{"start":{"line":372,"column":12},"end":{"line":379,"column":13}},"144":{"start":{"line":373,"column":14},"end":{"line":378,"column":15}},"145":{"start":{"line":374,"column":16},"end":{"line":374,"column":53}},"146":{"start":{"line":376,"column":16},"end":{"line":376,"column":111}},"147":{"start":{"line":377,"column":16},"end":{"line":377,"column":28}},"148":{"start":{"line":380,"column":12},"end":{"line":380,"column":24}},"149":{"start":{"line":382,"column":10},"end":{"line":382,"column":35}},"150":{"start":{"line":384,"column":8},"end":{"line":384,"column":79}},"151":{"start":{"line":387,"column":4},"end":{"line":387,"column":16}},"152":{"start":{"line":394,"column":21},"end":{"line":394,"column":50}},"153":{"start":{"line":395,"column":4},"end":{"line":402,"column":7}},"154":{"start":{"line":397,"column":8},"end":{"line":399,"column":9}},"155":{"start":{"line":398,"column":10},"end":{"line":398,"column":41}},"156":{"start":{"line":400,"column":8},"end":{"line":400,"column":79}},"157":{"start":{"line":403,"column":4},"end":{"line":403,"column":16}},"158":{"start":{"line":410,"column":21},"end":{"line":410,"column":50}},"159":{"start":{"line":411,"column":4},"end":{"line":418,"column":7}},"160":{"start":{"line":413,"column":8},"end":{"line":415,"column":9}},"161":{"start":{"line":414,"column":10},"end":{"line":414,"column":73}},"162":{"start":{"line":416,"column":8},"end":{"line":416,"column":79}},"163":{"start":{"line":419,"column":4},"end":{"line":419,"column":16}}},"fnMap":{"0":{"name":"(anonymous_0)","decl":{"start":{"line":11,"column":2},"end":{"line":11,"column":3}},"loc":{"start":{"line":11,"column":30},"end":{"line":22,"column":3}},"line":11},"1":{"name":"(anonymous_1)","decl":{"start":{"line":28,"column":2},"end":{"line":28,"column":3}},"loc":{"start":{"line":28,"column":42},"end":{"line":33,"column":3}},"line":28},"2":{"name":"(anonymous_2)","decl":{"start":{"line":39,"column":2},"end":{"line":39,"column":3}},"loc":{"start":{"line":39,"column":22},"end":{"line":56,"column":3}},"line":39},"3":{"name":"(anonymous_3)","decl":{"start":{"line":62,"column":2},"end":{"line":62,"column":3}},"loc":{"start":{"line":62,"column":26},"end":{"line":89,"column":3}},"line":62},"4":{"name":"(anonymous_4)","decl":{"start":{"line":66,"column":11},"end":{"line":66,"column":12}},"loc":{"start":{"line":66,"column":22},"end":{"line":86,"column":7}},"line":66},"5":{"name":"(anonymous_5)","decl":{"start":{"line":67,"column":15},"end":{"line":67,"column":16}},"loc":{"start":{"line":73,"column":13},"end":{"line":85,"column":9}},"line":73},"6":{"name":"(anonymous_6)","decl":{"start":{"line":94,"column":2},"end":{"line":94,"column":3}},"loc":{"start":{"line":94,"column":26},"end":{"line":117,"column":3}},"line":94},"7":{"name":"(anonymous_7)","decl":{"start":{"line":98,"column":11},"end":{"line":98,"column":12}},"loc":{"start":{"line":98,"column":22},"end":{"line":114,"column":7}},"line":98},"8":{"name":"(anonymous_8)","decl":{"start":{"line":99,"column":15},"end":{"line":99,"column":16}},"loc":{"start":{"line":99,"column":30},"end":{"line":113,"column":9}},"line":99},"9":{"name":"(anonymous_9)","decl":{"start":{"line":125,"column":2},"end":{"line":125,"column":3}},"loc":{"start":{"line":125,"column":103},"end":{"line":136,"column":3}},"line":125},"10":{"name":"(anonymous_10)","decl":{"start":{"line":127,"column":63},"end":{"line":127,"column":64}},"loc":{"start":{"line":127,"column":73},"end":{"line":130,"column":7}},"line":127},"11":{"name":"(anonymous_11)","decl":{"start":{"line":143,"column":2},"end":{"line":143,"column":3}},"loc":{"start":{"line":143,"column":76},"end":{"line":151,"column":3}},"line":143},"12":{"name":"(anonymous_12)","decl":{"start":{"line":145,"column":17},"end":{"line":145,"column":18}},"loc":{"start":{"line":145,"column":23},"end":{"line":147,"column":7}},"line":145},"13":{"name":"(anonymous_13)","decl":{"start":{"line":158,"column":2},"end":{"line":158,"column":3}},"loc":{"start":{"line":158,"column":72},"end":{"line":160,"column":3}},"line":158},"14":{"name":"(anonymous_14)","decl":{"start":{"line":172,"column":2},"end":{"line":172,"column":3}},"loc":{"start":{"line":172,"column":51},"end":{"line":190,"column":3}},"line":172},"15":{"name":"(anonymous_15)","decl":{"start":{"line":196,"column":2},"end":{"line":196,"column":3}},"loc":{"start":{"line":196,"column":43},"end":{"line":211,"column":3}},"line":196},"16":{"name":"(anonymous_16)","decl":{"start":{"line":199,"column":11},"end":{"line":199,"column":12}},"loc":{"start":{"line":199,"column":22},"end":{"line":208,"column":7}},"line":199},"17":{"name":"(anonymous_17)","decl":{"start":{"line":200,"column":15},"end":{"line":200,"column":16}},"loc":{"start":{"line":200,"column":30},"end":{"line":207,"column":9}},"line":200},"18":{"name":"(anonymous_18)","decl":{"start":{"line":203,"column":19},"end":{"line":203,"column":20}},"loc":{"start":{"line":203,"column":35},"end":{"line":203,"column":61}},"line":203},"19":{"name":"(anonymous_19)","decl":{"start":{"line":217,"column":2},"end":{"line":217,"column":3}},"loc":{"start":{"line":217,"column":39},"end":{"line":234,"column":3}},"line":217},"20":{"name":"(anonymous_20)","decl":{"start":{"line":220,"column":11},"end":{"line":220,"column":12}},"loc":{"start":{"line":220,"column":22},"end":{"line":231,"column":7}},"line":220},"21":{"name":"(anonymous_21)","decl":{"start":{"line":221,"column":15},"end":{"line":221,"column":16}},"loc":{"start":{"line":221,"column":34},"end":{"line":230,"column":9}},"line":221},"22":{"name":"(anonymous_22)","decl":{"start":{"line":226,"column":74},"end":{"line":226,"column":75}},"loc":{"start":{"line":226,"column":85},"end":{"line":226,"column":112}},"line":226},"23":{"name":"(anonymous_23)","decl":{"start":{"line":239,"column":2},"end":{"line":239,"column":3}},"loc":{"start":{"line":239,"column":38},"end":{"line":253,"column":3}},"line":239},"24":{"name":"(anonymous_24)","decl":{"start":{"line":242,"column":11},"end":{"line":242,"column":12}},"loc":{"start":{"line":242,"column":22},"end":{"line":250,"column":7}},"line":242},"25":{"name":"(anonymous_25)","decl":{"start":{"line":243,"column":15},"end":{"line":243,"column":16}},"loc":{"start":{"line":243,"column":42},"end":{"line":249,"column":9}},"line":243},"26":{"name":"(anonymous_26)","decl":{"start":{"line":259,"column":2},"end":{"line":259,"column":3}},"loc":{"start":{"line":259,"column":33},"end":{"line":266,"column":3}},"line":259},"27":{"name":"(anonymous_27)","decl":{"start":{"line":271,"column":2},"end":{"line":271,"column":3}},"loc":{"start":{"line":271,"column":32},"end":{"line":282,"column":3}},"line":271},"28":{"name":"(anonymous_28)","decl":{"start":{"line":274,"column":11},"end":{"line":274,"column":12}},"loc":{"start":{"line":274,"column":22},"end":{"line":279,"column":7}},"line":274},"29":{"name":"(anonymous_29)","decl":{"start":{"line":287,"column":2},"end":{"line":287,"column":3}},"loc":{"start":{"line":287,"column":28},"end":{"line":298,"column":3}},"line":287},"30":{"name":"(anonymous_30)","decl":{"start":{"line":290,"column":11},"end":{"line":290,"column":12}},"loc":{"start":{"line":290,"column":22},"end":{"line":295,"column":7}},"line":290},"31":{"name":"(anonymous_31)","decl":{"start":{"line":303,"column":2},"end":{"line":303,"column":3}},"loc":{"start":{"line":303,"column":32},"end":{"line":314,"column":3}},"line":303},"32":{"name":"(anonymous_32)","decl":{"start":{"line":306,"column":11},"end":{"line":306,"column":12}},"loc":{"start":{"line":306,"column":22},"end":{"line":311,"column":7}},"line":306},"33":{"name":"(anonymous_33)","decl":{"start":{"line":319,"column":2},"end":{"line":319,"column":3}},"loc":{"start":{"line":319,"column":34},"end":{"line":331,"column":3}},"line":319},"34":{"name":"(anonymous_34)","decl":{"start":{"line":322,"column":11},"end":{"line":322,"column":12}},"loc":{"start":{"line":322,"column":22},"end":{"line":328,"column":7}},"line":322},"35":{"name":"(anonymous_35)","decl":{"start":{"line":342,"column":2},"end":{"line":342,"column":3}},"loc":{"start":{"line":342,"column":30},"end":{"line":388,"column":3}},"line":342},"36":{"name":"(anonymous_36)","decl":{"start":{"line":345,"column":11},"end":{"line":345,"column":12}},"loc":{"start":{"line":345,"column":22},"end":{"line":385,"column":7}},"line":345},"37":{"name":"(anonymous_37)","decl":{"start":{"line":393,"column":2},"end":{"line":393,"column":3}},"loc":{"start":{"line":393,"column":33},"end":{"line":404,"column":3}},"line":393},"38":{"name":"(anonymous_38)","decl":{"start":{"line":396,"column":11},"end":{"line":396,"column":12}},"loc":{"start":{"line":396,"column":22},"end":{"line":401,"column":7}},"line":396},"39":{"name":"(anonymous_39)","decl":{"start":{"line":409,"column":2},"end":{"line":409,"column":3}},"loc":{"start":{"line":409,"column":33},"end":{"line":420,"column":3}},"line":409},"40":{"name":"(anonymous_40)","decl":{"start":{"line":412,"column":11},"end":{"line":412,"column":12}},"loc":{"start":{"line":412,"column":22},"end":{"line":417,"column":7}},"line":412}},"branchMap":{"0":{"loc":{"start":{"line":14,"column":4},"end":{"line":16,"column":5}},"type":"if","locations":[{"start":{"line":14,"column":4},"end":{"line":16,"column":5}},{"start":{"line":14,"column":4},"end":{"line":16,"column":5}}],"line":14},"1":{"loc":{"start":{"line":30,"column":28},"end":{"line":30,"column":71}},"type":"binary-expr","locations":[{"start":{"line":30,"column":28},"end":{"line":30,"column":49}},{"start":{"line":30,"column":53},"end":{"line":30,"column":71}}],"line":30},"2":{"loc":{"start":{"line":70,"column":10},"end":{"line":70,"column":31}},"type":"default-arg","locations":[{"start":{"line":70,"column":27},"end":{"line":70,"column":31}}],"line":70},"3":{"loc":{"start":{"line":71,"column":10},"end":{"line":71,"column":36}},"type":"default-arg","locations":[{"start":{"line":71,"column":32},"end":{"line":71,"column":36}}],"line":71},"4":{"loc":{"start":{"line":72,"column":10},"end":{"line":72,"column":40}},"type":"default-arg","locations":[{"start":{"line":72,"column":36},"end":{"line":72,"column":40}}],"line":72},"5":{"loc":{"start":{"line":75,"column":10},"end":{"line":83,"column":11}},"type":"if","locations":[{"start":{"line":75,"column":10},"end":{"line":83,"column":11}},{"start":{"line":75,"column":10},"end":{"line":83,"column":11}}],"line":75},"6":{"loc":{"start":{"line":100,"column":10},"end":{"line":111,"column":11}},"type":"if","locations":[{"start":{"line":100,"column":10},"end":{"line":111,"column":11}},{"start":{"line":100,"column":10},"end":{"line":111,"column":11}}],"line":100},"7":{"loc":{"start":{"line":101,"column":12},"end":{"line":109,"column":13}},"type":"if","locations":[{"start":{"line":101,"column":12},"end":{"line":109,"column":13}},{"start":{"line":101,"column":12},"end":{"line":109,"column":13}}],"line":101},"8":{"loc":{"start":{"line":101,"column":16},"end":{"line":101,"column":99}},"type":"binary-expr","locations":[{"start":{"line":101,"column":16},"end":{"line":101,"column":20}},{"start":{"line":101,"column":24},"end":{"line":101,"column":48}},{"start":{"line":101,"column":53},"end":{"line":101,"column":68}},{"start":{"line":101,"column":72},"end":{"line":101,"column":99}}],"line":101},"9":{"loc":{"start":{"line":126,"column":4},"end":{"line":132,"column":5}},"type":"if","locations":[{"start":{"line":126,"column":4},"end":{"line":132,"column":5}},{"start":{"line":126,"column":4},"end":{"line":132,"column":5}}],"line":126},"10":{"loc":{"start":{"line":144,"column":4},"end":{"line":150,"column":5}},"type":"if","locations":[{"start":{"line":144,"column":4},"end":{"line":150,"column":5}},{"start":{"line":144,"column":4},"end":{"line":150,"column":5}}],"line":144},"11":{"loc":{"start":{"line":144,"column":8},"end":{"line":144,"column":38}},"type":"binary-expr","locations":[{"start":{"line":144,"column":8},"end":{"line":144,"column":19}},{"start":{"line":144,"column":23},"end":{"line":144,"column":38}}],"line":144},"12":{"loc":{"start":{"line":159,"column":11},"end":{"line":159,"column":106}},"type":"cond-expr","locations":[{"start":{"line":159,"column":54},"end":{"line":159,"column":85}},{"start":{"line":159,"column":88},"end":{"line":159,"column":106}}],"line":159},"13":{"loc":{"start":{"line":173,"column":4},"end":{"line":175,"column":5}},"type":"if","locations":[{"start":{"line":173,"column":4},"end":{"line":175,"column":5}},{"start":{"line":173,"column":4},"end":{"line":175,"column":5}}],"line":173},"14":{"loc":{"start":{"line":177,"column":4},"end":{"line":179,"column":5}},"type":"if","locations":[{"start":{"line":177,"column":4},"end":{"line":179,"column":5}},{"start":{"line":177,"column":4},"end":{"line":179,"column":5}}],"line":177},"15":{"loc":{"start":{"line":181,"column":4},"end":{"line":183,"column":5}},"type":"if","locations":[{"start":{"line":181,"column":4},"end":{"line":183,"column":5}},{"start":{"line":181,"column":4},"end":{"line":183,"column":5}}],"line":181},"16":{"loc":{"start":{"line":185,"column":4},"end":{"line":189,"column":5}},"type":"if","locations":[{"start":{"line":185,"column":4},"end":{"line":189,"column":5}},{"start":{"line":185,"column":4},"end":{"line":189,"column":5}}],"line":185},"17":{"loc":{"start":{"line":185,"column":8},"end":{"line":185,"column":79}},"type":"binary-expr","locations":[{"start":{"line":185,"column":8},"end":{"line":185,"column":36}},{"start":{"line":185,"column":40},"end":{"line":185,"column":79}}],"line":185},"18":{"loc":{"start":{"line":201,"column":10},"end":{"line":205,"column":11}},"type":"if","locations":[{"start":{"line":201,"column":10},"end":{"line":205,"column":11}},{"start":{"line":201,"column":10},"end":{"line":205,"column":11}}],"line":201},"19":{"loc":{"start":{"line":222,"column":10},"end":{"line":228,"column":11}},"type":"if","locations":[{"start":{"line":222,"column":10},"end":{"line":228,"column":11}},{"start":{"line":222,"column":10},"end":{"line":228,"column":11}}],"line":222},"20":{"loc":{"start":{"line":223,"column":12},"end":{"line":225,"column":13}},"type":"if","locations":[{"start":{"line":223,"column":12},"end":{"line":225,"column":13}},{"start":{"line":223,"column":12},"end":{"line":225,"column":13}}],"line":223},"21":{"loc":{"start":{"line":227,"column":19},"end":{"line":227,"column":40}},"type":"cond-expr","locations":[{"start":{"line":227,"column":26},"end":{"line":227,"column":33}},{"start":{"line":227,"column":36},"end":{"line":227,"column":40}}],"line":227},"22":{"loc":{"start":{"line":244,"column":10},"end":{"line":247,"column":11}},"type":"if","locations":[{"start":{"line":244,"column":10},"end":{"line":247,"column":11}},{"start":{"line":244,"column":10},"end":{"line":247,"column":11}}],"line":244},"23":{"loc":{"start":{"line":261,"column":4},"end":{"line":263,"column":5}},"type":"if","locations":[{"start":{"line":261,"column":4},"end":{"line":263,"column":5}},{"start":{"line":261,"column":4},"end":{"line":263,"column":5}}],"line":261},"24":{"loc":{"start":{"line":275,"column":8},"end":{"line":277,"column":9}},"type":"if","locations":[{"start":{"line":275,"column":8},"end":{"line":277,"column":9}},{"start":{"line":275,"column":8},"end":{"line":277,"column":9}}],"line":275},"25":{"loc":{"start":{"line":278,"column":15},"end":{"line":278,"column":78}},"type":"cond-expr","locations":[{"start":{"line":278,"column":48},"end":{"line":278,"column":67}},{"start":{"line":278,"column":70},"end":{"line":278,"column":78}}],"line":278},"26":{"loc":{"start":{"line":291,"column":8},"end":{"line":293,"column":9}},"type":"if","locations":[{"start":{"line":291,"column":8},"end":{"line":293,"column":9}},{"start":{"line":291,"column":8},"end":{"line":293,"column":9}}],"line":291},"27":{"loc":{"start":{"line":292,"column":17},"end":{"line":292,"column":51}},"type":"binary-expr","locations":[{"start":{"line":292,"column":17},"end":{"line":292,"column":44}},{"start":{"line":292,"column":48},"end":{"line":292,"column":51}}],"line":292},"28":{"loc":{"start":{"line":294,"column":15},"end":{"line":294,"column":78}},"type":"cond-expr","locations":[{"start":{"line":294,"column":48},"end":{"line":294,"column":67}},{"start":{"line":294,"column":70},"end":{"line":294,"column":78}}],"line":294},"29":{"loc":{"start":{"line":307,"column":8},"end":{"line":309,"column":9}},"type":"if","locations":[{"start":{"line":307,"column":8},"end":{"line":309,"column":9}},{"start":{"line":307,"column":8},"end":{"line":309,"column":9}}],"line":307},"30":{"loc":{"start":{"line":308,"column":17},"end":{"line":308,"column":74}},"type":"binary-expr","locations":[{"start":{"line":308,"column":17},"end":{"line":308,"column":68}},{"start":{"line":308,"column":72},"end":{"line":308,"column":74}}],"line":308},"31":{"loc":{"start":{"line":308,"column":33},"end":{"line":308,"column":67}},"type":"binary-expr","locations":[{"start":{"line":308,"column":33},"end":{"line":308,"column":60}},{"start":{"line":308,"column":64},"end":{"line":308,"column":67}}],"line":308},"32":{"loc":{"start":{"line":310,"column":15},"end":{"line":310,"column":78}},"type":"cond-expr","locations":[{"start":{"line":310,"column":48},"end":{"line":310,"column":67}},{"start":{"line":310,"column":70},"end":{"line":310,"column":78}}],"line":310},"33":{"loc":{"start":{"line":323,"column":8},"end":{"line":326,"column":9}},"type":"if","locations":[{"start":{"line":323,"column":8},"end":{"line":326,"column":9}},{"start":{"line":323,"column":8},"end":{"line":326,"column":9}}],"line":323},"34":{"loc":{"start":{"line":325,"column":17},"end":{"line":325,"column":71}},"type":"cond-expr","locations":[{"start":{"line":325,"column":44},"end":{"line":325,"column":48}},{"start":{"line":325,"column":51},"end":{"line":325,"column":71}}],"line":325},"35":{"loc":{"start":{"line":327,"column":15},"end":{"line":327,"column":78}},"type":"cond-expr","locations":[{"start":{"line":327,"column":48},"end":{"line":327,"column":67}},{"start":{"line":327,"column":70},"end":{"line":327,"column":78}}],"line":327},"36":{"l
[...]
,"/Users/hu/web/http-request-mock-github/src/inteceptor/node/http-and-https.ts": {"path":"/Users/hu/web/http-request-mock-github/src/inteceptor/node/http-and-https.ts","statementMap":{"0":{"start":{"line":17,"column":4},"end":{"line":17,"column":18}},"1":{"start":{"line":19,"column":4},"end":{"line":21,"column":5}},"2":{"start":{"line":20,"column":6},"end":{"line":20,"column":57}},"3":{"start":{"line":23,"column":4},"end":{"line":23,"column":55}},"4":{"start":{"line":25,"column":4},"end":{"line":25,"column":47}},"5":{"start":{"line":26,"column":4},"end":{"line":26,"column":50}},"6":{"start":{"line":27,"column":4},"end":{"line":27,"column":39}},"7":{"start":{"line":28,"column":4},"end":{"line":28,"column":42}},"8":{"start":{"line":29,"column":4},"end":{"line":29,"column":21}},"9":{"start":{"line":31,"column":4},"end":{"line":31,"column":16}},"10":{"start":{"line":39,"column":4},"end":{"line":41,"column":5}},"11":{"start":{"line":40,"column":6},"end":{"line":40,"column":48}},"12":{"start":{"line":42,"column":4},"end":{"line":42,"column":58}},"13":{"start":{"line":52,"column":4},"end":{"line":52,"column":33}},"14":{"start":{"line":53,"column":4},"end":{"line":53,"column":29}},"15":{"start":{"line":60,"column":15},"end":{"line":60,"column":19}},"16":{"start":{"line":61,"column":4},"end":{"line":67,"column":6}},"17":{"start":{"line":62,"column":28},"end":{"line":62,"column":53}},"18":{"start":{"line":63,"column":6},"end":{"line":65,"column":7}},"19":{"start":{"line":64,"column":8},"end":{"line":64,"column":29}},"20":{"start":{"line":66,"column":6},"end":{"line":66,"column":37}},"21":{"start":{"line":68,"column":4},"end":{"line":74,"column":6}},"22":{"start":{"line":69,"column":28},"end":{"line":69,"column":53}},"23":{"start":{"line":70,"column":6},"end":{"line":72,"column":7}},"24":{"start":{"line":71,"column":8},"end":{"line":71,"column":29}},"25":{"start":{"line":73,"column":6},"end":{"line":73,"column":38}},"26":{"start":{"line":87,"column":15},"end":{"line":87,"column":19}},"27":{"start":{"line":88,"column":4},"end":{"line":95,"column":6}},"28":{"start":{"line":89,"column":28},"end":{"line":89,"column":53}},"29":{"start":{"line":90,"column":6},"end":{"line":93,"column":7}},"30":{"start":{"line":91,"column":8},"end":{"line":91,"column":28}},"31":{"start":{"line":92,"column":8},"end":{"line":92,"column":29}},"32":{"start":{"line":94,"column":6},"end":{"line":94,"column":33}},"33":{"start":{"line":97,"column":4},"end":{"line":104,"column":6}},"34":{"start":{"line":98,"column":28},"end":{"line":98,"column":53}},"35":{"start":{"line":99,"column":6},"end":{"line":102,"column":7}},"36":{"start":{"line":100,"column":8},"end":{"line":100,"column":28}},"37":{"start":{"line":101,"column":8},"end":{"line":101,"column":29}},"38":{"start":{"line":103,"column":6},"end":{"line":103,"column":34}},"39":{"start":{"line":112,"column":37},"end":{"line":112,"column":67}},"40":{"start":{"line":113,"column":19},"end":{"line":113,"column":42}},"41":{"start":{"line":115,"column":42},"end":{"line":115,"column":76}},"42":{"start":{"line":117,"column":4},"end":{"line":117,"column":32}},"43":{"start":{"line":117,"column":19},"end":{"line":117,"column":32}},"44":{"start":{"line":119,"column":26},"end":{"line":119,"column":67}},"45":{"start":{"line":120,"column":4},"end":{"line":120,"column":48}},"46":{"start":{"line":121,"column":4},"end":{"line":121,"column":25}},"47":{"start":{"line":130,"column":4},"end":{"line":140,"column":5}},"48":{"start":{"line":135,"column":6},"end":{"line":138,"column":9}},"49":{"start":{"line":136,"column":8},"end":{"line":136,"column":41}},"50":{"start":{"line":137,"column":8},"end":{"line":137,"column":53}},"51":{"start":{"line":139,"column":6},"end":{"line":139,"column":13}},"52":{"start":{"line":141,"column":4},"end":{"line":141,"column":49}},"53":{"start":{"line":150,"column":52},"end":{"line":156,"column":6}},"54":{"start":{"line":151,"column":6},"end":{"line":155,"column":7}},"55":{"start":{"line":152,"column":8},"end":{"line":152,"column":61}},"56":{"start":{"line":152,"column":25},"end":{"line":152,"column":42}},"57":{"start":{"line":154,"column":8},"end":{"line":154,"column":26}},"58":{"start":{"line":157,"column":4},"end":{"line":157,"column":56}},"59":{"start":{"line":169,"column":4},"end":{"line":171,"column":5}},"60":{"start":{"line":170,"column":6},"end":{"line":170,"column":65}},"61":{"start":{"line":172,"column":4},"end":{"line":174,"column":5}},"62":{"start":{"line":173,"column":6},"end":{"line":173,"column":54}},"63":{"start":{"line":175,"column":4},"end":{"line":177,"column":5}},"64":{"start":{"line":176,"column":6},"end":{"line":176,"column":67}},"65":{"start":{"line":179,"column":4},"end":{"line":192,"column":5}},"66":{"start":{"line":180,"column":19},"end":{"line":180,"column":71}},"67":{"start":{"line":181,"column":22},"end":{"line":181,"column":88}},"68":{"start":{"line":182,"column":23},"end":{"line":182,"column":91}},"69":{"start":{"line":184,"column":19},"end":{"line":184,"column":66}},"70":{"start":{"line":185,"column":19},"end":{"line":185,"column":38}},"71":{"start":{"line":186,"column":19},"end":{"line":186,"column":55}},"72":{"start":{"line":188,"column":19},"end":{"line":188,"column":55}},"73":{"start":{"line":191,"column":6},"end":{"line":191,"column":70}},"74":{"start":{"line":194,"column":4},"end":{"line":194,"column":42}},"75":{"start":{"line":198,"column":4},"end":{"line":201,"column":94}}},"fnMap":{"0":{"name":"(anonymous_0)","decl":{"start":{"line":16,"column":2},"end":{"line":16,"column":3}},"loc":{"start":{"line":16,"column":30},"end":{"line":32,"column":3}},"line":16},"1":{"name":"(anonymous_1)","decl":{"start":{"line":38,"column":2},"end":{"line":38,"column":3}},"loc":{"start":{"line":38,"column":42},"end":{"line":43,"column":3}},"line":38},"2":{"name":"(anonymous_2)","decl":{"start":{"line":51,"column":2},"end":{"line":51,"column":3}},"loc":{"start":{"line":51,"column":22},"end":{"line":54,"column":3}},"line":51},"3":{"name":"(anonymous_3)","decl":{"start":{"line":59,"column":2},"end":{"line":59,"column":3}},"loc":{"start":{"line":59,"column":34},"end":{"line":75,"column":3}},"line":59},"4":{"name":"(anonymous_4)","decl":{"start":{"line":61,"column":19},"end":{"line":61,"column":20}},"loc":{"start":{"line":61,"column":44},"end":{"line":67,"column":5}},"line":61},"5":{"name":"(anonymous_5)","decl":{"start":{"line":68,"column":20},"end":{"line":68,"column":21}},"loc":{"start":{"line":68,"column":45},"end":{"line":74,"column":5}},"line":68},"6":{"name":"(anonymous_6)","decl":{"start":{"line":86,"column":2},"end":{"line":86,"column":3}},"loc":{"start":{"line":86,"column":30},"end":{"line":105,"column":3}},"line":86},"7":{"name":"(anonymous_7)","decl":{"start":{"line":88,"column":15},"end":{"line":88,"column":16}},"loc":{"start":{"line":88,"column":40},"end":{"line":95,"column":5}},"line":88},"8":{"name":"(anonymous_8)","decl":{"start":{"line":97,"column":16},"end":{"line":97,"column":17}},"loc":{"start":{"line":97,"column":41},"end":{"line":104,"column":5}},"line":97},"9":{"name":"(anonymous_9)","decl":{"start":{"line":111,"column":2},"end":{"line":111,"column":3}},"loc":{"start":{"line":111,"column":40},"end":{"line":122,"column":3}},"line":111},"10":{"name":"(anonymous_10)","decl":{"start":{"line":129,"column":2},"end":{"line":129,"column":3}},"loc":{"start":{"line":129,"column":78},"end":{"line":142,"column":3}},"line":129},"11":{"name":"(anonymous_11)","decl":{"start":{"line":135,"column":66},"end":{"line":135,"column":67}},"loc":{"start":{"line":135,"column":76},"end":{"line":138,"column":7}},"line":135},"12":{"name":"(anonymous_12)","decl":{"start":{"line":149,"column":2},"end":{"line":149,"column":3}},"loc":{"start":{"line":149,"column":79},"end":{"line":158,"column":3}},"line":149},"13":{"name":"(anonymous_13)","decl":{"start":{"line":150,"column":64},"end":{"line":150,"column":65}},"loc":{"start":{"line":150,"column":75},"end":{"line":156,"column":5}},"line":150},"14":{"name":"(anonymous_14)","decl":{"start":{"line":152,"column":19},"end":{"line":152,"column":20}},"loc":{"start":{"line":152,"column":25},"end":{"line":152,"column":42}},"line":152},"15":{"name":"(anonymous_15)","decl":{"start":{"line":166,"column":2},"end":{"line":166,"column":3}},"loc":{"start":{"line":166,"column":43},"end":{"line":195,"column":3}},"line":166},"16":{"name":"(anonymous_16)","decl":{"start":{"line":197,"column":2},"end":{"line":197,"column":3}},"loc":{"start":{"line":197,"column":32},"end":{"line":202,"column":3}},"line":197}},"branchMap":{"0":{"loc":{"start":{"line":19,"column":4},"end":{"line":21,"column":5}},"type":"if","locations":[{"start":{"line":19,"column":4},"end":{"line":21,"column":5}},{"start":{"line":19,"column":4},"end":{"line":21,"column":5}}],"line":19},"1":{"loc":{"start":{"line":39,"column":4},"end":{"line":41,"column":5}},"type":"if","locations":[{"start":{"line":39,"column":4},"end":{"line":41,"column":5}},{"start":{"line":39,"column":4},"end":{"line":41,"column":5}}],"line":39},"2":{"loc":{"start":{"line":39,"column":8},"end":{"line":39,"column":104}},"type":"binary-expr","locations":[{"start":{"line":39,"column":8},"end":{"line":39,"column":38}},{"start":{"line":39,"column":42},"end":{"line":39,"column":104}}],"line":39},"3":{"loc":{"start":{"line":63,"column":6},"end":{"line":65,"column":7}},"type":"if","locations":[{"start":{"line":63,"column":6},"end":{"line":65,"column":7}},{"start":{"line":63,"column":6},"end":{"line":65,"column":7}}],"line":63},"4":{"loc":{"start":{"line":70,"column":6},"end":{"line":72,"column":7}},"type":"if","locations":[{"start":{"line":70,"column":6},"end":{"line":72,"column":7}},{"start":{"line":70,"column":6},"end":{"line":72,"column":7}}],"line":70},"5":{"loc":{"start":{"line":90,"column":6},"end":{"line":93,"column":7}},"type":"if","locations":[{"start":{"line":90,"column":6},"end":{"line":93,"column":7}},{"start":{"line":90,"column":6},"end":{"line":93,"column":7}}],"line":90},"6":{"loc":{"start":{"line":99,"column":6},"end":{"line":102,"column":7}},"type":"if","locations":[{"start":{"line":99,"column":6},"end":{"line":102,"column":7}},{"start":{"line":99,"column":6},"end":{"line":102,"column":7}}],"line":99},"7":{"loc":{"start":{"line":113,"column":19},"end":{"line":113,"column":42}},"type":"binary-expr","locations":[{"start":{"line":113,"column":19},"end":{"line":113,"column":33}},{"start":{"line":113,"column":37},"end":{"line":113,"column":42}}],"line":113},"8":{"loc":{"start":{"line":117,"column":4},"end":{"line":117,"column":32}},"type":"if","locations":[{"start":{"line":117,"column":4},"end":{"line":117,"column":32}},{"start":{"line":117,"column":4},"end":{"line":117,"column":32}}],"line":117},"9":{"loc":{"start":{"line":130,"column":4},"end":{"line":140,"column":5}},"type":"if","locations":[{"start":{"line":130,"column":4},"end":{"line":140,"column":5}},{"start":{"line":130,"column":4},"end":{"line":140,"column":5}}],"line":130},"10":{"loc":{"start":{"line":130,"column":8},"end":{"line":130,"column":49}},"type":"binary-expr","locations":[{"start":{"line":130,"column":8},"end":{"line":130,"column":21}},{"start":{"line":130,"column":25},"end":{"line":130,"column":49}}],"line":130},"11":{"loc":{"start":{"line":151,"column":6},"end":{"line":155,"column":7}},"type":"if","locations":[{"start":{"line":151,"column":6},"end":{"line":155,"column":7}},{"start":{"line":151,"column":6},"end":{"line":155,"column":7}}],"line":151},"12":{"loc":{"start":{"line":151,"column":10},"end":{"line":151,"column":46}},"type":"binary-expr","locations":[{"start":{"line":151,"column":10},"end":{"line":151,"column":24}},{"start":{"line":151,"column":28},"end":{"line":151,"column":46}}],"line":151},"13":{"loc":{"start":{"line":169,"column":4},"end":{"line":171,"column":5}},"type":"if","locations":[{"start":{"line":169,"column":4},"end":{"line":171,"column":5}},{"start":{"line":169,"column":4},"end":{"line":171,"column":5}}],"line":169},"14":{"loc":{"start":{"line":169,"column":8},"end":{"line":169,"column":64}},"type":"binary-expr","locations":[{"start":{"line":169,"column":8},"end":{"line":169,"column":35}},{"start":{"line":169,"column":39},"end":{"line":169,"column":64}}],"line":169},"15":{"loc":{"start":{"line":170,"column":12},"end":{"line":170,"column":64}},"type":"cond-expr","locations":[{"start":{"line":170,"column":42},"end":{"line":170,"column":49}},{"start":{"line":170,"column":52},"end":{"line":170,"column":64}}],"line":170},"16":{"loc":{"start":{"line":172,"column":4},"end":{"line":174,"column":5}},"type":"if","locations":[{"start":{"line":172,"column":4},"end":{"line":174,"column":5}},{"start":{"line":172,"column":4},"end":{"line":174,"column":5}}],"line":172},"17":{"loc":{"start":{"line":172,"column":8},"end":{"line":172,"column":60}},"type":"binary-expr","locations":[{"start":{"line":172,"column":8},"end":{"line":172,"column":25}},{"start":{"line":172,"column":30},"end":{"line":172,"column":33}},{"start":{"line":172,"column":37},"end":{"line":172,"column":59}}],"line":172},"18":{"loc":{"start":{"line":173,"column":16},"end":{"line":173,"column":53}},"type":"cond-expr","locations":[{"start":{"line":173,"column":36},"end":{"line":173,"column":43}},{"start":{"line":173,"column":46},"end":{"line":173,"column":53}}],"line":173},"19":{"loc":{"start":{"line":175,"column":4},"end":{"line":177,"column":5}},"type":"if","locations":[{"start":{"line":175,"column":4},"end":{"line":177,"column":5}},{"start":{"line":175,"column":4},"end":{"line":177,"column":5}}],"line":175},"20":{"loc":{"start":{"line":175,"column":8},"end":{"line":175,"column":70}},"type":"binary-expr","locations":[{"start":{"line":175,"column":8},"end":{"line":175,"column":37}},{"start":{"line":175,"column":41},"end":{"line":175,"column":70}}],"line":175},"21":{"loc":{"start":{"line":176,"column":17},"end":{"line":176,"column":66}},"type":"cond-expr","locations":[{"start":{"line":176,"column":49},"end":{"line":176,"column":56}},{"start":{"line":176,"column":59},"end":{"line":176,"column":66}}],"line":176},"22":{"loc":{"start":{"line":179,"column":4},"end":{"line":192,"column":5}},"type":"if","locations":[{"start":{"line":179,"column":4},"end":{"line":192,"column":5}},{"start":{"line":179,"column":4},"end":{"line":192,"column":5}}],"line":179},"23":{"loc":{"start":{"line":180,"column":19},"end":{"line":180,"column":71}},"type":"cond-expr","locations":[{"start":{"line":180,"column":48},"end":{"line":180,"column":66}},{"start":{"line":180,"column":69},"end":{"line":180,"column":71}}],"line":180},"24":{"loc":{"start":{"line":181,"column":22},"end":{"line":181,"column":88}},"type":"binary-expr","locations":[{"start":{"line":181,"column":23},"end":{"line":181,"column":38}},{"start":{"line":181,"column":43},"end":{"line":181,"column":55}},{"start":{"line":181,"column":59},"end":{"line":181,"column":88}}],"line":181},"25":{"loc":{"start":{"line":182,"column":23},"end":{"line":182,"column":91}},"type":"cond-expr","locations":[{"start":{"line":182,"column":42},"end":{"line":182,"column":58}},{"start":{"line":182,"column":62},"end":{"line":182,"column":90}}],"line":182},"26":{"loc":{"start":{"line":182,"column":62},"end":{"line":182,"column":90}},"type":"cond-expr","locations":[{"start":{"line":182,"column":72},"end":{"line":182,"column":80}},{"start":{"line":182,"column":83},"end":{"line":182,"column":90}}],"line":182},"27":{"loc":{"start":{"line":184,"column":19},"end":{"line":184,"column":66}},"type":"binary-expr","locations":[{"start":{"line":184,"column":19},"end":{"line":184,"column":35}},{"start":{"line":184,"column":39},"end":{"line":184,"column":51}},{"start":{"line":184,"column":55},"end":{"line":184,"column":66}}],"line":184},"28":{"loc":{"start":{"line":185,"column":19},"end":{"line":185,"column":38}},"type":"binary-expr","locations":[{"start":{"line":185,"column":19},"end":{"line":185,"column":31}},{"start":{"line":185,"column":35},"end":{"line":185,"column":38}}],"line":185},"29":{"loc":{"start":{"line":186,"column":19},"end":{"line":186,"column":55}},"type":"cond-expr","locations":[{"start":{"line":186,"column":34},"end":{"line":186,"column":50}},{"start":{"line":186,"column":53},"end":{"line":186,"column":55}}],"line":186},"30":{"loc":{"start":{"line":191,"column":12},"end":{"line":191,"column":69}},"type":"cond-expr","locations":[{"start":{"line":191,"column":26},"end":{"line":191,"column":42}},{"start":{"line":191,"column":45},"end":{"line":191,"column":69}}],"line":191},"31":{"loc":{"start":{"line":194,"column":17},"end":{"line":194,"column":30}},"type":"binary-expr","locations":[{"start":{"line":194,"column":17},"end":{"line":194,"column":24}},{"start":{"line":194,"column":28},"end":{"line":194,"column":30}}],"line":194},"32":{"loc":{"start":{"line":198,"column":11},"end":{"line":201,"column":93}},"type":"binary-expr","locations":[{"start":{"line":198,"column":12},"end":{"line":198,"column":66}},{"start":{"line":200,"column":11},"end":{"line":200,"column":29}},{"start":{"line":200,"column":35},"end":{"line":200,"column":61}},{"start":{"line":201,"column":10},"end":{"line":201,"column":28}},{"start":{"line":201,"column":33},"end":{"line":201,"column":46}},{"start":{"line":201,"column":52},"end":{"line":201,"column":69}},{"start":{"line":201,"column":74},"end":{"line":201,"column":92}}],"line":198}},"s":{"0":3,"1":3,"2":0,"3":3,"4":3,"5":3,"6":3,"7":3,"8":3,"9":3,"10":1,"11":0,"12":1,"13":3,"14":3,"15":3,"16":3,"17":62,"18":62,"19":61,"20":1,"21":3,"22":9,"23":9,"24":9,"25":0,"26":3,"27":3,"28":0,"29":0,"30":0,"31":0,"32":0,"33":3,"34":0,"35":0,"36":0,"37":0,"38":0,"39":71,"40":71,"41":71,"42":71,"43":1,"44":70,"45":70,"46":70,"47":70,"48":0,"49":0,"50":0,"51":0,"52":70,"53":70,"54":70,"55":3,"56":3,"57":67,"58":70,"59":71,"60":23,"61":71,"62":71,"63":71,"64":25,"65":71,"66":48,"67":48,"68":48,"69":48,"70":48,"71":48,"72":48,"73":48,"74":71,"75":71},"f":{"0":3,"1":1,"2":3,"3":3,"4":62,"5":9,"6":3,"7":0,"8":0,"9":71,"10":70,"11":0,"12":70,"13":70,"14":3,"15":71,"16":71},"b":{"0":[0,3],"1":[0,1],"2":[1,1],"3":[61,1],"4":[9,0],"5":[0,0],"6":[0,0],"7":[71,0],"8":[1,70],"9":[0,70],"10":[70,0],"11":[3,67],"12":[70,3],"13":[23,48],"14":[71,71],"15":[0,23],"16":[71,0],"17":[71,23,23],"18":[48,23],"19":[25,46],"20":[71,46],"21":[25,0],"22":[48,23],"23":[23,25],"24":[48,45,45],"25":[25,23],"26":[3,20],"27":[48,23,0],"28":[48,0],"29":[0,48],"30":[23,25],"31":[71,0],"32":[71,48,48,48,48,23,0]},"_coverageSchema":"1a1c01bbd47fc00a2c39e90264f33305004495a9","hash":"32e77f639eec61fff92f68a4a99d69cc560acf6c"}
,"/Users/hu/web/http-request-mock-github/test/mock/sample1.js": {"path":"/Users/hu/web/http-request-mock-github/test/mock/sample1.js","statementMap":{},"fnMap":{},"branchMap":{},"s":{},"f":{},"b":{},"_coverageSchema":"1a1c01bbd47fc00a2c39e90264f33305004495a9","hash":"969c9d0dded440671d9def8a06cfc10cb9a3eb41"}
,"/Users/hu/web/http-request-mock-github/test/mock/sample2.js": {"path":"/Users/hu/web/http-request-mock-github/test/mock/sample2.js","statementMap":{"0":{"start":{"line":5,"column":12},"end":{"line":5,"column":13}},"1":{"start":{"line":7,"column":2},"end":{"line":7,"column":20}},"2":{"start":{"line":9,"column":2},"end":{"line":13,"column":4}}},"fnMap":{"0":{"name":"(anonymous_0)","decl":{"start":{"line":6,"column":15},"end":{"line":6,"column":16}},"loc":{"start":{"line":6,"column":21},"end":{"line":14,"column":1}},"line":6}},"branchMap":{},"s":{"0":1,"1":2,"2":2},"f":{"0":2},"b":{},"_coverageSchema":"1a1c01bbd47fc00a2c39e90264f33305004495a9","hash":"3eb34f1c569446b2721b0d2dce53bd52671aa741"}
}
