{"/Users/hu/web/http-request-mock-github/src/config.ts": {"path":"/Users/hu/web/http-request-mock-github/src/config.ts","statementMap":{"0":{"start":{"line":6,"column":45},"end":{"line":61,"column":1}}},"fnMap":{},"branchMap":{},"s":{"0":7},"f":{},"b":{},"_coverageSchema":"1a1c01bbd47fc00a2c39e90264f33305004495a9","hash":"5ec85b37dfb69a1fe5be392da2cb8db499e68613"}
,"/Users/hu/web/http-request-mock-github/src/index.ts": {"path":"/Users/hu/web/http-request-mock-github/src/index.ts","statementMap":{"0":{"start":{"line":13,"column":19},"end":{"line":13,"column":31}},"1":{"start":{"line":15,"column":4},"end":{"line":17,"column":5}},"2":{"start":{"line":16,"column":6},"end":{"line":16,"column":41}},"3":{"start":{"line":19,"column":4},"end":{"line":21,"column":5}},"4":{"start":{"line":20,"column":6},"end":{"line":20,"column":35}},"5":{"start":{"line":23,"column":4},"end":{"line":25,"column":5}},"6":{"start":{"line":24,"column":6},"end":{"line":24,"column":37}},"7":{"start":{"line":27,"column":4},"end":{"line":27,"column":18}},"8":{"start":{"line":35,"column":19},"end":{"line":35,"column":31}},"9":{"start":{"line":36,"column":4},"end":{"line":36,"column":39}},"10":{"start":{"line":37,"column":4},"end":{"line":37,"column":18}},"11":{"start":{"line":45,"column":19},"end":{"line":45,"column":31}},"12":{"start":{"line":46,"column":4},"end":{"line":46,"column":33}},"13":{"start":{"line":47,"column":4},"end":{"line":47,"column":18}},"14":{"start":{"line":55,"column":19},"end":{"line":55,"column":31}},"15":{"start":{"line":56,"column":4},"end":{"line":56,"column":35}},"16":{"start":{"line":57,"column":4},"end":{"line":57,"column":18}},"17":{"start":{"line":65,"column":19},"end":{"line":65,"column":31}},"18":{"start":{"line":67,"column":4},"end":{"line":69,"column":5}},"19":{"start":{"line":68,"column":6},"end":{"line":68,"column":52}},"20":{"start":{"line":71,"column":4},"end":{"line":73,"column":5}},"21":{"start":{"line":72,"column":6},"end":{"line":72,"column":46}},"22":{"start":{"line":75,"column":4},"end":{"line":77,"column":5}},"23":{"start":{"line":76,"column":6},"end":{"line":76,"column":48}},"24":{"start":{"line":79,"column":4},"end":{"line":83,"column":5}},"25":{"start":{"line":80,"column":6},"end":{"line":80,"column":52}},"26":{"start":{"line":81,"column":6},"end":{"line":81,"column":46}},"27":{"start":{"line":82,"column":6},"end":{"line":82,"column":48}},"28":{"start":{"line":85,"column":4},"end":{"line":85,"column":18}}},"fnMap":{"0":{"name":"(anonymous_0)","decl":{"start":{"line":12,"column":2},"end":{"line":12,"column":3}},"loc":{"start":{"line":12,"column":26},"end":{"line":28,"column":3}},"line":12},"1":{"name":"(anonymous_1)","decl":{"start":{"line":34,"column":2},"end":{"line":34,"column":3}},"loc":{"start":{"line":34,"column":31},"end":{"line":38,"column":3}},"line":34},"2":{"name":"(anonymous_2)","decl":{"start":{"line":44,"column":2},"end":{"line":44,"column":3}},"loc":{"start":{"line":44,"column":32},"end":{"line":48,"column":3}},"line":44},"3":{"name":"(anonymous_3)","decl":{"start":{"line":54,"column":2},"end":{"line":54,"column":3}},"loc":{"start":{"line":54,"column":34},"end":{"line":58,"column":3}},"line":54},"4":{"name":"(anonymous_4)","decl":{"start":{"line":64,"column":2},"end":{"line":64,"column":3}},"loc":{"start":{"line":64,"column":81},"end":{"line":86,"column":3}},"line":64}},"branchMap":{"0":{"loc":{"start":{"line":15,"column":4},"end":{"line":17,"column":5}},"type":"if","locations":[{"start":{"line":15,"column":4},"end":{"line":17,"column":5}},{"start":{"line":15,"column":4},"end":{"line":17,"column":5}}],"line":15},"1":{"loc":{"start":{"line":15,"column":8},"end":{"line":15,"column":69}},"type":"binary-expr","locations":[{"start":{"line":15,"column":8},"end":{"line":15,"column":33}},{"start":{"line":15,"column":37},"end":{"line":15,"column":69}}],"line":15},"2":{"loc":{"start":{"line":19,"column":4},"end":{"line":21,"column":5}},"type":"if","locations":[{"start":{"line":19,"column":4},"end":{"line":21,"column":5}},{"start":{"line":19,"column":4},"end":{"line":21,"column":5}}],"line":19},"3":{"loc":{"start":{"line":19,"column":8},"end":{"line":19,"column":84}},"type":"binary-expr","locations":[{"start":{"line":19,"column":8},"end":{"line":19,"column":37}},{"start":{"line":19,"column":41},"end":{"line":19,"column":84}}],"line":19},"4":{"loc":{"start":{"line":23,"column":4},"end":{"line":25,"column":5}},"type":"if","locations":[{"start":{"line":23,"column":4},"end":{"line":25,"column":5}},{"start":{"line":23,"column":4},"end":{"line":25,"column":5}}],"line":23},"5":{"loc":{"start":{"line":23,"column":8},"end":{"line":23,"column":75}},"type":"binary-expr","locations":[{"start":{"line":23,"column":8},"end":{"line":23,"column":37}},{"start":{"line":23,"column":41},"end":{"line":23,"column":75}}],"line":23},"6":{"loc":{"start":{"line":64,"column":26},"end":{"line":64,"column":70}},"type":"default-arg","locations":[{"start":{"line":64,"column":65},"end":{"line":64,"column":70}}],"line":64},"7":{"loc":{"start":{"line":67,"column":4},"end":{"line":69,"column":5}},"type":"if","locations":[{"start":{"line":67,"column":4},"end":{"line":69,"column":5}},{"start":{"line":67,"column":4},"end":{"line":69,"column":5}}],"line":67},"8":{"loc":{"start":{"line":71,"column":4},"end":{"line":73,"column":5}},"type":"if","locations":[{"start":{"line":71,"column":4},"end":{"line":73,"column":5}},{"start":{"line":71,"column":4},"end":{"line":73,"column":5}}],"line":71},"9":{"loc":{"start":{"line":75,"column":4},"end":{"line":77,"column":5}},"type":"if","locations":[{"start":{"line":75,"column":4},"end":{"line":77,"column":5}},{"start":{"line":75,"column":4},"end":{"line":77,"column":5}}],"line":75},"10":{"loc":{"start":{"line":79,"column":4},"end":{"line":83,"column":5}},"type":"if","locations":[{"start":{"line":79,"column":4},"end":{"line":83,"column":5}},{"start":{"line":79,"column":4},"end":{"line":83,"column":5}}],"line":79}},"s":{"0":0,"1":0,"2":0,"3":0,"4":0,"5":0,"6":0,"7":0,"8":0,"9":0,"10":0,"11":0,"12":0,"13":0,"14":0,"15":0,"16":0,"17":7,"18":7,"19":0,"20":7,"21":5,"22":7,"23":1,"24":7,"25":0,"26":0,"27":0,"28":7},"f":{"0":0,"1":0,"2":0,"3":0,"4":7},"b":{"0":[0,0],"1":[0,0],"2":[0,0],"3":[0,0],"4":[0,0],"5":[0,0],"6":[0],"7":[0,7],"8":[5,2],"9":[1,6],"10":[0,7]},"_coverageSchema":"1a1c01bbd47fc00a2c39e90264f33305004495a9","hash":"8ce49e5015832b111483f7fc44fe0794bd45f465"}
,"/Users/hu/web/http-request-mock-github/src/mocker.ts": {"path":"/Users/hu/web/http-request-mock-github/src/mocker.ts","statementMap":{"0":{"start":{"line":8,"column":4},"end":{"line":10,"column":5}},"1":{"start":{"line":9,"column":6},"end":{"line":9,"column":29}},"2":{"start":{"line":11,"column":4},"end":{"line":11,"column":27}},"3":{"start":{"line":12,"column":4},"end":{"line":12,"column":29}},"4":{"start":{"line":20,"column":4},"end":{"line":20,"column":41}},"5":{"start":{"line":21,"column":4},"end":{"line":21,"column":16}},"6":{"start":{"line":30,"column":4},"end":{"line":30,"column":35}},"7":{"start":{"line":31,"column":4},"end":{"line":31,"column":16}},"8":{"start":{"line":40,"column":4},"end":{"line":40,"column":25}},"9":{"start":{"line":41,"column":4},"end":{"line":41,"column":16}},"10":{"start":{"line":49,"column":4},"end":{"line":51,"column":5}},"11":{"start":{"line":50,"column":6},"end":{"line":50,"column":18}},"12":{"start":{"line":53,"column":4},"end":{"line":55,"column":23}},"13":{"start":{"line":57,"column":4},"end":{"line":57,"column":93}},"14":{"start":{"line":58,"column":4},"end":{"line":58,"column":102}},"15":{"start":{"line":59,"column":4},"end":{"line":59,"column":81}},"16":{"start":{"line":61,"column":16},"end":{"line":61,"column":52}},"17":{"start":{"line":62,"column":4},"end":{"line":62,"column":36}},"18":{"start":{"line":63,"column":4},"end":{"line":63,"column":16}},"19":{"start":{"line":75,"column":4},"end":{"line":75,"column":85}},"20":{"start":{"line":76,"column":4},"end":{"line":76,"column":16}},"21":{"start":{"line":88,"column":4},"end":{"line":88,"column":86}},"22":{"start":{"line":89,"column":4},"end":{"line":89,"column":16}},"23":{"start":{"line":101,"column":4},"end":{"line":101,"column":85}},"24":{"start":{"line":102,"column":4},"end":{"line":102,"column":16}},"25":{"start":{"line":114,"column":4},"end":{"line":114,"column":87}},"26":{"start":{"line":115,"column":4},"end":{"line":115,"column":16}},"27":{"start":{"line":127,"column":4},"end":{"line":127,"column":88}},"28":{"start":{"line":128,"column":4},"end":{"line":128,"column":16}},"29":{"start":{"line":140,"column":4},"end":{"line":140,"column":85}},"30":{"start":{"line":141,"column":4},"end":{"line":141,"column":16}},"31":{"start":{"line":151,"column":26},"end":{"line":151,"column":44}},"32":{"start":{"line":153,"column":4},"end":{"line":179,"column":5}},"33":{"start":{"line":154,"column":6},"end":{"line":178,"column":19}},"34":{"start":{"line":155,"column":21},"end":{"line":155,"column":45}},"35":{"start":{"line":156,"column":8},"end":{"line":158,"column":9}},"36":{"start":{"line":157,"column":10},"end":{"line":157,"column":19}},"37":{"start":{"line":160,"column":23},"end":{"line":160,"column":53}},"38":{"start":{"line":161,"column":8},"end":{"line":163,"column":9}},"39":{"start":{"line":162,"column":10},"end":{"line":162,"column":19}},"40":{"start":{"line":165,"column":8},"end":{"line":169,"column":9}},"41":{"start":{"line":168,"column":10},"end":{"line":168,"column":22}},"42":{"start":{"line":171,"column":8},"end":{"line":173,"column":9}},"43":{"start":{"line":172,"column":10},"end":{"line":172,"column":22}},"44":{"start":{"line":175,"column":8},"end":{"line":177,"column":9}},"45":{"start":{"line":176,"column":10},"end":{"line":176,"column":22}},"46":{"start":{"line":180,"column":4},"end":{"line":180,"column":16}}},"fnMap":{"0":{"name":"(anonymous_0)","decl":{"start":{"line":7,"column":2},"end":{"line":7,"column":3}},"loc":{"start":{"line":7,"column":16},"end":{"line":13,"column":3}},"line":7},"1":{"name":"(anonymous_1)","decl":{"start":{"line":19,"column":2},"end":{"line":19,"column":3}},"loc":{"start":{"line":19,"column":53},"end":{"line":22,"column":3}},"line":19},"2":{"name":"(anonymous_2)","decl":{"start":{"line":29,"column":2},"end":{"line":29,"column":3}},"loc":{"start":{"line":29,"column":54},"end":{"line":32,"column":3}},"line":29},"3":{"name":"(anonymous_3)","decl":{"start":{"line":39,"column":2},"end":{"line":39,"column":3}},"loc":{"start":{"line":39,"column":17},"end":{"line":42,"column":3}},"line":39},"4":{"name":"(anonymous_4)","decl":{"start":{"line":48,"column":2},"end":{"line":48,"column":3}},"loc":{"start":{"line":48,"column":38},"end":{"line":64,"column":3}},"line":48},"5":{"name":"(anonymous_5)","decl":{"start":{"line":74,"column":2},"end":{"line":74,"column":3}},"loc":{"start":{"line":74,"column":112},"end":{"line":77,"column":3}},"line":74},"6":{"name":"(anonymous_6)","decl":{"start":{"line":87,"column":2},"end":{"line":87,"column":3}},"loc":{"start":{"line":87,"column":113},"end":{"line":90,"column":3}},"line":87},"7":{"name":"(anonymous_7)","decl":{"start":{"line":100,"column":2},"end":{"line":100,"column":3}},"loc":{"start":{"line":100,"column":112},"end":{"line":103,"column":3}},"line":100},"8":{"name":"(anonymous_8)","decl":{"start":{"line":113,"column":2},"end":{"line":113,"column":3}},"loc":{"start":{"line":113,"column":114},"end":{"line":116,"column":3}},"line":113},"9":{"name":"(anonymous_9)","decl":{"start":{"line":126,"column":2},"end":{"line":126,"column":3}},"loc":{"start":{"line":126,"column":115},"end":{"line":129,"column":3}},"line":126},"10":{"name":"(anonymous_10)","decl":{"start":{"line":139,"column":2},"end":{"line":139,"column":3}},"loc":{"start":{"line":139,"column":112},"end":{"line":142,"column":3}},"line":139},"11":{"name":"(anonymous_11)","decl":{"start":{"line":150,"column":2},"end":{"line":150,"column":3}},"loc":{"start":{"line":150,"column":91},"end":{"line":181,"column":3}},"line":150}},"branchMap":{"0":{"loc":{"start":{"line":8,"column":4},"end":{"line":10,"column":5}},"type":"if","locations":[{"start":{"line":8,"column":4},"end":{"line":10,"column":5}},{"start":{"line":8,"column":4},"end":{"line":10,"column":5}}],"line":8},"1":{"loc":{"start":{"line":49,"column":4},"end":{"line":51,"column":5}},"type":"if","locations":[{"start":{"line":49,"column":4},"end":{"line":51,"column":5}},{"start":{"line":49,"column":4},"end":{"line":51,"column":5}}],"line":49},"2":{"loc":{"start":{"line":49,"column":8},"end":{"line":49,"column":96}},"type":"binary-expr","locations":[{"start":{"line":49,"column":8},"end":{"line":49,"column":21}},{"start":{"line":49,"column":26},"end":{"line":49,"column":58}},{"start":{"line":49,"column":62},"end":{"line":49,"column":95}}],"line":49},"3":{"loc":{"start":{"line":53,"column":22},"end":{"line":55,"column":22}},"type":"cond-expr","locations":[{"start":{"line":54,"column":8},"end":{"line":54,"column":32}},{"start":{"line":55,"column":8},"end":{"line":55,"column":22}}],"line":53},"4":{"loc":{"start":{"line":53,"column":64},"end":{"line":53,"column":85}},"type":"binary-expr","locations":[{"start":{"line":53,"column":64},"end":{"line":53,"column":79}},{"start":{"line":53,"column":83},"end":{"line":53,"column":85}}],"line":53},"5":{"loc":{"start":{"line":57,"column":21},"end":{"line":57,"column":92}},"type":"cond-expr","locations":[{"start":{"line":57,"column":52},"end":{"line":57,"column":53}},{"start":{"line":57,"column":56},"end":{"line":57,"column":92}}],"line":57},"6":{"loc":{"start":{"line":58,"column":22},"end":{"line":58,"column":101}},"type":"cond-expr","locations":[{"start":{"line":58,"column":71},"end":{"line":58,"column":95}},{"start":{"line":58,"column":98},"end":{"line":58,"column":101}}],"line":58},"7":{"loc":{"start":{"line":59,"column":22},"end":{"line":59,"column":80}},"type":"cond-expr","locations":[{"start":{"line":59,"column":60},"end":{"line":59,"column":75}},{"start":{"line":59,"column":78},"end":{"line":59,"column":80}}],"line":59},"8":{"loc":{"start":{"line":74,"column":50},"end":{"line":74,"column":67}},"type":"default-arg","locations":[{"start":{"line":74,"column":66},"end":{"line":74,"column":67}}],"line":74},"9":{"loc":{"start":{"line":74,"column":69},"end":{"line":74,"column":89}},"type":"default-arg","locations":[{"start":{"line":74,"column":86},"end":{"line":74,"column":89}}],"line":74},"10":{"loc":{"start":{"line":74,"column":91},"end":{"line":74,"column":110}},"type":"default-arg","locations":[{"start":{"line":74,"column":108},"end":{"line":74,"column":110}}],"line":74},"11":{"loc":{"start":{"line":87,"column":51},"end":{"line":87,"column":68}},"type":"default-arg","locations":[{"start":{"line":87,"column":67},"end":{"line":87,"column":68}}],"line":87},"12":{"loc":{"start":{"line":87,"column":70},"end":{"line":87,"column":90}},"type":"default-arg","locations":[{"start":{"line":87,"column":87},"end":{"line":87,"column":90}}],"line":87},"13":{"loc":{"start":{"line":87,"column":92},"end":{"line":87,"column":111}},"type":"default-arg","locations":[{"start":{"line":87,"column":109},"end":{"line":87,"column":111}}],"line":87},"14":{"loc":{"start":{"line":100,"column":50},"end":{"line":100,"column":67}},"type":"default-arg","locations":[{"start":{"line":100,"column":66},"end":{"line":100,"column":67}}],"line":100},"15":{"loc":{"start":{"line":100,"column":69},"end":{"line":100,"column":89}},"type":"default-arg","locations":[{"start":{"line":100,"column":86},"end":{"line":100,"column":89}}],"line":100},"16":{"loc":{"start":{"line":100,"column":91},"end":{"line":100,"column":110}},"type":"default-arg","locations":[{"start":{"line":100,"column":108},"end":{"line":100,"column":110}}],"line":100},"17":{"loc":{"start":{"line":113,"column":52},"end":{"line":113,"column":69}},"type":"default-arg","locations":[{"start":{"line":113,"column":68},"end":{"line":113,"column":69}}],"line":113},"18":{"loc":{"start":{"line":113,"column":71},"end":{"line":113,"column":91}},"type":"default-arg","locations":[{"start":{"line":113,"column":88},"end":{"line":113,"column":91}}],"line":113},"19":{"loc":{"start":{"line":113,"column":93},"end":{"line":113,"column":112}},"type":"default-arg","locations":[{"start":{"line":113,"column":110},"end":{"line":113,"column":112}}],"line":113},"20":{"loc":{"start":{"line":126,"column":53},"end":{"line":126,"column":70}},"type":"default-arg","locations":[{"start":{"line":126,"column":69},"end":{"line":126,"column":70}}],"line":126},"21":{"loc":{"start":{"line":126,"column":72},"end":{"line":126,"column":92}},"type":"default-arg","locations":[{"start":{"line":126,"column":89},"end":{"line":126,"column":92}}],"line":126},"22":{"loc":{"start":{"line":126,"column":94},"end":{"line":126,"column":113}},"type":"default-arg","locations":[{"start":{"line":126,"column":111},"end":{"line":126,"column":113}}],"line":126},"23":{"loc":{"start":{"line":139,"column":50},"end":{"line":139,"column":67}},"type":"default-arg","locations":[{"start":{"line":139,"column":66},"end":{"line":139,"column":67}}],"line":139},"24":{"loc":{"start":{"line":139,"column":69},"end":{"line":139,"column":89}},"type":"default-arg","locations":[{"start":{"line":139,"column":86},"end":{"line":139,"column":89}}],"line":139},"25":{"loc":{"start":{"line":139,"column":91},"end":{"line":139,"column":110}},"type":"default-arg","locations":[{"start":{"line":139,"column":108},"end":{"line":139,"column":110}}],"line":139},"26":{"loc":{"start":{"line":151,"column":26},"end":{"line":151,"column":44}},"type":"binary-expr","locations":[{"start":{"line":151,"column":26},"end":{"line":151,"column":35}},{"start":{"line":151,"column":39},"end":{"line":151,"column":44}}],"line":151},"27":{"loc":{"start":{"line":156,"column":8},"end":{"line":158,"column":9}},"type":"if","locations":[{"start":{"line":156,"column":8},"end":{"line":158,"column":9}},{"start":{"line":156,"column":8},"end":{"line":158,"column":9}}],"line":156},"28":{"loc":{"start":{"line":161,"column":8},"end":{"line":163,"column":9}},"type":"if","locations":[{"start":{"line":161,"column":8},"end":{"line":163,"column":9}},{"start":{"line":161,"column":8},"end":{"line":163,"column":9}}],"line":161},"29":{"loc":{"start":{"line":161,"column":12},"end":{"line":161,"column":75}},"type":"binary-expr","locations":[{"start":{"line":161,"column":12},"end":{"line":161,"column":28}},{"start":{"line":161,"column":32},"end":{"line":161,"column":75}}],"line":161},"30":{"loc":{"start":{"line":165,"column":8},"end":{"line":169,"column":9}},"type":"if","locations":[{"start":{"line":165,"column":8},"end":{"line":169,"column":9}},{"start":{"line":165,"column":8},"end":{"line":169,"column":9}}],"line":165},"31":{"loc":{"start":{"line":165,"column":12},"end":{"line":166,"column":68}},"type":"binary-expr","locations":[{"start":{"line":165,"column":12},"end":{"line":165,"column":38}},{"start":{"line":165,"column":42},"end":{"line":165,"column":66}},{"start":{"line":166,"column":13},"end":{"line":166,"column":68}}],"line":165},"32":{"loc":{"start":{"line":171,"column":8},"end":{"line":173,"column":9}},"type":"if","locations":[{"start":{"line":171,"column":8},"end":{"line":173,"column":9}},{"start":{"line":171,"column":8},"end":{"line":173,"column":9}}],"line":171},"33":{"loc":{"start":{"line":171,"column":12},"end":{"line":171,"column":65}},"type":"binary-expr","locations":[{"start":{"line":171,"column":13},"end":{"line":171,"column":39}},{"start":{"line":171,"column":44},"end":{"line":171,"column":65}}],"line":171},"34":{"loc":{"start":{"line":175,"column":8},"end":{"line":177,"column":9}},"type":"if","locations":[{"start":{"line":175,"column":8},"end":{"line":177,"column":9}},{"start":{"line":175,"column":8},"end":{"line":177,"column":9}}],"line":175}},"s":{"0":7,"1":0,"2":7,"3":7,"4":0,"5":0,"6":130,"7":130,"8":0,"9":0,"10":130,"11":0,"12":130,"13":130,"14":130,"15":130,"16":130,"17":130,"18":130,"19":12,"20":12,"21":12,"22":12,"23":6,"24":6,"25":6,"26":6,"27":6,"28":6,"29":26,"30":26,"31":125,"32":125,"33":1308,"34":1308,"35":1308,"36":0,"37":1308,"38":1308,"39":630,"40":678,"41":0,"42":678,"43":5,"44":673,"45":119,"46":1},"f":{"0":7,"1":0,"2":130,"3":0,"4":130,"5":12,"6":12,"7":6,"8":6,"9":6,"10":26,"11":125},"b":{"0":[0,7],"1":[0,130],"2":[130,130,6],"3":[116,14],"4":[130,14],"5":[56,74],"6":[74,56],"7":[75,55],"8":[12],"9":[12],"10":[12],"11":[12],"12":[12],"13":[12],"14":[6],"15":[6],"16":[6],"17":[6],"18":[6],"19":[6],"20":[6],"21":[6],"22":[6],"23":[23],"24":[23],"25":[23],"26":[125,0],"27":[0,1308],"28":[630,678],"29":[1308,884],"30":[0,678],"31":[678,0,0],"32":[5,673],"33":[678,102],"34":[119,554]},"_coverageSchema":"1a1c01bbd47fc00a2c39e90264f33305004495a9","hash":"b92d790da328f55b4508ed5f4c856788cd802912"}
,"/Users/hu/web/http-request-mock-github/src/inteceptor/base.ts": {"path":"/Users/hu/web/http-request-mock-github/src/inteceptor/base.ts","statementMap":{"0":{"start":{"line":11,"column":4},"end":{"line":11,"column":25}},"1":{"start":{"line":12,"column":4},"end":{"line":12,"column":45}},"2":{"start":{"line":19,"column":4},"end":{"line":19,"column":87}},"3":{"start":{"line":26,"column":4},"end":{"line":32,"column":5}},"4":{"start":{"line":27,"column":6},"end":{"line":27,"column":20}},"5":{"start":{"line":28,"column":11},"end":{"line":32,"column":5}},"6":{"start":{"line":29,"column":6},"end":{"line":29,"column":20}},"7":{"start":{"line":30,"column":11},"end":{"line":32,"column":5}},"8":{"start":{"line":31,"column":6},"end":{"line":31,"column":18}},"9":{"start":{"line":33,"column":4},"end":{"line":33,"column":52}},"10":{"start":{"line":43,"column":4},"end":{"line":43,"column":56}},"11":{"start":{"line":51,"column":4},"end":{"line":61,"column":11}},"12":{"start":{"line":57,"column":24},"end":{"line":57,"column":39}},"13":{"start":{"line":58,"column":10},"end":{"line":58,"column":36}},"14":{"start":{"line":59,"column":10},"end":{"line":59,"column":21}}},"fnMap":{"0":{"name":"(anonymous_0)","decl":{"start":{"line":10,"column":2},"end":{"line":10,"column":3}},"loc":{"start":{"line":10,"column":30},"end":{"line":13,"column":3}},"line":10},"1":{"name":"(anonymous_1)","decl":{"start":{"line":18,"column":2},"end":{"line":18,"column":3}},"loc":{"start":{"line":18,"column":38},"end":{"line":20,"column":3}},"line":18},"2":{"name":"(anonymous_2)","decl":{"start":{"line":25,"column":2},"end":{"line":25,"column":3}},"loc":{"start":{"line":25,"column":34},"end":{"line":34,"column":3}},"line":25},"3":{"name":"(anonymous_3)","decl":{"start":{"line":42,"column":2},"end":{"line":42,"column":3}},"loc":{"start":{"line":42,"column":97},"end":{"line":44,"column":3}},"line":42},"4":{"name":"(anonymous_4)","decl":{"start":{"line":50,"column":2},"end":{"line":50,"column":3}},"loc":{"start":{"line":50,"column":44},"end":{"line":62,"column":3}},"line":50},"5":{"name":"(anonymous_5)","decl":{"start":{"line":56,"column":16},"end":{"line":56,"column":17}},"loc":{"start":{"line":56,"column":47},"end":{"line":60,"column":9}},"line":56}},"branchMap":{"0":{"loc":{"start":{"line":26,"column":4},"end":{"line":32,"column":5}},"type":"if","locations":[{"start":{"line":26,"column":4},"end":{"line":32,"column":5}},{"start":{"line":26,"column":4},"end":{"line":32,"column":5}}],"line":26},"1":{"loc":{"start":{"line":28,"column":11},"end":{"line":32,"column":5}},"type":"if","locations":[{"start":{"line":28,"column":11},"end":{"line":32,"column":5}},{"start":{"line":28,"column":11},"end":{"line":32,"column":5}}],"line":28},"2":{"loc":{"start":{"line":30,"column":11},"end":{"line":32,"column":5}},"type":"if","locations":[{"start":{"line":30,"column":11},"end":{"line":32,"column":5}},{"start":{"line":30,"column":11},"end":{"line":32,"column":5}}],"line":30},"3":{"loc":{"start":{"line":51,"column":11},"end":{"line":61,"column":10}},"type":"cond-expr","locations":[{"start":{"line":52,"column":8},"end":{"line":60,"column":14}},{"start":{"line":61,"column":8},"end":{"line":61,"column":10}}],"line":51},"4":{"loc":{"start":{"line":58,"column":20},"end":{"line":58,"column":27}},"type":"binary-expr","locations":[{"start":{"line":58,"column":20},"end":{"line":58,"column":21}},{"start":{"line":58,"column":25},"end":{"line":58,"column":27}}],"line":58}},"s":{"0":6,"1":6,"2":0,"3":12,"4":12,"5":0,"6":0,"7":0,"8":0,"9":0,"10":125,"11":124,"12":15,"13":15,"14":15},"f":{"0":6,"1":0,"2":12,"3":125,"4":124,"5":15},"b":{"0":[12,0],"1":[0,0],"2":[0,0],"3":[10,114],"4":[15,0]},"_coverageSchema":"1a1c01bbd47fc00a2c39e90264f33305004495a9","hash":"de7a4984e24406903bc3d6293441faeed1d19d9e"}
,"/Users/hu/web/http-request-mock-github/src/inteceptor/fetch.ts": {"path":"/Users/hu/web/http-request-mock-github/src/inteceptor/fetch.ts","statementMap":{"0":{"start":{"line":11,"column":4},"end":{"line":11,"column":18}},"1":{"start":{"line":13,"column":4},"end":{"line":15,"column":5}},"2":{"start":{"line":14,"column":6},"end":{"line":14,"column":39}},"3":{"start":{"line":17,"column":4},"end":{"line":17,"column":37}},"4":{"start":{"line":18,"column":4},"end":{"line":18,"column":53}},"5":{"start":{"line":19,"column":4},"end":{"line":19,"column":21}},"6":{"start":{"line":21,"column":4},"end":{"line":21,"column":16}},"7":{"start":{"line":25,"column":19},"end":{"line":25,"column":35}},"8":{"start":{"line":26,"column":4},"end":{"line":28,"column":5}},"9":{"start":{"line":27,"column":6},"end":{"line":27,"column":35}},"10":{"start":{"line":29,"column":4},"end":{"line":29,"column":40}},"11":{"start":{"line":37,"column":15},"end":{"line":37,"column":19}},"12":{"start":{"line":38,"column":4},"end":{"line":66,"column":6}},"13":{"start":{"line":39,"column":19},"end":{"line":39,"column":44}},"14":{"start":{"line":45,"column":6},"end":{"line":51,"column":7}},"15":{"start":{"line":46,"column":8},"end":{"line":46,"column":32}},"16":{"start":{"line":47,"column":8},"end":{"line":47,"column":25}},"17":{"start":{"line":49,"column":8},"end":{"line":49,"column":22}},"18":{"start":{"line":50,"column":8},"end":{"line":50,"column":25}},"19":{"start":{"line":53,"column":21},"end":{"line":53,"column":68}},"20":{"start":{"line":55,"column":6},"end":{"line":65,"column":9}},"21":{"start":{"line":56,"column":43},"end":{"line":56,"column":75}},"22":{"start":{"line":57,"column":8},"end":{"line":64,"column":9}},"23":{"start":{"line":58,"column":30},"end":{"line":58,"column":66}},"24":{"start":{"line":59,"column":10},"end":{"line":59,"column":47}},"25":{"start":{"line":61,"column":10},"end":{"line":61,"column":56}},"26":{"start":{"line":63,"column":10},"end":{"line":63,"column":56}},"27":{"start":{"line":67,"column":4},"end":{"line":67,"column":16}},"28":{"start":{"line":77,"column":4},"end":{"line":83,"column":5}},"29":{"start":{"line":78,"column":6},"end":{"line":81,"column":9}},"30":{"start":{"line":79,"column":29},"end":{"line":79,"column":83}},"31":{"start":{"line":80,"column":8},"end":{"line":80,"column":58}},"32":{"start":{"line":82,"column":6},"end":{"line":82,"column":13}},"33":{"start":{"line":85,"column":25},"end":{"line":85,"column":81}},"34":{"start":{"line":86,"column":4},"end":{"line":86,"column":54}},"35":{"start":{"line":96,"column":4},"end":{"line":105,"column":5}},"36":{"start":{"line":97,"column":6},"end":{"line":103,"column":7}},"37":{"start":{"line":98,"column":8},"end":{"line":100,"column":25}},"38":{"start":{"line":99,"column":10},"end":{"line":99,"column":28}},"39":{"start":{"line":102,"column":8},"end":{"line":102,"column":26}},"40":{"start":{"line":104,"column":6},"end":{"line":104,"column":13}},"41":{"start":{"line":116,"column":17},"end":{"line":116,"column":112}},"42":{"start":{"line":117,"column":19},"end":{"line":117,"column":38}},"43":{"start":{"line":118,"column":23},"end":{"line":118,"column":52}},"44":{"start":{"line":120,"column":20},"end":{"line":122,"column":45}},"45":{"start":{"line":124,"column":17},"end":{"line":126,"column":12}},"46":{"start":{"line":128,"column":4},"end":{"line":132,"column":5}},"47":{"start":{"line":129,"column":23},"end":{"line":129,"column":73}},"48":{"start":{"line":130,"column":6},"end":{"line":130,"column":73}},"49":{"start":{"line":131,"column":6},"end":{"line":131,"column":22}},"50":{"start":{"line":134,"column":21},"end":{"line":155,"column":5}},"51":{"start":{"line":146,"column":18},"end":{"line":146,"column":39}},"52":{"start":{"line":147,"column":25},"end":{"line":147,"column":46}},"53":{"start":{"line":148,"column":18},"end":{"line":148,"column":39}},"54":{"start":{"line":149,"column":22},"end":{"line":149,"column":43}},"55":{"start":{"line":150,"column":18},"end":{"line":150,"column":89}},"56":{"start":{"line":152,"column":19},"end":{"line":152,"column":27}},"57":{"start":{"line":153,"column":19},"end":{"line":153,"column":27}},"58":{"start":{"line":154,"column":22},"end":{"line":154,"column":30}},"59":{"start":{"line":156,"column":4},"end":{"line":156,"column":20}}},"fnMap":{"0":{"name":"(anonymous_0)","decl":{"start":{"line":10,"column":2},"end":{"line":10,"column":3}},"loc":{"start":{"line":10,"column":30},"end":{"line":22,"column":3}},"line":10},"1":{"name":"(anonymous_1)","decl":{"start":{"line":24,"column":2},"end":{"line":24,"column":3}},"loc":{"start":{"line":24,"column":42},"end":{"line":30,"column":3}},"line":24},"2":{"name":"(anonymous_2)","decl":{"start":{"line":27,"column":21},"end":{"line":27,"column":22}},"loc":{"start":{"line":27,"column":32},"end":{"line":27,"column":34}},"line":27},"3":{"name":"(anonymous_3)","decl":{"start":{"line":36,"column":2},"end":{"line":36,"column":3}},"loc":{"start":{"line":36,"column":22},"end":{"line":68,"column":3}},"line":36},"4":{"name":"(anonymous_4)","decl":{"start":{"line":38,"column":24},"end":{"line":38,"column":25}},"loc":{"start":{"line":38,"column":35},"end":{"line":66,"column":5}},"line":38},"5":{"name":"(anonymous_5)","decl":{"start":{"line":55,"column":25},"end":{"line":55,"column":26}},"loc":{"start":{"line":55,"column":46},"end":{"line":65,"column":7}},"line":55},"6":{"name":"(anonymous_6)","decl":{"start":{"line":76,"column":2},"end":{"line":76,"column":3}},"loc":{"start":{"line":76,"column":95},"end":{"line":87,"column":3}},"line":76},"7":{"name":"(anonymous_7)","decl":{"start":{"line":78,"column":63},"end":{"line":78,"column":64}},"loc":{"start":{"line":78,"column":73},"end":{"line":81,"column":7}},"line":78},"8":{"name":"(anonymous_8)","decl":{"start":{"line":95,"column":2},"end":{"line":95,"column":3}},"loc":{"start":{"line":95,"column":80},"end":{"line":106,"column":3}},"line":95},"9":{"name":"(anonymous_9)","decl":{"start":{"line":98,"column":19},"end":{"line":98,"column":20}},"loc":{"start":{"line":98,"column":25},"end":{"line":100,"column":9}},"line":98},"10":{"name":"(anonymous_10)","decl":{"start":{"line":115,"column":2},"end":{"line":115,"column":3}},"loc":{"start":{"line":115,"column":95},"end":{"line":157,"column":3}},"line":115},"11":{"name":"(anonymous_11)","decl":{"start":{"line":146,"column":12},"end":{"line":146,"column":13}},"loc":{"start":{"line":146,"column":18},"end":{"line":146,"column":39}},"line":146},"12":{"name":"(anonymous_12)","decl":{"start":{"line":147,"column":19},"end":{"line":147,"column":20}},"loc":{"start":{"line":147,"column":25},"end":{"line":147,"column":46}},"line":147},"13":{"name":"(anonymous_13)","decl":{"start":{"line":148,"column":12},"end":{"line":148,"column":13}},"loc":{"start":{"line":148,"column":18},"end":{"line":148,"column":39}},"line":148},"14":{"name":"(anonymous_14)","decl":{"start":{"line":149,"column":16},"end":{"line":149,"column":17}},"loc":{"start":{"line":149,"column":22},"end":{"line":149,"column":43}},"line":149},"15":{"name":"(anonymous_15)","decl":{"start":{"line":150,"column":12},"end":{"line":150,"column":13}},"loc":{"start":{"line":150,"column":18},"end":{"line":150,"column":89}},"line":150},"16":{"name":"(anonymous_16)","decl":{"start":{"line":152,"column":13},"end":{"line":152,"column":14}},"loc":{"start":{"line":152,"column":19},"end":{"line":152,"column":27}},"line":152},"17":{"name":"(anonymous_17)","decl":{"start":{"line":153,"column":13},"end":{"line":153,"column":14}},"loc":{"start":{"line":153,"column":19},"end":{"line":153,"column":27}},"line":153},"18":{"name":"(anonymous_18)","decl":{"start":{"line":154,"column":16},"end":{"line":154,"column":17}},"loc":{"start":{"line":154,"column":22},"end":{"line":154,"column":30}},"line":154}},"branchMap":{"0":{"loc":{"start":{"line":13,"column":4},"end":{"line":15,"column":5}},"type":"if","locations":[{"start":{"line":13,"column":4},"end":{"line":15,"column":5}},{"start":{"line":13,"column":4},"end":{"line":15,"column":5}}],"line":13},"1":{"loc":{"start":{"line":26,"column":4},"end":{"line":28,"column":5}},"type":"if","locations":[{"start":{"line":26,"column":4},"end":{"line":28,"column":5}},{"start":{"line":26,"column":4},"end":{"line":28,"column":5}}],"line":26},"2":{"loc":{"start":{"line":45,"column":6},"end":{"line":51,"column":7}},"type":"if","locations":[{"start":{"line":45,"column":6},"end":{"line":51,"column":7}},{"start":{"line":45,"column":6},"end":{"line":51,"column":7}}],"line":45},"3":{"loc":{"start":{"line":46,"column":14},"end":{"line":46,"column":31}},"type":"binary-expr","locations":[{"start":{"line":46,"column":14},"end":{"line":46,"column":25}},{"start":{"line":46,"column":29},"end":{"line":46,"column":31}}],"line":46},"4":{"loc":{"start":{"line":53,"column":21},"end":{"line":53,"column":68}},"type":"cond-expr","locations":[{"start":{"line":53,"column":47},"end":{"line":53,"column":60}},{"start":{"line":53,"column":63},"end":{"line":53,"column":68}}],"line":53},"5":{"loc":{"start":{"line":53,"column":21},"end":{"line":53,"column":44}},"type":"binary-expr","locations":[{"start":{"line":53,"column":21},"end":{"line":53,"column":27}},{"start":{"line":53,"column":31},"end":{"line":53,"column":44}}],"line":53},"6":{"loc":{"start":{"line":57,"column":8},"end":{"line":64,"column":9}},"type":"if","locations":[{"start":{"line":57,"column":8},"end":{"line":64,"column":9}},{"start":{"line":57,"column":8},"end":{"line":64,"column":9}}],"line":57},"7":{"loc":{"start":{"line":77,"column":4},"end":{"line":83,"column":5}},"type":"if","locations":[{"start":{"line":77,"column":4},"end":{"line":83,"column":5}},{"start":{"line":77,"column":4},"end":{"line":83,"column":5}}],"line":77},"8":{"loc":{"start":{"line":96,"column":4},"end":{"line":105,"column":5}},"type":"if","locations":[{"start":{"line":96,"column":4},"end":{"line":105,"column":5}},{"start":{"line":96,"column":4},"end":{"line":105,"column":5}}],"line":96},"9":{"loc":{"start":{"line":97,"column":6},"end":{"line":103,"column":7}},"type":"if","locations":[{"start":{"line":97,"column":6},"end":{"line":103,"column":7}},{"start":{"line":97,"column":6},"end":{"line":103,"column":7}}],"line":97},"10":{"loc":{"start":{"line":97,"column":10},"end":{"line":97,"column":40}},"type":"binary-expr","locations":[{"start":{"line":97,"column":10},"end":{"line":97,"column":21}},{"start":{"line":97,"column":25},"end":{"line":97,"column":40}}],"line":97},"11":{"loc":{"start":{"line":116,"column":17},"end":{"line":116,"column":112}},"type":"cond-expr","locations":[{"start":{"line":116,"column":60},"end":{"line":116,"column":91}},{"start":{"line":116,"column":94},"end":{"line":116,"column":112}}],"line":116},"12":{"loc":{"start":{"line":117,"column":19},"end":{"line":117,"column":38}},"type":"binary-expr","locations":[{"start":{"line":117,"column":19},"end":{"line":117,"column":31}},{"start":{"line":117,"column":35},"end":{"line":117,"column":38}}],"line":117},"13":{"loc":{"start":{"line":118,"column":23},"end":{"line":118,"column":52}},"type":"binary-expr","locations":[{"start":{"line":118,"column":23},"end":{"line":118,"column":46}},{"start":{"line":118,"column":50},"end":{"line":118,"column":52}}],"line":118},"14":{"loc":{"start":{"line":120,"column":20},"end":{"line":122,"column":45}},"type":"cond-expr","locations":[{"start":{"line":121,"column":8},"end":{"line":121,"column":58}},{"start":{"line":122,"column":8},"end":{"line":122,"column":45}}],"line":120},"15":{"loc":{"start":{"line":124,"column":17},"end":{"line":126,"column":12}},"type":"cond-expr","locations":[{"start":{"line":125,"column":8},"end":{"line":125,"column":74}},{"start":{"line":126,"column":8},"end":{"line":126,"column":12}}],"line":124},"16":{"loc":{"start":{"line":125,"column":18},"end":{"line":125,"column":72}},"type":"cond-expr","locations":[{"start":{"line":125,"column":45},"end":{"line":125,"column":49}},{"start":{"line":125,"column":52},"end":{"line":125,"column":72}}],"line":125},"17":{"loc":{"start":{"line":128,"column":4},"end":{"line":132,"column":5}},"type":"if","locations":[{"start":{"line":128,"column":4},"end":{"line":132,"column":5}},{"start":{"line":128,"column":4},"end":{"line":132,"column":5}}],"line":128},"18":{"loc":{"start":{"line":150,"column":34},"end":{"line":150,"column":88}},"type":"cond-expr","locations":[{"start":{"line":150,"column":61},"end":{"line":150,"column":65}},{"start":{"line":150,"column":68},"end":{"line":150,"column":88}}],"line":150}},"s":{"0":1,"1":1,"2":0,"3":1,"4":1,"5":1,"6":1,"7":1,"8":1,"9":1,"10":1,"11":1,"12":1,"13":25,"14":25,"15":0,"16":0,"17":25,"18":25,"19":25,"20":25,"21":25,"22":25,"23":25,"24":25,"25":25,"26":0,"27":1,"28":25,"29":0,"30":0,"31":0,"32":0,"33":25,"34":25,"35":25,"36":25,"37":1,"38":1,"39":24,"40":25,"41":25,"42":25,"43":25,"44":25,"45":25,"46":25,"47":0,"48":0,"49":0,"50":25,"51":25,"52":0,"53":0,"54":0,"55":0,"56":0,"57":0,"58":0,"59":25},"f":{"0":1,"1":1,"2":0,"3":1,"4":25,"5":25,"6":25,"7":0,"8":25,"9":1,"10":25,"11":25,"12":0,"13":0,"14":0,"15":0,"16":0,"17":0,"18":0},"b":{"0":[0,1],"1":[1,0],"2":[0,25],"3":[0,0],"4":[25,0],"5":[25,25],"6":[25,0],"7":[0,25],"8":[25,0],"9":[1,24],"10":[25,1],"11":[3,22],"12":[25,0],"13":[25,0],"14":[25,0],"15":[25,0],"16":[19,6],"17":[0,25],"18":[0,0]},"_coverageSchema":"1a1c01bbd47fc00a2c39e90264f33305004495a9","hash":"b02b20c8f736e095d8f0bcfeabd8bc02cfad0e28"}
,"/Users/hu/web/http-request-mock-github/src/inteceptor/wx-request.ts": {"path":"/Users/hu/web/http-request-mock-github/src/inteceptor/wx-request.ts","statementMap":{"0":{"start":{"line":10,"column":4},"end":{"line":10,"column":18}},"1":{"start":{"line":12,"column":4},"end":{"line":14,"column":5}},"2":{"start":{"line":13,"column":6},"end":{"line":13,"column":43}},"3":{"start":{"line":16,"column":4},"end":{"line":16,"column":41}},"4":{"start":{"line":17,"column":4},"end":{"line":17,"column":53}},"5":{"start":{"line":18,"column":4},"end":{"line":18,"column":21}},"6":{"start":{"line":19,"column":4},"end":{"line":19,"column":16}},"7":{"start":{"line":26,"column":19},"end":{"line":26,"column":35}},"8":{"start":{"line":27,"column":4},"end":{"line":27,"column":32}},"9":{"start":{"line":28,"column":4},"end":{"line":30,"column":5}},"10":{"start":{"line":29,"column":6},"end":{"line":29,"column":40}},"11":{"start":{"line":31,"column":4},"end":{"line":31,"column":44}},"12":{"start":{"line":39,"column":4},"end":{"line":56,"column":7}},"13":{"start":{"line":44,"column":10},"end":{"line":46,"column":11}},"14":{"start":{"line":45,"column":12},"end":{"line":45,"column":19}},"15":{"start":{"line":48,"column":45},"end":{"line":48,"column":103}},"16":{"start":{"line":49,"column":10},"end":{"line":54,"column":11}},"17":{"start":{"line":50,"column":12},"end":{"line":50,"column":63}},"18":{"start":{"line":51,"column":12},"end":{"line":51,"column":51}},"19":{"start":{"line":53,"column":12},"end":{"line":53,"column":40}},"20":{"start":{"line":57,"column":4},"end":{"line":57,"column":16}},"21":{"start":{"line":66,"column":4},"end":{"line":73,"column":5}},"22":{"start":{"line":68,"column":6},"end":{"line":71,"column":9}},"23":{"start":{"line":69,"column":29},"end":{"line":69,"column":83}},"24":{"start":{"line":70,"column":8},"end":{"line":70,"column":62}},"25":{"start":{"line":72,"column":6},"end":{"line":72,"column":13}},"26":{"start":{"line":75,"column":25},"end":{"line":75,"column":81}},"27":{"start":{"line":76,"column":4},"end":{"line":76,"column":58}},"28":{"start":{"line":86,"column":4},"end":{"line":92,"column":5}},"29":{"start":{"line":87,"column":6},"end":{"line":89,"column":23}},"30":{"start":{"line":88,"column":8},"end":{"line":88,"column":55}},"31":{"start":{"line":91,"column":6},"end":{"line":91,"column":53}},"32":{"start":{"line":102,"column":17},"end":{"line":102,"column":112}},"33":{"start":{"line":105,"column":4},"end":{"line":114,"column":6}},"34":{"start":{"line":123,"column":4},"end":{"line":125,"column":5}},"35":{"start":{"line":124,"column":6},"end":{"line":124,"column":36}},"36":{"start":{"line":127,"column":4},"end":{"line":129,"column":5}},"37":{"start":{"line":128,"column":6},"end":{"line":128,"column":37}}},"fnMap":{"0":{"name":"(anonymous_0)","decl":{"start":{"line":9,"column":2},"end":{"line":9,"column":3}},"loc":{"start":{"line":9,"column":30},"end":{"line":20,"column":3}},"line":9},"1":{"name":"(anonymous_1)","decl":{"start":{"line":25,"column":2},"end":{"line":25,"column":3}},"loc":{"start":{"line":25,"column":42},"end":{"line":32,"column":3}},"line":25},"2":{"name":"(anonymous_2)","decl":{"start":{"line":29,"column":26},"end":{"line":29,"column":27}},"loc":{"start":{"line":29,"column":37},"end":{"line":29,"column":39}},"line":29},"3":{"name":"(anonymous_3)","decl":{"start":{"line":38,"column":2},"end":{"line":38,"column":3}},"loc":{"start":{"line":38,"column":22},"end":{"line":58,"column":3}},"line":38},"4":{"name":"(anonymous_4)","decl":{"start":{"line":43,"column":15},"end":{"line":43,"column":16}},"loc":{"start":{"line":43,"column":47},"end":{"line":55,"column":9}},"line":43},"5":{"name":"(anonymous_5)","decl":{"start":{"line":65,"column":2},"end":{"line":65,"column":3}},"loc":{"start":{"line":65,"column":73},"end":{"line":77,"column":3}},"line":65},"6":{"name":"(anonymous_6)","decl":{"start":{"line":68,"column":63},"end":{"line":68,"column":64}},"loc":{"start":{"line":68,"column":73},"end":{"line":71,"column":7}},"line":68},"7":{"name":"(anonymous_7)","decl":{"start":{"line":85,"column":2},"end":{"line":85,"column":3}},"loc":{"start":{"line":85,"column":89},"end":{"line":93,"column":3}},"line":85},"8":{"name":"(anonymous_8)","decl":{"start":{"line":87,"column":17},"end":{"line":87,"column":18}},"loc":{"start":{"line":87,"column":23},"end":{"line":89,"column":7}},"line":87},"9":{"name":"(anonymous_9)","decl":{"start":{"line":101,"column":2},"end":{"line":101,"column":3}},"loc":{"start":{"line":101,"column":92},"end":{"line":115,"column":3}},"line":101},"10":{"name":"(anonymous_10)","decl":{"start":{"line":122,"column":2},"end":{"line":122,"column":3}},"loc":{"start":{"line":122,"column":73},"end":{"line":130,"column":3}},"line":122}},"branchMap":{"0":{"loc":{"start":{"line":12,"column":4},"end":{"line":14,"column":5}},"type":"if","locations":[{"start":{"line":12,"column":4},"end":{"line":14,"column":5}},{"start":{"line":12,"column":4},"end":{"line":14,"column":5}}],"line":12},"1":{"loc":{"start":{"line":27,"column":16},"end":{"line":27,"column":31}},"type":"binary-expr","locations":[{"start":{"line":27,"column":16},"end":{"line":27,"column":25}},{"start":{"line":27,"column":29},"end":{"line":27,"column":31}}],"line":27},"2":{"loc":{"start":{"line":28,"column":4},"end":{"line":30,"column":5}},"type":"if","locations":[{"start":{"line":28,"column":4},"end":{"line":30,"column":5}},{"start":{"line":28,"column":4},"end":{"line":30,"column":5}}],"line":28},"3":{"loc":{"start":{"line":44,"column":10},"end":{"line":46,"column":11}},"type":"if","locations":[{"start":{"line":44,"column":10},"end":{"line":46,"column":11}},{"start":{"line":44,"column":10},"end":{"line":46,"column":11}}],"line":44},"4":{"loc":{"start":{"line":44,"column":14},"end":{"line":44,"column":46}},"type":"binary-expr","locations":[{"start":{"line":44,"column":14},"end":{"line":44,"column":26}},{"start":{"line":44,"column":30},"end":{"line":44,"column":46}}],"line":44},"5":{"loc":{"start":{"line":49,"column":10},"end":{"line":54,"column":11}},"type":"if","locations":[{"start":{"line":49,"column":10},"end":{"line":54,"column":11}},{"start":{"line":49,"column":10},"end":{"line":54,"column":11}}],"line":49},"6":{"loc":{"start":{"line":66,"column":4},"end":{"line":73,"column":5}},"type":"if","locations":[{"start":{"line":66,"column":4},"end":{"line":73,"column":5}},{"start":{"line":66,"column":4},"end":{"line":73,"column":5}}],"line":66},"7":{"loc":{"start":{"line":86,"column":4},"end":{"line":92,"column":5}},"type":"if","locations":[{"start":{"line":86,"column":4},"end":{"line":92,"column":5}},{"start":{"line":86,"column":4},"end":{"line":92,"column":5}}],"line":86},"8":{"loc":{"start":{"line":86,"column":8},"end":{"line":86,"column":38}},"type":"binary-expr","locations":[{"start":{"line":86,"column":8},"end":{"line":86,"column":19}},{"start":{"line":86,"column":23},"end":{"line":86,"column":38}}],"line":86},"9":{"loc":{"start":{"line":102,"column":17},"end":{"line":102,"column":112}},"type":"cond-expr","locations":[{"start":{"line":102,"column":60},"end":{"line":102,"column":91}},{"start":{"line":102,"column":94},"end":{"line":102,"column":112}}],"line":102},"10":{"loc":{"start":{"line":107,"column":18},"end":{"line":107,"column":37}},"type":"binary-expr","locations":[{"start":{"line":107,"column":18},"end":{"line":107,"column":30}},{"start":{"line":107,"column":34},"end":{"line":107,"column":37}}],"line":107},"11":{"loc":{"start":{"line":123,"column":4},"end":{"line":125,"column":5}},"type":"if","locations":[{"start":{"line":123,"column":4},"end":{"line":125,"column":5}},{"start":{"line":123,"column":4},"end":{"line":125,"column":5}}],"line":123},"12":{"loc":{"start":{"line":127,"column":4},"end":{"line":129,"column":5}},"type":"if","locations":[{"start":{"line":127,"column":4},"end":{"line":129,"column":5}},{"start":{"line":127,"column":4},"end":{"line":129,"column":5}}],"line":127}},"s":{"0":0,"1":0,"2":0,"3":0,"4":0,"5":0,"6":0,"7":0,"8":0,"9":0,"10":0,"11":0,"12":0,"13":0,"14":0,"15":0,"16":0,"17":0,"18":0,"19":0,"20":0,"21":0,"22":0,"23":0,"24":0,"25":0,"26":0,"27":0,"28":0,"29":0,"30":0,"31":0,"32":0,"33":0,"34":0,"35":0,"36":0,"37":0},"f":{"0":0,"1":0,"2":0,"3":0,"4":0,"5":0,"6":0,"7":0,"8":0,"9":0,"10":0},"b":{"0":[0,0],"1":[0,0],"2":[0,0],"3":[0,0],"4":[0,0],"5":[0,0],"6":[0,0],"7":[0,0],"8":[0,0],"9":[0,0],"10":[0,0],"11":[0,0],"12":[0,0]},"_coverageSchema":"1a1c01bbd47fc00a2c39e90264f33305004495a9","hash":"d6d26ad759f1ee884a9bc2069ec2aec589cdd321"}
,"/Users/hu/web/http-request-mock-github/src/inteceptor/xml-http-request.ts": {"path":"/Users/hu/web/http-request-mock-github/src/inteceptor/xml-http-request.ts","statementMap":{"0":{"start":{"line":11,"column":4},"end":{"line":11,"column":18}},"1":{"start":{"line":13,"column":4},"end":{"line":15,"column":5}},"2":{"start":{"line":14,"column":6},"end":{"line":14,"column":48}},"3":{"start":{"line":17,"column":4},"end":{"line":17,"column":46}},"4":{"start":{"line":18,"column":4},"end":{"line":18,"column":52}},"5":{"start":{"line":19,"column":4},"end":{"line":19,"column":21}},"6":{"start":{"line":20,"column":4},"end":{"line":20,"column":16}},"7":{"start":{"line":27,"column":19},"end":{"line":27,"column":35}},"8":{"start":{"line":28,"column":4},"end":{"line":28,"column":67}},"9":{"start":{"line":30,"column":4},"end":{"line":70,"column":5}},"10":{"start":{"line":31,"column":6},"end":{"line":69,"column":8}},"11":{"start":{"line":49,"column":10},"end":{"line":49,"column":19}},"12":{"start":{"line":52,"column":10},"end":{"line":52,"column":21}},"13":{"start":{"line":55,"column":10},"end":{"line":55,"column":20}},"14":{"start":{"line":58,"column":10},"end":{"line":58,"column":20}},"15":{"start":{"line":61,"column":10},"end":{"line":61,"column":20}},"16":{"start":{"line":64,"column":10},"end":{"line":64,"column":20}},"17":{"start":{"line":67,"column":10},"end":{"line":67,"column":20}},"18":{"start":{"line":72,"column":4},"end":{"line":72,"column":49}},"19":{"start":{"line":81,"column":4},"end":{"line":81,"column":25}},"20":{"start":{"line":82,"column":4},"end":{"line":82,"column":25}},"21":{"start":{"line":83,"column":4},"end":{"line":83,"column":37}},"22":{"start":{"line":84,"column":4},"end":{"line":84,"column":42}},"23":{"start":{"line":85,"column":4},"end":{"line":85,"column":38}},"24":{"start":{"line":88,"column":4},"end":{"line":88,"column":31}},"25":{"start":{"line":89,"column":4},"end":{"line":89,"column":27}},"26":{"start":{"line":90,"column":4},"end":{"line":90,"column":31}},"27":{"start":{"line":91,"column":4},"end":{"line":91,"column":33}},"28":{"start":{"line":92,"column":4},"end":{"line":92,"column":29}},"29":{"start":{"line":93,"column":4},"end":{"line":93,"column":32}},"30":{"start":{"line":94,"column":4},"end":{"line":94,"column":32}},"31":{"start":{"line":95,"column":4},"end":{"line":95,"column":16}},"32":{"start":{"line":103,"column":15},"end":{"line":103,"column":19}},"33":{"start":{"line":104,"column":21},"end":{"line":104,"column":34}},"34":{"start":{"line":105,"column":4},"end":{"line":127,"column":7}},"35":{"start":{"line":107,"column":8},"end":{"line":125,"column":10}},"36":{"start":{"line":114,"column":45},"end":{"line":114,"column":77}},"37":{"start":{"line":115,"column":10},"end":{"line":123,"column":11}},"38":{"start":{"line":117,"column":12},"end":{"line":117,"column":38}},"39":{"start":{"line":118,"column":12},"end":{"line":118,"column":41}},"40":{"start":{"line":119,"column":12},"end":{"line":119,"column":101}},"41":{"start":{"line":120,"column":12},"end":{"line":120,"column":57}},"42":{"start":{"line":121,"column":12},"end":{"line":121,"column":37}},"43":{"start":{"line":122,"column":12},"end":{"line":122,"column":19}},"44":{"start":{"line":124,"column":10},"end":{"line":124,"column":73}},"45":{"start":{"line":128,"column":4},"end":{"line":128,"column":16}},"46":{"start":{"line":135,"column":15},"end":{"line":135,"column":19}},"47":{"start":{"line":136,"column":21},"end":{"line":136,"column":34}},"48":{"start":{"line":137,"column":4},"end":{"line":155,"column":7}},"49":{"start":{"line":139,"column":8},"end":{"line":153,"column":10}},"50":{"start":{"line":140,"column":10},"end":{"line":151,"column":11}},"51":{"start":{"line":141,"column":12},"end":{"line":149,"column":13}},"52":{"start":{"line":142,"column":14},"end":{"line":146,"column":15}},"53":{"start":{"line":143,"column":16},"end":{"line":143,"column":60}},"54":{"start":{"line":145,"column":16},"end":{"line":145,"column":48}},"55":{"start":{"line":148,"column":14},"end":{"line":148,"column":46}},"56":{"start":{"line":150,"column":12},"end":{"line":150,"column":85}},"57":{"start":{"line":152,"column":10},"end":{"line":152,"column":43}},"58":{"start":{"line":156,"column":4},"end":{"line":156,"column":16}},"59":{"start":{"line":166,"column":4},"end":{"line":172,"column":5}},"60":{"start":{"line":167,"column":6},"end":{"line":170,"column":9}},"61":{"start":{"line":168,"column":8},"end":{"line":168,"column":75}},"62":{"start":{"line":169,"column":8},"end":{"line":169,"column":40}},"63":{"start":{"line":171,"column":6},"end":{"line":171,"column":13}},"64":{"start":{"line":174,"column":4},"end":{"line":174,"column":73}},"65":{"start":{"line":175,"column":4},"end":{"line":175,"column":36}},"66":{"start":{"line":184,"column":4},"end":{"line":190,"column":5}},"67":{"start":{"line":185,"column":6},"end":{"line":187,"column":23}},"68":{"start":{"line":186,"column":8},"end":{"line":186,"column":37}},"69":{"start":{"line":189,"column":6},"end":{"line":189,"column":35}},"70":{"start":{"line":199,"column":4},"end":{"line":199,"column":107}},"71":{"start":{"line":213,"column":4},"end":{"line":215,"column":5}},"72":{"start":{"line":214,"column":6},"end":{"line":214,"column":46}},"73":{"start":{"line":217,"column":4},"end":{"line":219,"column":5}},"74":{"start":{"line":218,"column":6},"end":{"line":218,"column":34}},"75":{"start":{"line":221,"column":4},"end":{"line":223,"column":5}},"76":{"start":{"line":222,"column":6},"end":{"line":222,"column":37}},"77":{"start":{"line":225,"column":4},"end":{"line":229,"column":5}},"78":{"start":{"line":226,"column":6},"end":{"line":226,"column":55}},"79":{"start":{"line":227,"column":6},"end":{"line":227,"column":43}},"80":{"start":{"line":228,"column":6},"end":{"line":228,"column":46}},"81":{"start":{"line":237,"column":21},"end":{"line":237,"column":51}},"82":{"start":{"line":238,"column":4},"end":{"line":249,"column":7}},"83":{"start":{"line":240,"column":8},"end":{"line":247,"column":10}},"84":{"start":{"line":241,"column":10},"end":{"line":245,"column":11}},"85":{"start":{"line":242,"column":12},"end":{"line":244,"column":28}},"86":{"start":{"line":243,"column":35},"end":{"line":243,"column":61}},"87":{"start":{"line":246,"column":10},"end":{"line":246,"column":43}},"88":{"start":{"line":250,"column":4},"end":{"line":250,"column":16}},"89":{"start":{"line":258,"column":21},"end":{"line":258,"column":47}},"90":{"start":{"line":259,"column":4},"end":{"line":272,"column":7}},"91":{"start":{"line":261,"column":8},"end":{"line":270,"column":10}},"92":{"start":{"line":262,"column":10},"end":{"line":268,"column":11}},"93":{"start":{"line":263,"column":12},"end":{"line":265,"column":13}},"94":{"start":{"line":264,"column":14},"end":{"line":264,"column":27}},"95":{"start":{"line":266,"column":25},"end":{"line":266,"column":113}},"96":{"start":{"line":266,"column":85},"end":{"line":266,"column":112}},"97":{"start":{"line":267,"column":12},"end":{"line":267,"column":41}},"98":{"start":{"line":269,"column":10},"end":{"line":269,"column":44}},"99":{"start":{"line":273,"column":4},"end":{"line":273,"column":16}},"100":{"start":{"line":280,"column":21},"end":{"line":280,"column":46}},"101":{"start":{"line":281,"column":4},"end":{"line":291,"column":7}},"102":{"start":{"line":283,"column":8},"end":{"line":289,"column":9}},"103":{"start":{"line":284,"column":10},"end":{"line":287,"column":11}},"104":{"start":{"line":285,"column":12},"end":{"line":285,"column":55}},"105":{"start":{"line":286,"column":12},"end":{"line":286,"column":19}},"106":{"start":{"line":288,"column":10},"end":{"line":288,"column":52}},"107":{"start":{"line":292,"column":4},"end":{"line":292,"column":16}},"108":{"start":{"line":300,"column":23},"end":{"line":300,"column":69}},"109":{"start":{"line":301,"column":4},"end":{"line":303,"column":5}},"110":{"start":{"line":302,"column":6},"end":{"line":302,"column":28}},"111":{"start":{"line":305,"column":4},"end":{"line":305,"column":25}},"112":{"start":{"line":312,"column":21},"end":{"line":312,"column":49}},"113":{"start":{"line":313,"column":4},"end":{"line":320,"column":7}},"114":{"start":{"line":315,"column":8},"end":{"line":317,"column":9}},"115":{"start":{"line":316,"column":10},"end":{"line":316,"column":19}},"116":{"start":{"line":318,"column":8},"end":{"line":318,"column":79}},"117":{"start":{"line":321,"column":4},"end":{"line":321,"column":16}},"118":{"start":{"line":328,"column":21},"end":{"line":328,"column":45}},"119":{"start":{"line":329,"column":4},"end":{"line":336,"column":7}},"120":{"start":{"line":331,"column":8},"end":{"line":333,"column":9}},"121":{"start":{"line":332,"column":10},"end":{"line":332,"column":52}},"122":{"start":{"line":334,"column":8},"end":{"line":334,"column":79}},"123":{"start":{"line":337,"column":4},"end":{"line":337,"column":16}},"124":{"start":{"line":344,"column":21},"end":{"line":344,"column":49}},"125":{"start":{"line":345,"column":4},"end":{"line":352,"column":7}},"126":{"start":{"line":347,"column":8},"end":{"line":349,"column":9}},"127":{"start":{"line":348,"column":10},"end":{"line":348,"column":75}},"128":{"start":{"line":350,"column":8},"end":{"line":350,"column":79}},"129":{"start":{"line":353,"column":4},"end":{"line":353,"column":16}},"130":{"start":{"line":360,"column":21},"end":{"line":360,"column":51}},"131":{"start":{"line":361,"column":4},"end":{"line":369,"column":7}},"132":{"start":{"line":363,"column":8},"end":{"line":366,"column":9}},"133":{"start":{"line":364,"column":23},"end":{"line":364,"column":40}},"134":{"start":{"line":365,"column":10},"end":{"line":365,"column":72}},"135":{"start":{"line":367,"column":8},"end":{"line":367,"column":79}},"136":{"start":{"line":370,"column":4},"end":{"line":370,"column":16}},"137":{"start":{"line":383,"column":21},"end":{"line":383,"column":47}},"138":{"start":{"line":384,"column":4},"end":{"line":426,"column":7}},"139":{"start":{"line":386,"column":8},"end":{"line":423,"column":9}},"140":{"start":{"line":387,"column":23},"end":{"line":387,"column":40}},"141":{"start":{"line":389,"column":10},"end":{"line":391,"column":11}},"142":{"start":{"line":390,"column":12},"end":{"line":390,"column":37}},"143":{"start":{"line":393,"column":10},"end":{"line":395,"column":11}},"144":{"start":{"line":394,"column":12},"end":{"line":394,"column":89}},"145":{"start":{"line":397,"column":10},"end":{"line":399,"column":11}},"146":{"start":{"line":398,"column":12},"end":{"line":398,"column":82}},"147":{"start":{"line":402,"column":10},"end":{"line":406,"column":11}},"148":{"start":{"line":403,"column":12},"end":{"line":405,"column":21}},"149":{"start":{"line":408,"column":10},"end":{"line":421,"column":11}},"150":{"start":{"line":409,"column":12},"end":{"line":411,"column":13}},"151":{"start":{"line":410,"column":14},"end":{"line":410,"column":39}},"152":{"start":{"line":412,"column":12},"end":{"line":419,"column":13}},"153":{"start":{"line":413,"column":14},"end":{"line":418,"column":15}},"154":{"start":{"line":414,"column":16},"end":{"line":414,"column":53}},"155":{"start":{"line":416,"column":16},"end":{"line":416,"column":111}},"156":{"start":{"line":417,"column":16},"end":{"line":417,"column":28}},"157":{"start":{"line":420,"column":12},"end":{"line":420,"column":24}},"158":{"start":{"line":422,"column":10},"end":{"line":422,"column":35}},"159":{"start":{"line":424,"column":8},"end":{"line":424,"column":79}},"160":{"start":{"line":427,"column":4},"end":{"line":427,"column":16}},"161":{"start":{"line":434,"column":21},"end":{"line":434,"column":50}},"162":{"start":{"line":435,"column":4},"end":{"line":442,"column":7}},"163":{"start":{"line":437,"column":8},"end":{"line":439,"column":9}},"164":{"start":{"line":438,"column":10},"end":{"line":438,"column":41}},"165":{"start":{"line":440,"column":8},"end":{"line":440,"column":79}},"166":{"start":{"line":443,"column":4},"end":{"line":443,"column":16}},"167":{"start":{"line":450,"column":21},"end":{"line":450,"column":50}},"168":{"start":{"line":451,"column":4},"end":{"line":458,"column":7}},"169":{"start":{"line":453,"column":8},"end":{"line":455,"column":9}},"170":{"start":{"line":454,"column":10},"end":{"line":454,"column":73}},"171":{"start":{"line":456,"column":8},"end":{"line":456,"column":79}},"172":{"start":{"line":459,"column":4},"end":{"line":459,"column":16}}},"fnMap":{"0":{"name":"(anonymous_0)","decl":{"start":{"line":10,"column":2},"end":{"line":10,"column":3}},"loc":{"start":{"line":10,"column":30},"end":{"line":21,"column":3}},"line":10},"1":{"name":"(anonymous_1)","decl":{"start":{"line":26,"column":2},"end":{"line":26,"column":3}},"loc":{"start":{"line":26,"column":42},"end":{"line":73,"column":3}},"line":26},"2":{"name":"(anonymous_2)","decl":{"start":{"line":28,"column":53},"end":{"line":28,"column":54}},"loc":{"start":{"line":28,"column":64},"end":{"line":28,"column":66}},"line":28},"3":{"name":"(anonymous_3)","decl":{"start":{"line":32,"column":14},"end":{"line":32,"column":15}},"loc":{"start":{"line":32,"column":25},"end":{"line":33,"column":9}},"line":32},"4":{"name":"(anonymous_4)","decl":{"start":{"line":34,"column":14},"end":{"line":34,"column":15}},"loc":{"start":{"line":34,"column":25},"end":{"line":35,"column":9}},"line":34},"5":{"name":"(anonymous_5)","decl":{"start":{"line":36,"column":26},"end":{"line":36,"column":27}},"loc":{"start":{"line":36,"column":37},"end":{"line":37,"column":9}},"line":36},"6":{"name":"(anonymous_6)","decl":{"start":{"line":38,"column":28},"end":{"line":38,"column":29}},"loc":{"start":{"line":38,"column":39},"end":{"line":39,"column":9}},"line":38},"7":{"name":"(anonymous_7)","decl":{"start":{"line":40,"column":14},"end":{"line":40,"column":15}},"loc":{"start":{"line":40,"column":25},"end":{"line":41,"column":9}},"line":40},"8":{"name":"(anonymous_8)","decl":{"start":{"line":42,"column":17},"end":{"line":42,"column":18}},"loc":{"start":{"line":42,"column":28},"end":{"line":43,"column":9}},"line":42},"9":{"name":"(anonymous_9)","decl":{"start":{"line":44,"column":31},"end":{"line":44,"column":32}},"loc":{"start":{"line":44,"column":42},"end":{"line":45,"column":9}},"line":44},"10":{"name":"(anonymous_10)","decl":{"start":{"line":46,"column":27},"end":{"line":46,"column":28}},"loc":{"start":{"line":46,"column":38},"end":{"line":47,"column":9}},"line":46},"11":{"name":"(anonymous_11)","decl":{"start":{"line":48,"column":8},"end":{"line":48,"column":9}},"loc":{"start":{"line":48,"column":25},"end":{"line":50,"column":9}},"line":48},"12":{"name":"(anonymous_12)","decl":{"start":{"line":51,"column":8},"end":{"line":51,"column":9}},"loc":{"start":{"line":51,"column":21},"end":{"line":53,"column":9}},"line":51},"13":{"name":"(anonymous_13)","decl":{"start":{"line":54,"column":8},"end":{"line":54,"column":9}},"loc":{"start":{"line":54,"column":25},"end":{"line":56,"column":9}},"line":54},"14":{"name":"(anonymous_14)","decl":{"start":{"line":57,"column":8},"end":{"line":57,"column":9}},"loc":{"start":{"line":57,"column":23},"end":{"line":59,"column":9}},"line":57},"15":{"name":"(anonymous_15)","decl":{"start":{"line":60,"column":8},"end":{"line":60,"column":9}},"loc":{"start":{"line":60,"column":27},"end":{"line":62,"column":9}},"line":60},"16":{"name":"(anonymous_16)","decl":{"start":{"line":63,"column":8},"end":{"line":63,"column":9}},"loc":{"start":{"line":63,"column":26},"end":{"line":65,"column":9}},"line":63},"17":{"name":"(anonymous_17)","decl":{"start":{"line":66,"column":8},"end":{"line":66,"column":9}},"loc":{"start":{"line":66,"column":26},"end":{"line":68,"column":9}},"line":66},"18":{"name":"(anonymous_18)","decl":{"start":{"line":79,"column":2},"end":{"line":79,"column":3}},"loc":{"start":{"line":79,"column":22},"end":{"line":96,"column":3}},"line":79},"19":{"name":"(anonymous_19)","decl":{"start":{"line":102,"column":2},"end":{"line":102,"column":3}},"loc":{"start":{"line":102,"column":26},"end":{"line":129,"column":3}},"line":102},"20":{"name":"(anonymous_20)","decl":{"start":{"line":106,"column":11},"end":{"line":106,"column":12}},"loc":{"start":{"line":106,"column":22},"end":{"line":126,"column":7}},"line":106},"21":{"name":"(anonymous_21)","decl":{"start":{"line":107,"column":15},"end":{"line":107,"column":16}},"loc":{"start":{"line":113,"column":13},"end":{"line":125,"column":9}},"line":113},"22":{"name":"(anonymous_22)","decl":{"start":{"line":134,"column":2},"end":{"line":134,"column":3}},"loc":{"start":{"line":134,"column":26},"end":{"line":157,"column":3}},"line":134},"23":{"name":"(anonymous_23)","decl":{"start":{"line":138,"column":11},"end":{"line":138,"column":12}},"loc":{"start":{"line":138,"column":22},"end":{"line":154,"column":7}},"line":138},"24":{"name":"(anonymous_24)","decl":{"start":{"line":139,"column":15},"end":{"line":139,"column":16}},"loc":{"start":{"line":139,"column":30},"end":{"line":153,"column":9}},"line":139},"25":{"name":"(anonymous_25)","decl":{"start":{"line":165,"column":2},"end":{"line":165,"column":3}},"loc":{"start":{"line":165,"column":103},"end":{"line":176,"column":3}},"line":165},"26":{"name":"(anonymous_26)","decl":{"start":{"line":167,"column":63},"end":{"line":167,"column":64}},"loc":{"start":{"line":167,"column":73},"end":{"line":170,"column":7}},"line":167},"27":{"name":"(anonymous_27)","decl":{"start":{"line":183,"column":2},"end":{"line":183,"column":3}},"loc":{"start":{"line":183,"column":76},"end":{"line":191,"column":3}},"line":183},"28":{"name":"(anonymous_28)","decl":{"start":{"line":185,"column":17},"end":{"line":185,"column":18}},"loc":{"start":{"line":185,"column":23},"end":{"line":187,"column":7}},"line":185},"29":{"name":"(anonymous_29)","decl":{"start":{"line":198,"column":2},"end":{"line":198,"column":3}},"loc":{"start":{"line":198,"column":72},"end":{"line":200,"column":3}},"line":198},"30":{"name":"(anonymous_30)","decl":{"start":{"line":212,"column":2},"end":{"line":212,"column":3}},"loc":{"start":{"line":212,"column":51},"end":{"line":230,"column":3}},"line":212},"31":{"name":"(anonymous_31)","decl":{"start":{"line":236,"column":2},"end":{"line":236,"column":3}},"loc":{"start":{"line":236,"column":43},"end":{"line":251,"column":3}},"line":236},"32":{"name":"(anonymous_32)","decl":{"start":{"line":239,"column":11},"end":{"line":239,"column":12}},"loc":{"start":{"line":239,"column":22},"end":{"line":248,"column":7}},"line":239},"33":{"name":"(anonymous_33)","decl":{"start":{"line":240,"column":15},"end":{"line":240,"column":16}},"loc":{"start":{"line":240,"column":30},"end":{"line":247,"column":9}},"line":240},"34":{"name":"(anonymous_34)","decl":{"start":{"line":243,"column":19},"end":{"line":243,"column":20}},"loc":{"start":{"line":243,"column":35},"end":{"line":243,"column":61}},"line":243},"35":{"name":"(anonymous_35)","decl":{"start":{"line":257,"column":2},"end":{"line":257,"column":3}},"loc":{"start":{"line":257,"column":39},"end":{"line":274,"column":3}},"line":257},"36":{"name":"(anonymous_36)","decl":{"start":{"line":260,"column":11},"end":{"line":260,"column":12}},"loc":{"start":{"line":260,"column":22},"end":{"line":271,"column":7}},"line":260},"37":{"name":"(anonymous_37)","decl":{"start":{"line":261,"column":15},"end":{"line":261,"column":16}},"loc":{"start":{"line":261,"column":34},"end":{"line":270,"column":9}},"line":261},"38":{"name":"(anonymous_38)","decl":{"start":{"line":266,"column":74},"end":{"line":266,"column":75}},"loc":{"start":{"line":266,"column":85},"end":{"line":266,"column":112}},"line":266},"39":{"name":"(anonymous_39)","decl":{"start":{"line":279,"column":2},"end":{"line":279,"column":3}},"loc":{"start":{"line":279,"column":38},"end":{"line":293,"column":3}},"line":279},"40":{"name":"(anonymous_40)","decl":{"start":{"line":282,"column":11},"end":{"line":282,"column":12}},"loc":{"start":{"line":282,"column":22},"end":{"line":290,"column":7}},"line":282},"41":{"name":"(anonymous_41)","decl":{"start":{"line":283,"column":15},"end":{"line":283,"column":16}},"loc":{"start":{"line":283,"column":42},"end":{"line":289,"column":9}},"line":283},"42":{"name":"(anonymous_42)","decl":{"start":{"line":299,"column":2},"end":{"line":299,"column":3}},"loc":{"start":{"line":299,"column":33},"end":{"line":306,"column":3}},"line":299},"43":{"name":"(anonymous_43)","decl":{"start":{"line":311,"column":2},"end":{"line":311,"column":3}},"loc":{"start":{"line":311,"column":32},"end":{"line":322,"column":3}},"line":311},"44":{"name":"(anonymous_44)","decl":{"start":{"line":314,"column":11},"end":{"line":314,"column":12}},"loc":{"start":{"line":314,"column":22},"end":{"line":319,"column":7}},"line":314},"45":{"name":"(anonymous_45)","decl":{"start":{"line":327,"column":2},"end":{"line":327,"column":3}},"loc":{"start":{"line":327,"column":28},"end":{"line":338,"column":3}},"line":327},"46":{"name":"(anonymous_46)","decl":{"start":{"line":330,"column":11},"end":{"line":330,"column":12}},"loc":{"start":{"line":330,"column":22},"end":{"line":335,"column":7}},"line":330},"47":{"name":"(anonymous_47)","decl":{"start":{"line":343,"column":2},"end":{"line":343,"column":3}},"loc":{"start":{"line":343,"column":32},"end":{"line":354,"column":3}},"line":343},"48":{"name":"(anonymous_48)","decl":{"start":{"line":346,"column":11},"end":{"line":346,"column":12}},"loc":{"start":{"line":346,"column":22},"end":{"line":351,"column":7}},"line":346},"49":{"name":"(anonymous_49)","decl":{"start":{"line":359,"column":2},"end":{"line":359,"column":3}},"loc":{"start":{"line":359,"column":34},"end":{"line":371,"column":3}},"line":359},"50":{"name":"(anonymous_50)","decl":{"start":{"line":362,"column":11},"end":{"line":362,"column":12}},"loc":{"start":{"line":362,"column":22},"end":{"line":368,"column":7}},"line":362},"51":{"name":"(anonymous_51)","decl":{"start":{"line":382,"column":2},"end":{"line":382,"column":3}},"loc":{"start":{"line":382,"column":30},"end":{"line":428,"column":3}},"line":382},"52":{"name":"(anonymous_52)","decl":{"start":{"line":385,"column":11},"end":{"line":385,"column":12}},"loc":{"start":{"line":385,"column":22},"end":{"line":425,"column":7}},"line":385},"53":{"name":"(anonymous_53)","decl":{"start":{"line":433,"column":2},"end":{"line":433,"column":3}},"loc":{"start":{"line":433,"column":33},"end":{"line":444,"column":3}},"line":433},"54":{"name":"(anonymous_54)","decl":{"start":{"line":436,"column":11},"end":{"line":436,"column":12}},"loc":{"start":{"line":436,"column":22},"end":{"line":441,"column":7}},"line":436},"55":{"name":"(anonymous_55)","decl":{"start":{"line":449,"column":2},"end":{"line":449,"column":3}},"loc":{"start":{"line":449,"column":33},"end":{"line":460,"column":3}},"line":449},"56":{"name":"(anonymous_56)","decl":{"start":{"line":452,"column":11},"end":{"line":452,"column":12}},"loc":{"start":{"line":452,"column":22},"end":{"line":457,"column":7}},"line":452}},"branchMap":{"0":{"loc":{"start":{"line":13,"column":4},"end":{"line":15,"column":5}},"type":"if","locations":[{"start":{"line":13,"column":4},"end":{"line":15,"column":5}},{"start":{"line":13,"column":4},"end":{"line":15,"column":5}}],"line":13},"1":{"loc":{"start":{"line":28,"column":28},"end":{"line":28,"column":66}},"type":"binary-expr","locations":[{"start":{"line":28,"column":28},"end":{"line":28,"column":49}},{"start":{"line":28,"column":53},"end":{"line":28,"column":66}}],"line":28},"2":{"loc":{"start":{"line":30,"column":4},"end":{"line":70,"column":5}},"type":"if","locations":[{"start":{"line":30,"column":4},"end":{"line":70,"column":5}},{"start":{"line":30,"column":4},"end":{"line":70,"column":5}}],"line":30},"3":{"loc":{"start":{"line":110,"column":10},"end":{"line":110,"column":31}},"type":"default-arg","locations":[{"start":{"line":110,"column":27},"end":{"line":110,"column":31}}],"line":110},"4":{"loc":{"start":{"line":111,"column":10},"end":{"line":111,"column":36}},"type":"default-arg","locations":[{"start":{"line":111,"column":32},"end":{"line":111,"column":36}}],"line":111},"5":{"loc":{"start":{"line":112,"column":10},"end":{"line":112,"column":40}},"type":"default-arg","locations":[{"start":{"line":112,"column":36},"end":{"line":112,"column":40}}],"line":112},"6":{"loc":{"start":{"line":115,"column":10},"end":{"line":123,"column":11}},"type":"if","locations":[{"start":{"line":115,"column":10},"end":{"line":123,"column":11}},{"start":{"line":115,"column":10},"end":{"line":123,"column":11}}],"line":115},"7":{"loc":{"start":{"line":140,"column":10},"end":{"line":151,"column":11}},"type":"if","locations":[{"start":{"line":140,"column":10},"end":{"line":151,"column":11}},{"start":{"line":140,"column":10},"end":{"line":151,"column":11}}],"line":140},"8":{"loc":{"start":{"line":141,"column":12},"end":{"line":149,"column":13}},"type":"if","locations":[{"start":{"line":141,"column":12},"end":{"line":149,"column":13}},{"start":{"line":141,"column":12},"end":{"line":149,"column":13}}],"line":141},"9":{"loc":{"start":{"line":141,"column":16},"end":{"line":141,"column":99}},"type":"binary-expr","locations":[{"start":{"line":141,"column":16},"end":{"line":141,"column":20}},{"start":{"line":141,"column":24},"end":{"line":141,"column":48}},{"start":{"line":141,"column":53},"end":{"line":141,"column":68}},{"start":{"line":141,"column":72},"end":{"line":141,"column":99}}],"line":141},"10":{"loc":{"start":{"line":166,"column":4},"end":{"line":172,"column":5}},"type":"if","locations":[{"start":{"line":166,"column":4},"end":{"line":172,"column":5}},{"start":{"line":166,"column":4},"end":{"line":172,"column":5}}],"line":166},"11":{"loc":{"start":{"line":184,"column":4},"end":{"line":190,"column":5}},"type":"if","locations":[{"start":{"line":184,"column":4},"end":{"line":190,"column":5}},{"start":{"line":184,"column":4},"end":{"line":190,"column":5}}],"line":184},"12":{"loc":{"start":{"line":184,"column":8},"end":{"line":184,"column":38}},"type":"binary-expr","locations":[{"start":{"line":184,"column":8},"end":{"line":184,"column":19}},{"start":{"line":184,"column":23},"end":{"line":184,"column":38}}],"line":184},"13":{"loc":{"start":{"line":199,"column":11},"end":{"line":199,"column":106}},"type":"cond-expr","locations":[{"start":{"line":199,"column":54},"end":{"line":199,"column":85}},{"start":{"line":199,"column":88},"end":{"line":199,"column":106}}],"line":199},"14":{"loc":{"start":{"line":213,"column":4},"end":{"line":215,"column":5}},"type":"if","locations":[{"start":{"line":213,"column":4},"end":{"line":215,"column":5}},{"start":{"line":213,"column":4},"end":{"line":215,"column":5}}],"line":213},"15":{"loc":{"start":{"line":217,"column":4},"end":{"line":219,"column":5}},"type":"if","locations":[{"start":{"line":217,"column":4},"end":{"line":219,"column":5}},{"start":{"line":217,"column":4},"end":{"line":219,"column":5}}],"line":217},"16":{"loc":{"start":{"line":221,"column":4},"end":{"line":223,"column":5}},"type":"if","locations":[{"start":{"line":221,"column":4},"end":{"line":223,"column":5}},{"start":{"line":221,"column":4},"end":{"line":223,"column":5}}],"line":221},"17":{"loc":{"start":{"line":225,"column":4},"end":{"line":229,"column":5}},"type":"if","locations":[{"start":{"line":225,"column":4},"end":{"line":229,"column":5}},{"start":{"line":225,"column":4},"end":{"line":229,"column":5}}],"line":225},"18":{"loc":{"start":{"line":225,"column":8},"end":{"line":225,"column":79}},"type":"binary-expr","locations":[{"start":{"line":225,"column":8},"end":{"line":225,"column":36}},{"start":{"line":225,"column":40},"end":{"line":225,"column":79}}],"line":225},"19":{"loc":{"start":{"line":241,"column":10},"end":{"line":245,"column":11}},"type":"if","locations":[{"start":{"line":241,"column":10},"end":{"line":245,"column":11}},{"start":{"line":241,"column":10},"end":{"line":245,"column":11}}],"line":241},"20":{"loc":{"start":{"line":262,"column":10},"end":{"line":268,"column":11}},"type":"if","locations":[{"start":{"line":262,"column":10},"end":{"line":268,"column":11}},{"start":{"line":262,"column":10},"end":{"line":268,"column":11}}],"line":262},"21":{"loc":{"start":{"line":263,"column":12},"end":{"line":265,"column":13}},"type":"if","locations":[{"start":{"line":263,"column":12},"end":{"line":265,"column":13}},{"start":{"line":263,"column":12},"end":{"line":265,"column":13}}],"line":263},"22":{"loc":{"start":{"line":267,"column":19},"end":{"line":267,"column":40}},"type":"cond-expr","locations":[{"start":{"line":267,"column":26},"end":{"line":267,"column":33}},{"start":{"line":267,"column":36},"end":{"line":267,"column":40}}],"line":267},"23":{"loc":{"start":{"line":284,"column":10},"end":{"line":287,"column":11}},"type":"if","locations":[{"start":{"line":284,"column":10},"end":{"line":287,"column":11}},{"start":{"line":284,"column":10},"end":{"line":287,"column":11}}],"line":284},"24":{"loc":{"start":{"line":301,"column":4},"end":{"line":303,"column":5}},"type":"if","locations":[{"start":{"line":301,"column":4},"end":{"line":303,"column":5}},{"start":{"line":301,"column":4},"end":{"line":303,"column":5}}],"line":301},"25":{"loc":{"start":{"line":315,"column":8},"end":{"line":317,"column":9}},"type":"if","locations":[{"start":{"line":315,"column":8},"end":{"line":317,"column":9}},{"start":{"line":315,"column":8},"end":{"line":317,"column":9}}],"line":315},"26":{"loc":{"start":{"line":318,"column":15},"end":{"line":318,"column":78}},"type":"cond-expr","locations":[{"start":{"line":318,"column":48},"end":{"line":318,"column":67}},{"start":{"line":318,"column":70},"end":{"line":318,"column":78}}],"line":318},"27":{"loc":{"start":{"line":331,"column":8},"end":{"line":333,"column":9}},"type":"if","locations":[{"start":{"line":331,"column":8},"end":{"line":333,"column":9}},{"start":{"line":331,"column":8},"end":{"line":333,"column":9}}],"line":331},"28":{"loc":{"start":{"line":332,"column":17},"end":{"line":332,"column":51}},"type":"binary-expr","locations":[{"start":{"line":332,"column":17},"end":{"line":332,"column":44}},{"start":{"line":332,"column":48},"end":{"line":332,"column":51}}],"line":332},"29":{"loc":{"start":{"line":334,"column":15},"end":{"line":334,"column":78}},"type":"cond-expr","locations":[{"start":{"line":334,"column":48},"end":{"line":334,"column":67}},{"start":{"line":334,"column":70},"end":{"line":334,"column":78}}],"line":334},"30":{"loc":{"start":{"line":347,"column":8},"end":{"line":349,"column":9}},"type":"if","locations":[{"start":{"line":347,"column":8},"end":{"line":349,"column":9}},{"start":{"line":347,"column":8},"end":{"line":349,"column":9}}],"line":347},"31":{"loc":{"start":{"line":348,"column":17},"end":{"line":348,"column":74}},"type":"binary-expr","locations":[{"start":{"line":348,"column":17},"end":{"line":348,"column":68}},{"start":{"line":348,"column":72},"end":{"line":348,"column":74}}],"line":348},"32":{"loc":{"start":{"line":348,"column":33},"end":{"line":348,"column":67}},"type":"binary-expr","locations":[{"start":{"line":348,"column":33},"end":{"line":348,"column":60}},{"start":{"line":348,"column":64},"end":{"line":348,"column":67}}],"line":348},"33":{"loc":{"start":{"line":350,"column":15},"end":{"line":350,"column":78}},"type":"cond-expr","locations":[{"start":{"line":350,"column":48},"end":{"line":350,"column":67}},{"start":{"line":350,"column":70},"end":{"line":350,"column":78}}],"line":350},"34":{"loc":{"start":{"line":363,"column":8},"end":{"line":366,"column":9}},"type":"if","locations":[{"start":{"line":363,"column":8},"end":{"line":366,"column":9}},{"start":{"line":363,"column":8},"end":{"line":366,"column":9}}],"line":363},"35":{"loc":{"start":{"line":365,"column":17},"end":{"line":365,"column":71}},"type":"cond-expr","locations":[{"start":{"line":365,"column":44},"end":{"line":365,"column":48}},{"start":{"line":365,"column":51},"end":{"line":365,"column":71}}],"line":365},"36":{"loc":{"start":{"line":367,"column":15},"end":{"line":367,"column":78}},"type":"cond-expr","locations":[{"start":{"line":367,"column":48},"end":{"line":367,"column":67}},{"start":{"line":367,"column":70},"end":{"line":367,"column":78}}],"line":367},"37":{"loc":{"start":{"line":386,"column":8},"end":{"line":423,"column":9}},"type":"if","locations":[{"start":{"line":386,"column":8},"end":{"line":423,"column":9}},{"start":{"line":386,"column":8},"end":{"line":423,"column":9}}],"line":386},"38":{"loc":{"start":{"line":389,"column":10},"end":{"line":391,"column":11}},"type":"if","locations":[{"start":{"line":389,"column":10},"end":{"line":391,"column":11}},{"start":{"line":389,"column":10},"end":{"line":391,"column":11}}],"line":389},"39":{"loc":{"start":{"line":389,"column":14},"end":{"line":389,"column":44}},"type":"binary-expr","locations":[{"start":{"line":389,"column":14},"end":{"line":389,"column":29}},{"start":{"line":389,"column":33},"end":{"line":389,"column":44}}],"line":389},"40":{"loc":{"start":{"line":393,"column":10},"end":{"line":395,"column":11}},"type":"if","locations":[{"start":{"line":393,"column":10},"end":{"line":395,"column":11}},{"start":{"line":393,"column":10},"end":{"line":395,"column":11}}],"line":393},"41":{"loc":{"start":{"line":393,"column":14},"end":{"line":393,"column":73}},"type":"binary-expr","locations":[{"start":{"line":393,"column":14},"end":{"line":393,"column":36}},{"start":{"line":393,"column":40},"end":{"line":393,"column":73}}],"line":393},"42":{"loc":{"start":{"line":394,"column":19},"end":{"line":394,"column":88}},"type":"cond-expr","locations":[{"start":{"line":394,"column":64},"end":{"line":394,"column":81}},{"start":{"line":394,"column":84},"end":{"line":394,"column":88}}],"line":394},"43":{"loc":{"start":{"line":397,"column":10},"end":{"line":399,"column":11}},"type":"if","locations":[{"start":{"line":397,"column":10},"end":{"line":399,"column":11}},{"start":{"line":397,"column":10},"end":{"line":399,"column":11}}],"line":397},"44":{"loc":{"start":{"line":397,"column":14},"end":{"line":397,"column":59}},"type":"binary-expr","locations":[{"start":{"line":397,"column":14},"end":{"line":397,"column":29}},{"start":{"line":397,"column":33},"end":{"line":397,"column":59}}],"line":397},"45":{"loc":{"start":{"line":398,"column":19},"end":{"line":398,"column":81}},"type":"cond-expr","locations":[{"start":{"line":398,"column":57},"end":{"line":398,"column":74}},{"start":{"line":398,"column":77},"end":{"line":398,"column":81}}],"line":398},"46":{"loc":{"start":{"line":402,"column":10},"end":{"line":406,"column":11}},"type":"if","locations":[{"start":{"line":402,"column":10},"end":{"line":406,"column":11}},{"start":{"line":402,"column":10},"end":{"line":406,"column":11}}],"line":402},"47":{"loc":{"start":{"line":402,"column":14},"end":{"line":402,"column":106}},"type":"binary-expr","locations":[{"start":{"line":402,"column":14},"end":{"line":402,"column":33}},{"start":{"line":402,"column":38},"end":{"line":402,"column":68}},{"start":{"line":402,"column":72},"end":{"line":402,"column":105}}],"line":402},"48":{"loc":{"start":{"line":403,"column":19},"end":{"line":405,"column":20}},"type":"cond-expr","locations":[{"start":{"line":404,"column":16},"end":{"line":404,"column":33}},{"start":{"line":405,"column":16},"end":{"line":405,"column":20}}],"line":403},"49":{"loc":{"start":{"line":403,"column":20},"end":{"line":403,"column":105}},"type":"binary-expr","locations":[{"start":{"line":403,"column":21},"end":{"line":403,"column":58}},{"start":{"line":403,"column":64},"end":{"line":403,"column":104}}],"line":403},"50":{"loc":{"start":{"line":408,"column":10},"end":{"line":421,"column":11}},"type":"if","locations":[{"start":{"line":408,"column":10},"end":{"line":421,"column":11}},{"start":{"line":408,"column":10},"end":{"line":421,"column":11}}],"line":408},"51":{"loc":{"start":{"line":409,"column":12},"end":{"line":411,"column":13}},"type":"if","locations":[{"start":{"line":409,"column":12},"end":{"line":411,"column":13}},{"start":{"line":409,"column":12},"end":{"line":411,"column":13}}],"line":409},"52":{"loc":{"start":{"line":412,"column":12},"end":{"line":419,"column":13}},"type":"if","locations":[{"start":{"line":412,"column":12},"end":{"line":419,"column":13}},{"start":{"line":412,"column":12},"end":{"line":419,"column":13}}],"line":412},"53":{"loc":{"start":{"line":424,"column":15},"end":{"line":424,"column":78}},"type":"cond-expr","locations":[{"start":{"line":424,"column":48},"end":{"line":424,"column":67}},{"start":{"line":424,"column":70},"end":{"line":424,"column":78}}],"line":424},"54":{"loc":{"start":{"line":437,"column":8},"end":{"line":439,"column":9}},"type":"if","locations":[{"start":{"line":437,"column":8},"end":{"line":439,"column":9}},{"start":{"line":437,"column":8},"end":{"line":439,"column":9}}],"line":437},"55":{"loc":{"start":{"line":440,"column":15},"end":{"line":440,"column":78}},"type":"cond-expr","locations":[{"start":{"line":440,"column":48},"end":{"line":440,"column":67}},{"start":{"line":440,"column":70},"end":{"line":440,"column":78}}],"line":440},"56":{"loc":{"start":{"line":453,"column":8},"end":{"line":455,"column":9}},"type":"if","locations":[{"start":{"line":453,"column":8},"end":{"line":455,"column":9}},{"start":{"line":453,"column":8},"end":{"line":455,"column":9}}],"line":453},"57":{"loc":{"start":{"line":454,"column":17},"end":{"line":454,"column":72}},"type":"cond-expr","locations":[{"start":{"line":454,"column":52},"end":{"line":454,"column":65}},{"start":{"line":454,"column":68},"end":{"line":454,"column":72}}],"line":454},"58":{"loc":{"start":{"line":456,"column":15},"end":{"line":456,"column":78}},"type":"cond-expr","locations":[{"start":{"line":456,"column":48},"end":{"line":456,"column":67}},{"start":{"line":456,"column":70},"end":{"line":456,"column":78}}],"line":456}},"s":{"0":5,"1":5,"2":0,"3":5,"4":5,"5":5,"6":5,"7":5,"8":5,"9":5,"10":0,"11":0,"12":0,"13":0,"14":0,"15":0,"16":0,"17":0,"18":5,"19":5,"20":5,"21":5,"22":5,"23":5,"24":5,"25":5,"26":5,"27":5,"28":5,"29":5,"30":5,"31":5,"32":5,"33":5,"34":5,"35":100,"36":100,"37":100,"38":99,"39":99,"40":99,"41":99,"42":99,"43":99,"44":1,"45":5,"46":5,"47":5,"48":5,"49":100,"50":100,"51":99,"52":0,"53":0,"54":0,"55":99,"56":99,"57":1,"58":5,"59":99,"60":3,"61":3,"62":3,"63":3,"64":96,"65":96,"66":99,"67":4,"68":4,"69":95,"70":99,"71":99,"72":76,"73":99,"74":23,"75":99,"76":0,"77":99,"78":99,"79":99,"80":99,"81":5,"82":5,"83":147,"84":147,"85":147,"86":167,"87":0,"88":5,"89":5,"90":5,"91":46,"92":46,"93":46,"94":0,"95":46,"96":12,"97":46,"98":0,"99":5,"100":5,"101":5,"102":52,"103":52,"104":51,"105":51,"106":1,"107":5,"108":35,"109":35,"110":35,"111":0,"112":5,"113":5,"114":75,"115":74,"116":1,"117":5,"118":5,"119":5,"120":245,"121":244,"122":1,"123":5,"124":5,"125":5,"126":97,"127":97,"128":0,"129":5,"130":5,"131":5,"132":159,"133":159,"134":159,"135":0,"136":5,"137":5,"138":5,"139":53,"140":53,"141":53,"142":42,"143":11,"144":3,"145":8,"146":3,"147":5,"148":0,"149":5,"150":5,"151":5,"152":0,"153":0,"154":0,"155":0,"156":0,"157":0,"158":0,"159":0,"160":5,"161":5,"162":5,"163":1,"164":0,"165":1,"166":5,"167":5,"168":5,"169":0,"170":0,"171":0,"172":5},"f":{"0":5,"1":5,"2":0,"3":0,"4":0,"5":0,"6":0,"7":0,"8":0,"9":0,"10":0,"11":0,"12":0,"13":0,"14":0,"15":0,"16":0,"17":0,"18":5,"19":5,"20":100,"21":100,"22":5,"23":100,"24":100,"25":99,"26":3,"27":99,"28":4,"29":99,"30":99,"31":5,"32":147,"33":147,"34":167,"35":5,"36":46,"37":46,"38":12,"39":5,"40":52,"41":52,"42":35,"43":5,"44":75,"45":5,"46":245,"47":5,"48":97,"49":5,"50":159,"51":5,"52":53,"53":5,"54":1,"55":5,"56":0},"b":{"0":[0,5],"1":[5,0],"2":[0,5],"3":[25],"4":[100],"5":[100],"6":[99,1],"7":[99,1],"8":[0,99],"9":[99,0,0,0],"10":[3,96],"11":[4,95],"12":[99,4],"13":[14,85],"14":[76,23],"15":[23,76],"16":[0,99],"17":[99,0],"18":[99,99],"19":[147,0],"20":[46,0],"21":[0,46],"22":[8,38],"23":[51,1],"24":[35,0],"25":[74,1],"26":[1,0],"27":[244,1],"28":[244,0],"29":[1,0],"30":[97,0],"31":[97,0],"32":[97,0],"33":[0,0],"34":[159,0],"35":[133,26],"36":[0,0],"37":[53,0],"38":[42,11],"39":[53,53],"40":[3,8],"41":[11,3],"42":[3,0],"43":[3,5],"44":[8,3],"45":[3,0],"46":[0,5],"47":[5,0,0],"48":[0,0],"49":[0,0],"50":[5,0],"51":[5,0],"52":[0,0],"53":[0,0],"54":[0,1],"55":[1,0],"56":[0,0],"57":[0,0],"58":[0,0]},"_coverageSchema":"1a1c01bbd47fc00a2c39e90264f33305004495a9","hash":"1eae5e98722a7a83980233bc716ca8d64c7826bf"}
,"/Users/hu/web/http-request-mock-github/test/mock/sample1.js": {"path":"/Users/hu/web/http-request-mock-github/test/mock/sample1.js","statementMap":{},"fnMap":{},"branchMap":{},"s":{},"f":{},"b":{},"_coverageSchema":"1a1c01bbd47fc00a2c39e90264f33305004495a9","hash":"969c9d0dded440671d9def8a06cfc10cb9a3eb41"}
,"/Users/hu/web/http-request-mock-github/test/mock/sample2.js": {"path":"/Users/hu/web/http-request-mock-github/test/mock/sample2.js","statementMap":{"0":{"start":{"line":5,"column":12},"end":{"line":5,"column":13}},"1":{"start":{"line":7,"column":2},"end":{"line":7,"column":20}},"2":{"start":{"line":9,"column":2},"end":{"line":13,"column":4}}},"fnMap":{"0":{"name":"(anonymous_0)","decl":{"start":{"line":6,"column":15},"end":{"line":6,"column":16}},"loc":{"start":{"line":6,"column":21},"end":{"line":14,"column":1}},"line":6}},"branchMap":{},"s":{"0":1,"1":2,"2":2},"f":{"0":2},"b":{},"_coverageSchema":"1a1c01bbd47fc00a2c39e90264f33305004495a9","hash":"3eb34f1c569446b2721b0d2dce53bd52671aa741"}
}
