TN:
SF:src/config.ts
FNF:0
FNH:0
DA:6,12
LF:1
LH:1
BRF:0
BRH:0
end_of_record
TN:
SF:src/index.ts
FN:13,(anonymous_0)
FN:40,(anonymous_1)
FN:50,(anonymous_2)
FN:60,(anonymous_3)
FN:70,(anonymous_4)
FN:80,(anonymous_5)
FNF:6
FNH:3
FNDA:0,(anonymous_0)
FNDA:0,(anonymous_1)
FNDA:0,(anonymous_2)
FNDA:2,(anonymous_3)
FNDA:1,(anonymous_4)
FNDA:9,(anonymous_5)
DA:14,0
DA:16,0
DA:17,0
DA:20,0
DA:21,0
DA:24,0
DA:25,0
DA:29,0
DA:30,0
DA:33,0
DA:41,0
DA:42,0
DA:43,0
DA:51,0
DA:52,0
DA:53,0
DA:61,2
DA:62,2
DA:63,2
DA:71,1
DA:72,1
DA:73,1
DA:81,9
DA:83,9
DA:84,1
DA:87,9
DA:88,5
DA:91,9
DA:92,2
DA:95,9
DA:96,1
DA:101,1
DA:102,1
DA:106,9
LF:34
LH:18
BRDA:16,0,0,0
BRDA:16,0,1,0
BRDA:16,1,0,0
BRDA:16,1,1,0
BRDA:20,2,0,0
BRDA:20,2,1,0
BRDA:20,3,0,0
BRDA:20,3,1,0
BRDA:24,4,0,0
BRDA:24,4,1,0
BRDA:24,5,0,0
BRDA:24,5,1,0
BRDA:29,6,0,0
BRDA:29,6,1,0
BRDA:29,7,0,0
BRDA:29,7,1,0
BRDA:83,8,0,1
BRDA:83,8,1,8
BRDA:87,9,0,5
BRDA:87,9,1,4
BRDA:91,10,0,2
BRDA:91,10,1,7
BRDA:95,11,0,1
BRDA:95,11,1,8
BRDA:95,12,0,9
BRDA:95,12,1,8
BRDA:101,13,0,1
BRDA:101,13,1,0
BRDA:101,14,0,1
BRDA:101,14,1,0
BRF:30
BRH:12
end_of_record
TN:
SF:src/mocker.ts
FN:7,(anonymous_0)
FN:19,(anonymous_1)
FN:29,(anonymous_2)
FN:39,(anonymous_3)
FN:49,(anonymous_4)
FN:75,(anonymous_5)
FN:88,(anonymous_6)
FN:101,(anonymous_7)
FN:114,(anonymous_8)
FN:127,(anonymous_9)
FN:140,(anonymous_10)
FN:151,(anonymous_11)
FNF:12
FNH:10
FNDA:12,(anonymous_0)
FNDA:0,(anonymous_1)
FNDA:233,(anonymous_2)
FNDA:0,(anonymous_3)
FNDA:233,(anonymous_4)
FNDA:22,(anonymous_5)
FNDA:22,(anonymous_6)
FNDA:11,(anonymous_7)
FNDA:11,(anonymous_8)
FNDA:11,(anonymous_9)
FNDA:44,(anonymous_10)
FNDA:270,(anonymous_11)
DA:8,12
DA:9,0
DA:11,12
DA:12,12
DA:20,0
DA:21,0
DA:30,233
DA:31,233
DA:40,0
DA:41,0
DA:50,233
DA:51,0
DA:54,233
DA:58,233
DA:59,233
DA:60,233
DA:62,233
DA:63,233
DA:64,233
DA:76,22
DA:77,22
DA:89,22
DA:90,22
DA:102,11
DA:103,11
DA:115,11
DA:116,11
DA:128,11
DA:129,11
DA:141,44
DA:142,44
DA:152,270
DA:154,270
DA:155,2821
DA:156,2821
DA:157,2821
DA:158,0
DA:161,2821
DA:162,2821
DA:163,1366
DA:166,1455
DA:169,0
DA:172,1455
DA:173,11
DA:176,1444
DA:177,256
DA:181,3
LF:47
LH:39
BRDA:8,0,0,0
BRDA:8,0,1,12
BRDA:50,1,0,0
BRDA:50,1,1,233
BRDA:50,2,0,233
BRDA:50,2,1,233
BRDA:50,2,2,11
BRDA:54,3,0,209
BRDA:54,3,1,24
BRDA:54,4,0,233
BRDA:54,4,1,24
BRDA:58,5,0,101
BRDA:58,5,1,132
BRDA:59,6,0,132
BRDA:59,6,1,101
BRDA:60,7,0,135
BRDA:60,7,1,98
BRDA:75,8,0,22
BRDA:75,9,0,22
BRDA:75,10,0,22
BRDA:88,11,0,22
BRDA:88,12,0,22
BRDA:88,13,0,22
BRDA:101,14,0,11
BRDA:101,15,0,11
BRDA:101,16,0,11
BRDA:114,17,0,11
BRDA:114,18,0,11
BRDA:114,19,0,11
BRDA:127,20,0,11
BRDA:127,21,0,11
BRDA:127,22,0,11
BRDA:140,23,0,35
BRDA:140,24,0,35
BRDA:140,25,0,35
BRDA:152,26,0,270
BRDA:152,26,1,0
BRDA:157,27,0,0
BRDA:157,27,1,2821
BRDA:162,28,0,1366
BRDA:162,28,1,1455
BRDA:162,29,0,2821
BRDA:162,29,1,1918
BRDA:166,30,0,0
BRDA:166,30,1,1455
BRDA:166,31,0,1455
BRDA:166,31,1,0
BRDA:166,31,2,0
BRDA:172,32,0,11
BRDA:172,32,1,1444
BRDA:172,33,0,1455
BRDA:172,33,1,222
BRDA:176,34,0,256
BRDA:176,34,1,1188
BRF:54
BRH:47
end_of_record
TN:
SF:src/fake/xhr.ts
FN:4,(anonymous_0)
FN:5,(anonymous_1)
FN:6,(anonymous_2)
FN:7,(anonymous_3)
FN:8,(anonymous_4)
FN:9,(anonymous_5)
FN:10,(anonymous_6)
FN:11,(anonymous_7)
FN:13,(anonymous_8)
FN:17,(anonymous_9)
FN:21,(anonymous_10)
FN:25,(anonymous_11)
FN:29,(anonymous_12)
FN:33,(anonymous_13)
FN:37,(anonymous_14)
FNF:15
FNH:0
FNDA:0,(anonymous_0)
FNDA:0,(anonymous_1)
FNDA:0,(anonymous_2)
FNDA:0,(anonymous_3)
FNDA:0,(anonymous_4)
FNDA:0,(anonymous_5)
FNDA:0,(anonymous_6)
FNDA:0,(anonymous_7)
FNDA:0,(anonymous_8)
FNDA:0,(anonymous_9)
FNDA:0,(anonymous_10)
FNDA:0,(anonymous_11)
FNDA:0,(anonymous_12)
FNDA:0,(anonymous_13)
FNDA:0,(anonymous_14)
DA:14,0
DA:18,0
DA:22,0
DA:26,0
DA:30,0
DA:34,0
DA:38,0
LF:7
LH:0
BRF:0
BRH:0
end_of_record
TN:
SF:src/inteceptor/base.ts
FN:11,(anonymous_0)
FN:20,(anonymous_1)
FN:27,(anonymous_2)
FN:44,(anonymous_3)
FN:52,(anonymous_4)
FN:58,(anonymous_5)
FN:70,(anonymous_6)
FNF:7
FNH:7
FNDA:13,(anonymous_0)
FNDA:3,(anonymous_1)
FNDA:22,(anonymous_2)
FNDA:270,(anonymous_3)
FNDA:197,(anonymous_4)
FNDA:24,(anonymous_5)
FNDA:71,(anonymous_6)
DA:12,13
DA:13,13
DA:21,3
DA:28,22
DA:29,22
DA:30,0
DA:31,0
DA:32,0
DA:33,0
DA:35,0
DA:45,270
DA:53,197
DA:59,24
DA:60,24
DA:61,24
DA:71,71
LF:16
LH:11
BRDA:28,0,0,22
BRDA:28,0,1,0
BRDA:30,1,0,0
BRDA:30,1,1,0
BRDA:32,2,0,0
BRDA:32,2,1,0
BRDA:53,3,0,16
BRDA:53,3,1,181
BRDA:60,4,0,24
BRDA:60,4,1,0
BRF:10
BRH:4
end_of_record
TN:
SF:src/inteceptor/fetch.ts
FN:10,(anonymous_0)
FN:28,(anonymous_1)
FN:31,(anonymous_2)
FN:40,(anonymous_3)
FN:42,(anonymous_4)
FN:59,(anonymous_5)
FN:80,(anonymous_6)
FN:82,(anonymous_7)
FN:99,(anonymous_8)
FN:102,(anonymous_9)
FN:119,(anonymous_10)
FN:149,(anonymous_11)
FN:150,(anonymous_12)
FN:151,(anonymous_13)
FN:152,(anonymous_14)
FN:153,(anonymous_15)
FN:155,(anonymous_16)
FN:156,(anonymous_17)
FN:157,(anonymous_18)
FNF:19
FNH:11
FNDA:3,(anonymous_0)
FNDA:2,(anonymous_1)
FNDA:0,(anonymous_2)
FNDA:3,(anonymous_3)
FNDA:74,(anonymous_4)
FNDA:74,(anonymous_5)
FNDA:73,(anonymous_6)
FNDA:0,(anonymous_7)
FNDA:73,(anonymous_8)
FNDA:3,(anonymous_9)
FNDA:73,(anonymous_10)
FNDA:50,(anonymous_11)
FNDA:0,(anonymous_12)
FNDA:0,(anonymous_13)
FNDA:0,(anonymous_14)
FNDA:23,(anonymous_15)
FNDA:0,(anonymous_16)
FNDA:0,(anonymous_17)
FNDA:0,(anonymous_18)
DA:11,3
DA:13,3
DA:14,0
DA:17,3
DA:18,3
DA:19,3
DA:21,3
DA:29,2
DA:30,2
DA:31,2
DA:33,2
DA:41,3
DA:42,3
DA:43,74
DA:49,74
DA:50,25
DA:51,25
DA:53,49
DA:54,49
DA:57,74
DA:59,74
DA:60,74
DA:61,74
DA:62,73
DA:63,73
DA:65,73
DA:67,1
DA:71,3
DA:81,73
DA:82,0
DA:83,0
DA:84,0
DA:86,0
DA:89,73
DA:90,73
DA:100,73
DA:101,73
DA:102,3
DA:103,3
DA:106,70
DA:108,73
DA:120,73
DA:121,73
DA:122,73
DA:124,73
DA:128,73
DA:132,73
DA:133,0
DA:134,0
DA:135,0
DA:138,73
DA:149,50
DA:150,0
DA:151,0
DA:152,0
DA:153,23
DA:155,0
DA:156,0
DA:157,0
DA:159,73
LF:60
LH:46
BRDA:13,0,0,0
BRDA:13,0,1,3
BRDA:30,1,0,2
BRDA:30,1,1,0
BRDA:49,2,0,25
BRDA:49,2,1,49
BRDA:50,3,0,25
BRDA:50,3,1,0
BRDA:57,4,0,74
BRDA:57,4,1,0
BRDA:57,5,0,74
BRDA:57,5,1,74
BRDA:61,6,0,73
BRDA:61,6,1,1
BRDA:81,7,0,0
BRDA:81,7,1,73
BRDA:100,8,0,73
BRDA:100,8,1,0
BRDA:101,9,0,3
BRDA:101,9,1,70
BRDA:101,10,0,73
BRDA:101,10,1,3
BRDA:120,11,0,9
BRDA:120,11,1,64
BRDA:121,12,0,73
BRDA:121,12,1,0
BRDA:122,13,0,73
BRDA:122,13,1,0
BRDA:124,14,0,73
BRDA:124,14,1,0
BRDA:128,15,0,73
BRDA:128,15,1,0
BRDA:129,16,0,57
BRDA:129,16,1,16
BRDA:132,17,0,0
BRDA:132,17,1,73
BRDA:153,18,0,19
BRDA:153,18,1,4
BRF:38
BRH:27
end_of_record
TN:
SF:src/inteceptor/wx-request.ts
FN:9,(anonymous_0)
FN:26,(anonymous_1)
FN:30,(anonymous_2)
FN:39,(anonymous_3)
FN:44,(anonymous_4)
FN:66,(anonymous_5)
FN:69,(anonymous_6)
FN:86,(anonymous_7)
FN:88,(anonymous_8)
FN:102,(anonymous_9)
FN:123,(anonymous_10)
FNF:11
FNH:9
FNDA:1,(anonymous_0)
FNDA:1,(anonymous_1)
FNDA:0,(anonymous_2)
FNDA:1,(anonymous_3)
FNDA:25,(anonymous_4)
FNDA:25,(anonymous_5)
FNDA:0,(anonymous_6)
FNDA:25,(anonymous_7)
FNDA:1,(anonymous_8)
FNDA:25,(anonymous_9)
FNDA:25,(anonymous_10)
DA:10,1
DA:12,1
DA:13,0
DA:16,1
DA:17,1
DA:18,1
DA:19,1
DA:27,1
DA:28,1
DA:29,1
DA:30,1
DA:32,1
DA:40,1
DA:45,25
DA:46,0
DA:49,25
DA:50,25
DA:51,25
DA:52,25
DA:54,0
DA:58,1
DA:67,25
DA:69,0
DA:70,0
DA:71,0
DA:73,0
DA:76,25
DA:77,25
DA:87,25
DA:88,1
DA:89,1
DA:92,24
DA:103,25
DA:106,25
DA:124,25
DA:125,25
DA:128,25
DA:129,0
LF:38
LH:30
BRDA:12,0,0,0
BRDA:12,0,1,1
BRDA:28,1,0,1
BRDA:28,1,1,1
BRDA:29,2,0,1
BRDA:29,2,1,0
BRDA:45,3,0,0
BRDA:45,3,1,25
BRDA:45,4,0,25
BRDA:45,4,1,25
BRDA:50,5,0,25
BRDA:50,5,1,0
BRDA:67,6,0,0
BRDA:67,6,1,25
BRDA:87,7,0,1
BRDA:87,7,1,24
BRDA:87,8,0,25
BRDA:87,8,1,1
BRDA:103,9,0,3
BRDA:103,9,1,22
BRDA:108,10,0,25
BRDA:108,10,1,0
BRDA:124,11,0,25
BRDA:124,11,1,0
BRDA:128,12,0,0
BRDA:128,12,1,25
BRF:26
BRH:18
end_of_record
TN:
SF:src/inteceptor/xml-http-request.ts
FN:11,(anonymous_0)
FN:28,(anonymous_1)
FN:39,(anonymous_2)
FN:62,(anonymous_3)
FN:66,(anonymous_4)
FN:67,(anonymous_5)
FN:94,(anonymous_6)
FN:98,(anonymous_7)
FN:99,(anonymous_8)
FN:125,(anonymous_9)
FN:127,(anonymous_10)
FN:143,(anonymous_11)
FN:145,(anonymous_12)
FN:158,(anonymous_13)
FN:172,(anonymous_14)
FN:196,(anonymous_15)
FN:199,(anonymous_16)
FN:200,(anonymous_17)
FN:203,(anonymous_18)
FN:217,(anonymous_19)
FN:220,(anonymous_20)
FN:221,(anonymous_21)
FN:226,(anonymous_22)
FN:239,(anonymous_23)
FN:242,(anonymous_24)
FN:243,(anonymous_25)
FN:259,(anonymous_26)
FN:271,(anonymous_27)
FN:274,(anonymous_28)
FN:287,(anonymous_29)
FN:290,(anonymous_30)
FN:303,(anonymous_31)
FN:306,(anonymous_32)
FN:319,(anonymous_33)
FN:322,(anonymous_34)
FN:342,(anonymous_35)
FN:345,(anonymous_36)
FN:393,(anonymous_37)
FN:396,(anonymous_38)
FN:409,(anonymous_39)
FN:412,(anonymous_40)
FNF:41
FNH:40
FNDA:6,(anonymous_0)
FNDA:6,(anonymous_1)
FNDA:6,(anonymous_2)
FNDA:6,(anonymous_3)
FNDA:100,(anonymous_4)
FNDA:100,(anonymous_5)
FNDA:6,(anonymous_6)
FNDA:100,(anonymous_7)
FNDA:100,(anonymous_8)
FNDA:99,(anonymous_9)
FNDA:3,(anonymous_10)
FNDA:99,(anonymous_11)
FNDA:4,(anonymous_12)
FNDA:99,(anonymous_13)
FNDA:99,(anonymous_14)
FNDA:6,(anonymous_15)
FNDA:147,(anonymous_16)
FNDA:147,(anonymous_17)
FNDA:167,(anonymous_18)
FNDA:6,(anonymous_19)
FNDA:46,(anonymous_20)
FNDA:46,(anonymous_21)
FNDA:12,(anonymous_22)
FNDA:6,(anonymous_23)
FNDA:52,(anonymous_24)
FNDA:52,(anonymous_25)
FNDA:42,(anonymous_26)
FNDA:6,(anonymous_27)
FNDA:75,(anonymous_28)
FNDA:6,(anonymous_29)
FNDA:245,(anonymous_30)
FNDA:6,(anonymous_31)
FNDA:97,(anonymous_32)
FNDA:6,(anonymous_33)
FNDA:159,(anonymous_34)
FNDA:6,(anonymous_35)
FNDA:53,(anonymous_36)
FNDA:6,(anonymous_37)
FNDA:1,(anonymous_38)
FNDA:6,(anonymous_39)
FNDA:0,(anonymous_40)
DA:12,6
DA:14,6
DA:15,0
DA:18,6
DA:19,6
DA:20,6
DA:21,6
DA:29,6
DA:30,6
DA:32,6
DA:41,6
DA:42,6
DA:43,6
DA:44,6
DA:45,6
DA:48,6
DA:49,6
DA:50,6
DA:51,6
DA:52,6
DA:53,6
DA:54,6
DA:55,6
DA:63,6
DA:64,6
DA:65,6
DA:67,100
DA:74,100
DA:75,100
DA:77,99
DA:78,99
DA:79,99
DA:80,99
DA:81,99
DA:82,99
DA:84,1
DA:88,6
DA:95,6
DA:96,6
DA:97,6
DA:99,100
DA:100,100
DA:101,99
DA:102,0
DA:103,0
DA:105,0
DA:108,99
DA:110,99
DA:112,1
DA:116,6
DA:126,99
DA:127,3
DA:128,3
DA:129,3
DA:131,3
DA:134,96
DA:135,96
DA:144,99
DA:145,4
DA:146,4
DA:149,95
DA:159,99
DA:173,99
DA:174,76
DA:177,99
DA:178,23
DA:181,99
DA:182,0
DA:185,99
DA:186,99
DA:187,99
DA:188,99
DA:197,6
DA:198,6
DA:200,147
DA:201,147
DA:202,147
DA:203,167
DA:206,0
DA:210,6
DA:218,6
DA:219,6
DA:221,46
DA:222,46
DA:223,46
DA:224,0
DA:226,46
DA:227,46
DA:229,0
DA:233,6
DA:240,6
DA:241,6
DA:243,52
DA:244,52
DA:245,51
DA:246,51
DA:248,1
DA:252,6
DA:260,42
DA:261,42
DA:262,42
DA:265,0
DA:272,6
DA:273,6
DA:275,75
DA:276,74
DA:278,1
DA:281,6
DA:288,6
DA:289,6
DA:291,245
DA:292,244
DA:294,1
DA:297,6
DA:304,6
DA:305,6
DA:307,97
DA:308,97
DA:310,0
DA:313,6
DA:320,6
DA:321,6
DA:323,159
DA:324,159
DA:325,159
DA:327,0
DA:330,6
DA:343,6
DA:344,6
DA:346,53
DA:347,53
DA:349,53
DA:350,42
DA:353,11
DA:354,3
DA:357,8
DA:358,3
DA:362,5
DA:363,0
DA:368,5
DA:369,5
DA:370,5
DA:372,0
DA:373,0
DA:374,0
DA:376,0
DA:377,0
DA:380,0
DA:382,0
DA:384,0
DA:387,6
DA:394,6
DA:395,6
DA:397,1
DA:398,0
DA:400,1
DA:403,6
DA:410,6
DA:411,6
DA:413,0
DA:414,0
DA:416,0
DA:419,6
LF:163
LH:139
BRDA:14,0,0,0
BRDA:14,0,1,6
BRDA:30,1,0,6
BRDA:30,1,1,0
BRDA:70,2,0,25
BRDA:71,3,0,100
BRDA:72,4,0,100
BRDA:75,5,0,99
BRDA:75,5,1,1
BRDA:100,6,0,99
BRDA:100,6,1,1
BRDA:101,7,0,0
BRDA:101,7,1,99
BRDA:101,8,0,99
BRDA:101,8,1,0
BRDA:101,8,2,0
BRDA:101,8,3,0
BRDA:126,9,0,3
BRDA:126,9,1,96
BRDA:144,10,0,4
BRDA:144,10,1,95
BRDA:144,11,0,99
BRDA:144,11,1,4
BRDA:159,12,0,14
BRDA:159,12,1,85
BRDA:173,13,0,76
BRDA:173,13,1,23
BRDA:177,14,0,23
BRDA:177,14,1,76
BRDA:181,15,0,0
BRDA:181,15,1,99
BRDA:185,16,0,99
BRDA:185,16,1,0
BRDA:185,17,0,99
BRDA:185,17,1,99
BRDA:201,18,0,147
BRDA:201,18,1,0
BRDA:222,19,0,46
BRDA:222,19,1,0
BRDA:223,20,0,0
BRDA:223,20,1,46
BRDA:227,21,0,8
BRDA:227,21,1,38
BRDA:244,22,0,51
BRDA:244,22,1,1
BRDA:261,23,0,42
BRDA:261,23,1,0
BRDA:275,24,0,74
BRDA:275,24,1,1
BRDA:278,25,0,1
BRDA:278,25,1,0
BRDA:291,26,0,244
BRDA:291,26,1,1
BRDA:292,27,0,244
BRDA:292,27,1,0
BRDA:294,28,0,1
BRDA:294,28,1,0
BRDA:307,29,0,97
BRDA:307,29,1,0
BRDA:308,30,0,97
BRDA:308,30,1,0
BRDA:308,31,0,97
BRDA:308,31,1,0
BRDA:310,32,0,0
BRDA:310,32,1,0
BRDA:323,33,0,159
BRDA:323,33,1,0
BRDA:325,34,0,133
BRDA:325,34,1,26
BRDA:327,35,0,0
BRDA:327,35,1,0
BRDA:346,36,0,53
BRDA:346,36,1,0
BRDA:349,37,0,42
BRDA:349,37,1,11
BRDA:349,38,0,53
BRDA:349,38,1,53
BRDA:353,39,0,3
BRDA:353,39,1,8
BRDA:353,40,0,11
BRDA:353,40,1,3
BRDA:354,41,0,3
BRDA:354,41,1,0
BRDA:357,42,0,3
BRDA:357,42,1,5
BRDA:357,43,0,8
BRDA:357,43,1,3
BRDA:358,44,0,3
BRDA:358,44,1,0
BRDA:362,45,0,0
BRDA:362,45,1,5
BRDA:362,46,0,5
BRDA:362,46,1,0
BRDA:362,46,2,0
BRDA:363,47,0,0
BRDA:363,47,1,0
BRDA:363,48,0,0
BRDA:363,48,1,0
BRDA:368,49,0,5
BRDA:368,49,1,0
BRDA:369,50,0,5
BRDA:369,50,1,0
BRDA:372,51,0,0
BRDA:372,51,1,0
BRDA:384,52,0,0
BRDA:384,52,1,0
BRDA:397,53,0,0
BRDA:397,53,1,1
BRDA:400,54,0,1
BRDA:400,54,1,0
BRDA:413,55,0,0
BRDA:413,55,1,0
BRDA:414,56,0,0
BRDA:414,56,1,0
BRDA:416,57,0,0
BRDA:416,57,1,0
BRF:116
BRH:69
end_of_record
TN:
SF:src/inteceptor/node/client-request.ts
FN:33,(anonymous_0)
FN:51,(anonymous_1)
FN:82,(anonymous_2)
FN:98,(anonymous_3)
FN:107,(anonymous_4)
FN:125,(anonymous_5)
FN:133,(anonymous_6)
FN:134,(anonymous_7)
FN:145,(anonymous_8)
FN:165,(anonymous_9)
FN:176,(anonymous_10)
FN:192,(anonymous_11)
FN:241,(anonymous_12)
FN:260,(anonymous_13)
FN:268,(anonymous_14)
FN:272,(anonymous_15)
FNF:16
FNH:10
FNDA:70,(anonymous_0)
FNDA:70,(anonymous_1)
FNDA:70,(anonymous_2)
FNDA:70,(anonymous_3)
FNDA:0,(anonymous_4)
FNDA:0,(anonymous_5)
FNDA:0,(anonymous_6)
FNDA:0,(anonymous_7)
FNDA:0,(anonymous_8)
FNDA:0,(anonymous_9)
FNDA:70,(anonymous_10)
FNDA:84,(anonymous_11)
FNDA:70,(anonymous_12)
FNDA:9,(anonymous_13)
FNDA:9,(anonymous_14)
FNDA:24,(anonymous_15)
DA:14,70
DA:17,70
DA:18,70
DA:38,70
DA:40,70
DA:41,70
DA:42,70
DA:45,70
DA:52,70
DA:53,70
DA:54,70
DA:58,70
DA:59,24
DA:63,70
DA:64,70
DA:65,149
DA:70,70
DA:71,70
DA:72,70
DA:74,9
DA:77,70
DA:78,0
DA:79,0
DA:82,70
DA:83,70
DA:84,70
DA:87,70
DA:88,0
DA:91,70
DA:99,70
DA:100,70
DA:108,0
DA:110,0
DA:111,0
DA:113,0
DA:114,0
DA:116,0
DA:118,0
DA:126,0
DA:134,0
DA:135,0
DA:146,0
DA:147,0
DA:148,0
DA:150,0
DA:151,0
DA:152,0
DA:154,0
DA:155,0
DA:156,0
DA:160,0
DA:161,0
DA:165,0
DA:166,0
DA:177,70
DA:180,70
DA:181,0
DA:182,0
DA:183,0
DA:186,70
DA:187,70
DA:189,70
DA:190,70
DA:192,70
DA:193,84
DA:196,70
DA:206,70
DA:212,52
DA:214,18
DA:218,70
DA:219,23
DA:222,70
DA:223,70
DA:224,70
DA:228,70
DA:229,70
DA:231,70
DA:245,70
DA:246,24
DA:247,46
DA:248,0
DA:249,46
DA:250,23
DA:251,23
DA:253,70
DA:261,9
DA:262,9
DA:269,9
DA:273,24
DA:274,24
DA:278,24
DA:284,12
LF:92
LH:62
BRDA:53,0,0,70
BRDA:53,0,1,0
BRDA:54,1,0,70
BRDA:54,1,1,23
BRDA:58,2,0,24
BRDA:58,2,1,46
BRDA:63,3,0,70
BRDA:63,3,1,0
BRDA:63,4,0,70
BRDA:63,4,1,70
BRDA:72,5,0,9
BRDA:72,5,1,61
BRDA:77,6,0,0
BRDA:77,6,1,70
BRDA:87,7,0,0
BRDA:87,7,1,70
BRDA:108,8,0,0
BRDA:108,8,1,0
BRDA:108,9,0,0
BRDA:108,9,1,0
BRDA:146,10,0,0
BRDA:146,10,1,0
BRDA:146,11,0,0
BRDA:146,11,1,0
BRDA:150,12,0,0
BRDA:150,12,1,0
BRDA:151,13,0,0
BRDA:151,13,1,0
BRDA:154,14,0,0
BRDA:154,14,1,0
BRDA:155,15,0,0
BRDA:155,15,1,0
BRDA:160,16,0,0
BRDA:160,16,1,0
BRDA:160,17,0,0
BRDA:160,17,1,0
BRDA:180,18,0,0
BRDA:180,18,1,70
BRDA:186,19,0,70
BRDA:186,19,1,0
BRDA:189,20,0,70
BRDA:189,20,1,0
BRDA:190,21,0,70
BRDA:190,21,1,0
BRDA:196,22,0,9
BRDA:196,22,1,61
BRDA:199,23,0,9
BRDA:199,23,1,0
BRDA:206,24,0,52
BRDA:206,24,1,18
BRDA:206,25,0,70
BRDA:206,25,1,19
BRDA:206,25,2,19
BRDA:206,25,3,18
BRDA:206,25,4,18
BRDA:218,26,0,23
BRDA:218,26,1,47
BRDA:245,27,0,24
BRDA:245,27,1,46
BRDA:247,28,0,0
BRDA:247,28,1,46
BRDA:249,29,0,23
BRDA:249,29,1,23
BRDA:250,30,0,23
BRDA:250,30,1,0
BRDA:251,31,0,23
BRDA:251,31,1,0
BRDA:262,32,0,9
BRDA:262,32,1,0
BRDA:273,33,0,24
BRDA:273,33,1,0
BRDA:273,34,0,24
BRDA:273,34,1,24
BRDA:274,35,0,0
BRDA:274,35,1,24
BRF:75
BRH:40
end_of_record
TN:
SF:src/inteceptor/node/http-and-https.ts
FN:16,(anonymous_0)
FN:38,(anonymous_1)
FN:51,(anonymous_2)
FN:59,(anonymous_3)
FN:61,(anonymous_4)
FN:68,(anonymous_5)
FN:86,(anonymous_6)
FN:88,(anonymous_7)
FN:97,(anonymous_8)
FN:111,(anonymous_9)
FN:129,(anonymous_10)
FN:135,(anonymous_11)
FN:149,(anonymous_12)
FN:150,(anonymous_13)
FN:152,(anonymous_14)
FN:166,(anonymous_15)
FN:197,(anonymous_16)
FNF:17
FNH:14
FNDA:3,(anonymous_0)
FNDA:1,(anonymous_1)
FNDA:3,(anonymous_2)
FNDA:3,(anonymous_3)
FNDA:62,(anonymous_4)
FNDA:9,(anonymous_5)
FNDA:3,(anonymous_6)
FNDA:0,(anonymous_7)
FNDA:0,(anonymous_8)
FNDA:71,(anonymous_9)
FNDA:70,(anonymous_10)
FNDA:0,(anonymous_11)
FNDA:70,(anonymous_12)
FNDA:70,(anonymous_13)
FNDA:3,(anonymous_14)
FNDA:71,(anonymous_15)
FNDA:71,(anonymous_16)
DA:17,3
DA:19,3
DA:20,0
DA:23,3
DA:25,3
DA:26,3
DA:27,3
DA:28,3
DA:29,3
DA:31,3
DA:39,1
DA:40,0
DA:42,1
DA:52,3
DA:53,3
DA:60,3
DA:61,3
DA:62,62
DA:63,62
DA:64,61
DA:66,1
DA:68,3
DA:69,9
DA:70,9
DA:71,9
DA:73,0
DA:87,3
DA:88,3
DA:89,0
DA:90,0
DA:91,0
DA:92,0
DA:94,0
DA:97,3
DA:98,0
DA:99,0
DA:100,0
DA:101,0
DA:103,0
DA:112,71
DA:113,71
DA:115,71
DA:117,71
DA:119,70
DA:120,70
DA:121,70
DA:130,70
DA:135,0
DA:136,0
DA:137,0
DA:139,0
DA:141,70
DA:150,70
DA:151,70
DA:152,3
DA:154,67
DA:157,70
DA:169,71
DA:170,23
DA:172,71
DA:173,71
DA:175,71
DA:176,25
DA:179,71
DA:180,48
DA:181,48
DA:182,48
DA:184,48
DA:185,48
DA:186,48
DA:188,48
DA:191,48
DA:194,71
DA:198,71
LF:74
LH:57
BRDA:19,0,0,0
BRDA:19,0,1,3
BRDA:39,1,0,0
BRDA:39,1,1,1
BRDA:39,2,0,1
BRDA:39,2,1,1
BRDA:63,3,0,61
BRDA:63,3,1,1
BRDA:70,4,0,9
BRDA:70,4,1,0
BRDA:90,5,0,0
BRDA:90,5,1,0
BRDA:99,6,0,0
BRDA:99,6,1,0
BRDA:113,7,0,71
BRDA:113,7,1,0
BRDA:117,8,0,1
BRDA:117,8,1,70
BRDA:130,9,0,0
BRDA:130,9,1,70
BRDA:130,10,0,70
BRDA:130,10,1,0
BRDA:151,11,0,3
BRDA:151,11,1,67
BRDA:151,12,0,70
BRDA:151,12,1,3
BRDA:169,13,0,23
BRDA:169,13,1,48
BRDA:169,14,0,71
BRDA:169,14,1,71
BRDA:170,15,0,0
BRDA:170,15,1,23
BRDA:172,16,0,71
BRDA:172,16,1,0
BRDA:172,17,0,71
BRDA:172,17,1,23
BRDA:172,17,2,23
BRDA:173,18,0,48
BRDA:173,18,1,23
BRDA:175,19,0,25
BRDA:175,19,1,46
BRDA:175,20,0,71
BRDA:175,20,1,46
BRDA:176,21,0,25
BRDA:176,21,1,0
BRDA:179,22,0,48
BRDA:179,22,1,23
BRDA:180,23,0,23
BRDA:180,23,1,25
BRDA:181,24,0,48
BRDA:181,24,1,45
BRDA:181,24,2,45
BRDA:182,25,0,25
BRDA:182,25,1,23
BRDA:182,26,0,3
BRDA:182,26,1,20
BRDA:184,27,0,48
BRDA:184,27,1,23
BRDA:184,27,2,0
BRDA:185,28,0,48
BRDA:185,28,1,0
BRDA:186,29,0,0
BRDA:186,29,1,48
BRDA:191,30,0,23
BRDA:191,30,1,25
BRDA:194,31,0,71
BRDA:194,31,1,0
BRDA:198,32,0,71
BRDA:198,32,1,48
BRDA:198,32,2,48
BRDA:198,32,3,48
BRDA:198,32,4,48
BRDA:198,32,5,23
BRDA:198,32,6,0
BRF:74
BRH:56
end_of_record
TN:
SF:test/mock/sample1.js
FNF:0
FNH:0
LF:0
LH:0
BRF:0
BRH:0
end_of_record
TN:
SF:test/mock/sample2.js
FN:6,(anonymous_0)
FNF:1
FNH:1
FNDA:2,(anonymous_0)
DA:5,1
DA:7,2
DA:9,2
LF:3
LH:3
BRF:0
BRH:0
end_of_record
