TN:
SF:src/config.ts
FNF:0
FNH:0
DA:6,8
LF:1
LH:1
BRF:0
BRH:0
end_of_record
TN:
SF:src/index.ts
FN:13,(anonymous_0)
FN:40,(anonymous_1)
FN:50,(anonymous_2)
FN:60,(anonymous_3)
FN:70,(anonymous_4)
FN:80,(anonymous_5)
FNF:6
FNH:1
FNDA:0,(anonymous_0)
FNDA:0,(anonymous_1)
FNDA:0,(anonymous_2)
FNDA:0,(anonymous_3)
FNDA:0,(anonymous_4)
FNDA:8,(anonymous_5)
DA:14,0
DA:16,0
DA:17,0
DA:20,0
DA:21,0
DA:24,0
DA:25,0
DA:29,0
DA:30,0
DA:33,0
DA:41,0
DA:42,0
DA:43,0
DA:51,0
DA:52,0
DA:53,0
DA:61,0
DA:62,0
DA:63,0
DA:71,0
DA:72,0
DA:73,0
DA:81,8
DA:83,8
DA:84,1
DA:87,8
DA:88,5
DA:91,8
DA:92,1
DA:95,8
DA:96,1
DA:101,1
DA:102,1
DA:106,8
LF:34
LH:12
BRDA:16,0,0,0
BRDA:16,0,1,0
BRDA:16,1,0,0
BRDA:16,1,1,0
BRDA:20,2,0,0
BRDA:20,2,1,0
BRDA:20,3,0,0
BRDA:20,3,1,0
BRDA:24,4,0,0
BRDA:24,4,1,0
BRDA:24,5,0,0
BRDA:24,5,1,0
BRDA:29,6,0,0
BRDA:29,6,1,0
BRDA:29,7,0,0
BRDA:29,7,1,0
BRDA:83,8,0,1
BRDA:83,8,1,7
BRDA:87,9,0,5
BRDA:87,9,1,3
BRDA:91,10,0,1
BRDA:91,10,1,7
BRDA:95,11,0,1
BRDA:95,11,1,7
BRDA:101,12,0,1
BRDA:101,12,1,0
BRDA:101,13,0,1
BRDA:101,13,1,0
BRF:28
BRH:10
end_of_record
TN:
SF:src/mocker.ts
FN:7,(anonymous_0)
FN:19,(anonymous_1)
FN:29,(anonymous_2)
FN:39,(anonymous_3)
FN:49,(anonymous_4)
FN:75,(anonymous_5)
FN:88,(anonymous_6)
FN:101,(anonymous_7)
FN:114,(anonymous_8)
FN:127,(anonymous_9)
FN:140,(anonymous_10)
FN:151,(anonymous_11)
FNF:12
FNH:10
FNDA:8,(anonymous_0)
FNDA:0,(anonymous_1)
FNDA:151,(anonymous_2)
FNDA:0,(anonymous_3)
FNDA:151,(anonymous_4)
FNDA:14,(anonymous_5)
FNDA:14,(anonymous_6)
FNDA:7,(anonymous_7)
FNDA:7,(anonymous_8)
FNDA:7,(anonymous_9)
FNDA:30,(anonymous_10)
FNDA:175,(anonymous_11)
DA:8,8
DA:9,0
DA:11,8
DA:12,8
DA:20,0
DA:21,0
DA:30,151
DA:31,151
DA:40,0
DA:41,0
DA:50,151
DA:51,0
DA:54,151
DA:58,151
DA:59,151
DA:60,151
DA:62,151
DA:63,151
DA:64,151
DA:76,14
DA:77,14
DA:89,14
DA:90,14
DA:102,7
DA:103,7
DA:115,7
DA:116,7
DA:128,7
DA:129,7
DA:141,30
DA:142,30
DA:152,175
DA:154,175
DA:155,1844
DA:156,1844
DA:157,1844
DA:158,0
DA:161,1844
DA:162,1844
DA:163,888
DA:166,956
DA:169,0
DA:172,956
DA:173,7
DA:176,949
DA:177,166
DA:181,2
LF:47
LH:39
BRDA:8,0,0,0
BRDA:8,0,1,8
BRDA:50,1,0,0
BRDA:50,1,1,151
BRDA:50,2,0,151
BRDA:50,2,1,151
BRDA:50,2,2,7
BRDA:54,3,0,135
BRDA:54,3,1,16
BRDA:54,4,0,151
BRDA:54,4,1,16
BRDA:58,5,0,65
BRDA:58,5,1,86
BRDA:59,6,0,86
BRDA:59,6,1,65
BRDA:60,7,0,87
BRDA:60,7,1,64
BRDA:75,8,0,14
BRDA:75,9,0,14
BRDA:75,10,0,14
BRDA:88,11,0,14
BRDA:88,12,0,14
BRDA:88,13,0,14
BRDA:101,14,0,7
BRDA:101,15,0,7
BRDA:101,16,0,7
BRDA:114,17,0,7
BRDA:114,18,0,7
BRDA:114,19,0,7
BRDA:127,20,0,7
BRDA:127,21,0,7
BRDA:127,22,0,7
BRDA:140,23,0,27
BRDA:140,24,0,27
BRDA:140,25,0,27
BRDA:152,26,0,175
BRDA:152,26,1,0
BRDA:157,27,0,0
BRDA:157,27,1,1844
BRDA:162,28,0,888
BRDA:162,28,1,956
BRDA:162,29,0,1844
BRDA:162,29,1,1246
BRDA:166,30,0,0
BRDA:166,30,1,956
BRDA:166,31,0,956
BRDA:166,31,1,0
BRDA:166,31,2,0
BRDA:172,32,0,7
BRDA:172,32,1,949
BRDA:172,33,0,956
BRDA:172,33,1,144
BRDA:176,34,0,166
BRDA:176,34,1,783
BRF:54
BRH:47
end_of_record
TN:
SF:src/fake/xhr.ts
FN:4,(anonymous_0)
FN:5,(anonymous_1)
FN:6,(anonymous_2)
FN:7,(anonymous_3)
FN:8,(anonymous_4)
FN:9,(anonymous_5)
FN:10,(anonymous_6)
FN:11,(anonymous_7)
FN:13,(anonymous_8)
FN:17,(anonymous_9)
FN:21,(anonymous_10)
FN:25,(anonymous_11)
FN:29,(anonymous_12)
FN:33,(anonymous_13)
FN:37,(anonymous_14)
FNF:15
FNH:0
FNDA:0,(anonymous_0)
FNDA:0,(anonymous_1)
FNDA:0,(anonymous_2)
FNDA:0,(anonymous_3)
FNDA:0,(anonymous_4)
FNDA:0,(anonymous_5)
FNDA:0,(anonymous_6)
FNDA:0,(anonymous_7)
FNDA:0,(anonymous_8)
FNDA:0,(anonymous_9)
FNDA:0,(anonymous_10)
FNDA:0,(anonymous_11)
FNDA:0,(anonymous_12)
FNDA:0,(anonymous_13)
FNDA:0,(anonymous_14)
DA:14,0
DA:18,0
DA:22,0
DA:26,0
DA:30,0
DA:34,0
DA:38,0
LF:7
LH:0
BRF:0
BRH:0
end_of_record
TN:
SF:src/inteceptor/base.ts
FN:11,(anonymous_0)
FN:20,(anonymous_1)
FN:27,(anonymous_2)
FN:44,(anonymous_3)
FN:52,(anonymous_4)
FN:58,(anonymous_5)
FN:70,(anonymous_6)
FNF:7
FNH:6
FNDA:9,(anonymous_0)
FNDA:0,(anonymous_1)
FNDA:17,(anonymous_2)
FNDA:175,(anonymous_3)
FNDA:149,(anonymous_4)
FNDA:18,(anonymous_5)
FNDA:25,(anonymous_6)
DA:12,9
DA:13,9
DA:21,0
DA:28,17
DA:29,17
DA:30,0
DA:31,0
DA:32,0
DA:33,0
DA:35,0
DA:45,175
DA:53,149
DA:59,18
DA:60,18
DA:61,18
DA:71,25
LF:16
LH:10
BRDA:28,0,0,17
BRDA:28,0,1,0
BRDA:30,1,0,0
BRDA:30,1,1,0
BRDA:32,2,0,0
BRDA:32,2,1,0
BRDA:53,3,0,12
BRDA:53,3,1,137
BRDA:60,4,0,18
BRDA:60,4,1,0
BRF:10
BRH:4
end_of_record
TN:
SF:src/inteceptor/fetch.ts
FN:10,(anonymous_0)
FN:28,(anonymous_1)
FN:31,(anonymous_2)
FN:40,(anonymous_3)
FN:42,(anonymous_4)
FN:59,(anonymous_5)
FN:80,(anonymous_6)
FN:82,(anonymous_7)
FN:99,(anonymous_8)
FN:102,(anonymous_9)
FN:119,(anonymous_10)
FN:149,(anonymous_11)
FN:150,(anonymous_12)
FN:151,(anonymous_13)
FN:152,(anonymous_14)
FN:153,(anonymous_15)
FN:155,(anonymous_16)
FN:156,(anonymous_17)
FN:157,(anonymous_18)
FNF:19
FNH:10
FNDA:1,(anonymous_0)
FNDA:1,(anonymous_1)
FNDA:0,(anonymous_2)
FNDA:1,(anonymous_3)
FNDA:25,(anonymous_4)
FNDA:25,(anonymous_5)
FNDA:25,(anonymous_6)
FNDA:0,(anonymous_7)
FNDA:25,(anonymous_8)
FNDA:1,(anonymous_9)
FNDA:25,(anonymous_10)
FNDA:25,(anonymous_11)
FNDA:0,(anonymous_12)
FNDA:0,(anonymous_13)
FNDA:0,(anonymous_14)
FNDA:0,(anonymous_15)
FNDA:0,(anonymous_16)
FNDA:0,(anonymous_17)
FNDA:0,(anonymous_18)
DA:11,1
DA:13,1
DA:14,0
DA:17,1
DA:18,1
DA:19,1
DA:21,1
DA:29,1
DA:30,1
DA:31,1
DA:33,1
DA:41,1
DA:42,1
DA:43,25
DA:49,25
DA:50,0
DA:51,0
DA:53,25
DA:54,25
DA:57,25
DA:59,25
DA:60,25
DA:61,25
DA:62,25
DA:63,25
DA:65,25
DA:67,0
DA:71,1
DA:81,25
DA:82,0
DA:83,0
DA:84,0
DA:86,0
DA:89,25
DA:90,25
DA:100,25
DA:101,25
DA:102,1
DA:103,1
DA:106,24
DA:108,25
DA:120,25
DA:121,25
DA:122,25
DA:124,25
DA:128,25
DA:132,25
DA:133,0
DA:134,0
DA:135,0
DA:138,25
DA:149,25
DA:150,0
DA:151,0
DA:152,0
DA:153,0
DA:155,0
DA:156,0
DA:157,0
DA:159,25
LF:60
LH:42
BRDA:13,0,0,0
BRDA:13,0,1,1
BRDA:30,1,0,1
BRDA:30,1,1,0
BRDA:49,2,0,0
BRDA:49,2,1,25
BRDA:50,3,0,0
BRDA:50,3,1,0
BRDA:57,4,0,25
BRDA:57,4,1,0
BRDA:57,5,0,25
BRDA:57,5,1,25
BRDA:61,6,0,25
BRDA:61,6,1,0
BRDA:81,7,0,0
BRDA:81,7,1,25
BRDA:100,8,0,25
BRDA:100,8,1,0
BRDA:101,9,0,1
BRDA:101,9,1,24
BRDA:101,10,0,25
BRDA:101,10,1,1
BRDA:120,11,0,3
BRDA:120,11,1,22
BRDA:121,12,0,25
BRDA:121,12,1,0
BRDA:122,13,0,25
BRDA:122,13,1,0
BRDA:124,14,0,25
BRDA:124,14,1,0
BRDA:128,15,0,25
BRDA:128,15,1,0
BRDA:129,16,0,19
BRDA:129,16,1,6
BRDA:132,17,0,0
BRDA:132,17,1,25
BRDA:153,18,0,0
BRDA:153,18,1,0
BRF:38
BRH:22
end_of_record
TN:
SF:src/inteceptor/wx-request.ts
FN:9,(anonymous_0)
FN:26,(anonymous_1)
FN:30,(anonymous_2)
FN:39,(anonymous_3)
FN:44,(anonymous_4)
FN:66,(anonymous_5)
FN:69,(anonymous_6)
FN:86,(anonymous_7)
FN:88,(anonymous_8)
FN:102,(anonymous_9)
FN:123,(anonymous_10)
FNF:11
FNH:9
FNDA:1,(anonymous_0)
FNDA:1,(anonymous_1)
FNDA:0,(anonymous_2)
FNDA:1,(anonymous_3)
FNDA:25,(anonymous_4)
FNDA:25,(anonymous_5)
FNDA:0,(anonymous_6)
FNDA:25,(anonymous_7)
FNDA:1,(anonymous_8)
FNDA:25,(anonymous_9)
FNDA:25,(anonymous_10)
DA:10,1
DA:12,1
DA:13,0
DA:16,1
DA:17,1
DA:18,1
DA:19,1
DA:27,1
DA:28,1
DA:29,1
DA:30,1
DA:32,1
DA:40,1
DA:45,25
DA:46,0
DA:49,25
DA:50,25
DA:51,25
DA:52,25
DA:54,0
DA:58,1
DA:67,25
DA:69,0
DA:70,0
DA:71,0
DA:73,0
DA:76,25
DA:77,25
DA:87,25
DA:88,1
DA:89,1
DA:92,24
DA:103,25
DA:106,25
DA:124,25
DA:125,25
DA:128,25
DA:129,0
LF:38
LH:30
BRDA:12,0,0,0
BRDA:12,0,1,1
BRDA:28,1,0,1
BRDA:28,1,1,1
BRDA:29,2,0,1
BRDA:29,2,1,0
BRDA:45,3,0,0
BRDA:45,3,1,25
BRDA:45,4,0,25
BRDA:45,4,1,25
BRDA:50,5,0,25
BRDA:50,5,1,0
BRDA:67,6,0,0
BRDA:67,6,1,25
BRDA:87,7,0,1
BRDA:87,7,1,24
BRDA:87,8,0,25
BRDA:87,8,1,1
BRDA:103,9,0,3
BRDA:103,9,1,22
BRDA:108,10,0,25
BRDA:108,10,1,0
BRDA:124,11,0,25
BRDA:124,11,1,0
BRDA:128,12,0,0
BRDA:128,12,1,25
BRF:26
BRH:18
end_of_record
TN:
SF:src/inteceptor/xml-http-request.ts
FN:11,(anonymous_0)
FN:28,(anonymous_1)
FN:39,(anonymous_2)
FN:62,(anonymous_3)
FN:66,(anonymous_4)
FN:67,(anonymous_5)
FN:94,(anonymous_6)
FN:98,(anonymous_7)
FN:99,(anonymous_8)
FN:125,(anonymous_9)
FN:127,(anonymous_10)
FN:143,(anonymous_11)
FN:145,(anonymous_12)
FN:158,(anonymous_13)
FN:172,(anonymous_14)
FN:196,(anonymous_15)
FN:199,(anonymous_16)
FN:200,(anonymous_17)
FN:203,(anonymous_18)
FN:217,(anonymous_19)
FN:220,(anonymous_20)
FN:221,(anonymous_21)
FN:226,(anonymous_22)
FN:239,(anonymous_23)
FN:242,(anonymous_24)
FN:243,(anonymous_25)
FN:259,(anonymous_26)
FN:271,(anonymous_27)
FN:274,(anonymous_28)
FN:287,(anonymous_29)
FN:290,(anonymous_30)
FN:303,(anonymous_31)
FN:306,(anonymous_32)
FN:319,(anonymous_33)
FN:322,(anonymous_34)
FN:342,(anonymous_35)
FN:345,(anonymous_36)
FN:393,(anonymous_37)
FN:396,(anonymous_38)
FN:409,(anonymous_39)
FN:412,(anonymous_40)
FNF:41
FNH:40
FNDA:6,(anonymous_0)
FNDA:6,(anonymous_1)
FNDA:6,(anonymous_2)
FNDA:6,(anonymous_3)
FNDA:100,(anonymous_4)
FNDA:100,(anonymous_5)
FNDA:6,(anonymous_6)
FNDA:100,(anonymous_7)
FNDA:100,(anonymous_8)
FNDA:99,(anonymous_9)
FNDA:3,(anonymous_10)
FNDA:99,(anonymous_11)
FNDA:4,(anonymous_12)
FNDA:99,(anonymous_13)
FNDA:99,(anonymous_14)
FNDA:6,(anonymous_15)
FNDA:147,(anonymous_16)
FNDA:147,(anonymous_17)
FNDA:167,(anonymous_18)
FNDA:6,(anonymous_19)
FNDA:46,(anonymous_20)
FNDA:46,(anonymous_21)
FNDA:12,(anonymous_22)
FNDA:6,(anonymous_23)
FNDA:52,(anonymous_24)
FNDA:52,(anonymous_25)
FNDA:42,(anonymous_26)
FNDA:6,(anonymous_27)
FNDA:75,(anonymous_28)
FNDA:6,(anonymous_29)
FNDA:245,(anonymous_30)
FNDA:6,(anonymous_31)
FNDA:97,(anonymous_32)
FNDA:6,(anonymous_33)
FNDA:159,(anonymous_34)
FNDA:6,(anonymous_35)
FNDA:53,(anonymous_36)
FNDA:6,(anonymous_37)
FNDA:1,(anonymous_38)
FNDA:6,(anonymous_39)
FNDA:0,(anonymous_40)
DA:12,6
DA:14,6
DA:15,0
DA:18,6
DA:19,6
DA:20,6
DA:21,6
DA:29,6
DA:30,6
DA:32,6
DA:41,6
DA:42,6
DA:43,6
DA:44,6
DA:45,6
DA:48,6
DA:49,6
DA:50,6
DA:51,6
DA:52,6
DA:53,6
DA:54,6
DA:55,6
DA:63,6
DA:64,6
DA:65,6
DA:67,100
DA:74,100
DA:75,100
DA:77,99
DA:78,99
DA:79,99
DA:80,99
DA:81,99
DA:82,99
DA:84,1
DA:88,6
DA:95,6
DA:96,6
DA:97,6
DA:99,100
DA:100,100
DA:101,99
DA:102,0
DA:103,0
DA:105,0
DA:108,99
DA:110,99
DA:112,1
DA:116,6
DA:126,99
DA:127,3
DA:128,3
DA:129,3
DA:131,3
DA:134,96
DA:135,96
DA:144,99
DA:145,4
DA:146,4
DA:149,95
DA:159,99
DA:173,99
DA:174,76
DA:177,99
DA:178,23
DA:181,99
DA:182,0
DA:185,99
DA:186,99
DA:187,99
DA:188,99
DA:197,6
DA:198,6
DA:200,147
DA:201,147
DA:202,147
DA:203,167
DA:206,0
DA:210,6
DA:218,6
DA:219,6
DA:221,46
DA:222,46
DA:223,46
DA:224,0
DA:226,46
DA:227,46
DA:229,0
DA:233,6
DA:240,6
DA:241,6
DA:243,52
DA:244,52
DA:245,51
DA:246,51
DA:248,1
DA:252,6
DA:260,42
DA:261,42
DA:262,42
DA:265,0
DA:272,6
DA:273,6
DA:275,75
DA:276,74
DA:278,1
DA:281,6
DA:288,6
DA:289,6
DA:291,245
DA:292,244
DA:294,1
DA:297,6
DA:304,6
DA:305,6
DA:307,97
DA:308,97
DA:310,0
DA:313,6
DA:320,6
DA:321,6
DA:323,159
DA:324,159
DA:325,159
DA:327,0
DA:330,6
DA:343,6
DA:344,6
DA:346,53
DA:347,53
DA:349,53
DA:350,42
DA:353,11
DA:354,3
DA:357,8
DA:358,3
DA:362,5
DA:363,0
DA:368,5
DA:369,5
DA:370,5
DA:372,0
DA:373,0
DA:374,0
DA:376,0
DA:377,0
DA:380,0
DA:382,0
DA:384,0
DA:387,6
DA:394,6
DA:395,6
DA:397,1
DA:398,0
DA:400,1
DA:403,6
DA:410,6
DA:411,6
DA:413,0
DA:414,0
DA:416,0
DA:419,6
LF:163
LH:139
BRDA:14,0,0,0
BRDA:14,0,1,6
BRDA:30,1,0,6
BRDA:30,1,1,0
BRDA:70,2,0,25
BRDA:71,3,0,100
BRDA:72,4,0,100
BRDA:75,5,0,99
BRDA:75,5,1,1
BRDA:100,6,0,99
BRDA:100,6,1,1
BRDA:101,7,0,0
BRDA:101,7,1,99
BRDA:101,8,0,99
BRDA:101,8,1,0
BRDA:101,8,2,0
BRDA:101,8,3,0
BRDA:126,9,0,3
BRDA:126,9,1,96
BRDA:144,10,0,4
BRDA:144,10,1,95
BRDA:144,11,0,99
BRDA:144,11,1,4
BRDA:159,12,0,14
BRDA:159,12,1,85
BRDA:173,13,0,76
BRDA:173,13,1,23
BRDA:177,14,0,23
BRDA:177,14,1,76
BRDA:181,15,0,0
BRDA:181,15,1,99
BRDA:185,16,0,99
BRDA:185,16,1,0
BRDA:185,17,0,99
BRDA:185,17,1,99
BRDA:201,18,0,147
BRDA:201,18,1,0
BRDA:222,19,0,46
BRDA:222,19,1,0
BRDA:223,20,0,0
BRDA:223,20,1,46
BRDA:227,21,0,8
BRDA:227,21,1,38
BRDA:244,22,0,51
BRDA:244,22,1,1
BRDA:261,23,0,42
BRDA:261,23,1,0
BRDA:275,24,0,74
BRDA:275,24,1,1
BRDA:278,25,0,1
BRDA:278,25,1,0
BRDA:291,26,0,244
BRDA:291,26,1,1
BRDA:292,27,0,244
BRDA:292,27,1,0
BRDA:294,28,0,1
BRDA:294,28,1,0
BRDA:307,29,0,97
BRDA:307,29,1,0
BRDA:308,30,0,97
BRDA:308,30,1,0
BRDA:308,31,0,97
BRDA:308,31,1,0
BRDA:310,32,0,0
BRDA:310,32,1,0
BRDA:323,33,0,159
BRDA:323,33,1,0
BRDA:325,34,0,133
BRDA:325,34,1,26
BRDA:327,35,0,0
BRDA:327,35,1,0
BRDA:346,36,0,53
BRDA:346,36,1,0
BRDA:349,37,0,42
BRDA:349,37,1,11
BRDA:349,38,0,53
BRDA:349,38,1,53
BRDA:353,39,0,3
BRDA:353,39,1,8
BRDA:353,40,0,11
BRDA:353,40,1,3
BRDA:354,41,0,3
BRDA:354,41,1,0
BRDA:357,42,0,3
BRDA:357,42,1,5
BRDA:357,43,0,8
BRDA:357,43,1,3
BRDA:358,44,0,3
BRDA:358,44,1,0
BRDA:362,45,0,0
BRDA:362,45,1,5
BRDA:362,46,0,5
BRDA:362,46,1,0
BRDA:362,46,2,0
BRDA:363,47,0,0
BRDA:363,47,1,0
BRDA:363,48,0,0
BRDA:363,48,1,0
BRDA:368,49,0,5
BRDA:368,49,1,0
BRDA:369,50,0,5
BRDA:369,50,1,0
BRDA:372,51,0,0
BRDA:372,51,1,0
BRDA:384,52,0,0
BRDA:384,52,1,0
BRDA:397,53,0,0
BRDA:397,53,1,1
BRDA:400,54,0,1
BRDA:400,54,1,0
BRDA:413,55,0,0
BRDA:413,55,1,0
BRDA:414,56,0,0
BRDA:414,56,1,0
BRDA:416,57,0,0
BRDA:416,57,1,0
BRF:116
BRH:69
end_of_record
TN:
SF:src/inteceptor/node/client-request.ts
FN:33,(anonymous_0)
FN:51,(anonymous_1)
FN:82,(anonymous_2)
FN:98,(anonymous_3)
FN:107,(anonymous_4)
FN:125,(anonymous_5)
FN:133,(anonymous_6)
FN:134,(anonymous_7)
FN:145,(anonymous_8)
FN:165,(anonymous_9)
FN:176,(anonymous_10)
FN:192,(anonymous_11)
FN:241,(anonymous_12)
FN:260,(anonymous_13)
FN:268,(anonymous_14)
FN:272,(anonymous_15)
FNF:16
FNH:10
FNDA:24,(anonymous_0)
FNDA:24,(anonymous_1)
FNDA:24,(anonymous_2)
FNDA:24,(anonymous_3)
FNDA:0,(anonymous_4)
FNDA:0,(anonymous_5)
FNDA:0,(anonymous_6)
FNDA:0,(anonymous_7)
FNDA:0,(anonymous_8)
FNDA:0,(anonymous_9)
FNDA:24,(anonymous_10)
FNDA:26,(anonymous_11)
FNDA:24,(anonymous_12)
FNDA:3,(anonymous_13)
FNDA:3,(anonymous_14)
FNDA:12,(anonymous_15)
DA:14,24
DA:17,24
DA:18,24
DA:38,24
DA:40,24
DA:41,24
DA:42,24
DA:45,24
DA:52,24
DA:53,24
DA:54,24
DA:58,24
DA:59,24
DA:63,24
DA:64,24
DA:65,57
DA:70,24
DA:71,24
DA:72,24
DA:74,3
DA:77,24
DA:78,0
DA:79,0
DA:82,24
DA:83,24
DA:84,24
DA:87,24
DA:88,0
DA:91,24
DA:99,24
DA:100,24
DA:108,0
DA:110,0
DA:111,0
DA:113,0
DA:114,0
DA:116,0
DA:118,0
DA:126,0
DA:134,0
DA:135,0
DA:146,0
DA:147,0
DA:148,0
DA:150,0
DA:151,0
DA:152,0
DA:154,0
DA:155,0
DA:156,0
DA:160,0
DA:161,0
DA:165,0
DA:166,0
DA:177,24
DA:180,24
DA:181,0
DA:182,0
DA:183,0
DA:186,24
DA:187,24
DA:189,24
DA:190,24
DA:192,24
DA:193,26
DA:196,24
DA:206,24
DA:212,18
DA:214,6
DA:218,24
DA:219,0
DA:222,24
DA:223,24
DA:224,24
DA:228,24
DA:229,24
DA:231,24
DA:245,24
DA:246,24
DA:247,0
DA:248,0
DA:249,0
DA:250,0
DA:251,0
DA:253,24
DA:261,3
DA:262,3
DA:269,3
DA:273,12
DA:274,12
DA:278,12
DA:284,8
LF:92
LH:57
BRDA:53,0,0,24
BRDA:53,0,1,0
BRDA:54,1,0,24
BRDA:54,1,1,0
BRDA:58,2,0,24
BRDA:58,2,1,0
BRDA:63,3,0,24
BRDA:63,3,1,0
BRDA:63,4,0,24
BRDA:63,4,1,24
BRDA:72,5,0,3
BRDA:72,5,1,21
BRDA:77,6,0,0
BRDA:77,6,1,24
BRDA:87,7,0,0
BRDA:87,7,1,24
BRDA:108,8,0,0
BRDA:108,8,1,0
BRDA:108,9,0,0
BRDA:108,9,1,0
BRDA:146,10,0,0
BRDA:146,10,1,0
BRDA:146,11,0,0
BRDA:146,11,1,0
BRDA:150,12,0,0
BRDA:150,12,1,0
BRDA:151,13,0,0
BRDA:151,13,1,0
BRDA:154,14,0,0
BRDA:154,14,1,0
BRDA:155,15,0,0
BRDA:155,15,1,0
BRDA:160,16,0,0
BRDA:160,16,1,0
BRDA:160,17,0,0
BRDA:160,17,1,0
BRDA:180,18,0,0
BRDA:180,18,1,24
BRDA:186,19,0,24
BRDA:186,19,1,0
BRDA:189,20,0,24
BRDA:189,20,1,0
BRDA:190,21,0,24
BRDA:190,21,1,0
BRDA:196,22,0,3
BRDA:196,22,1,21
BRDA:199,23,0,3
BRDA:199,23,1,0
BRDA:206,24,0,18
BRDA:206,24,1,6
BRDA:206,25,0,24
BRDA:206,25,1,7
BRDA:206,25,2,7
BRDA:206,25,3,6
BRDA:206,25,4,6
BRDA:218,26,0,0
BRDA:218,26,1,24
BRDA:245,27,0,24
BRDA:245,27,1,0
BRDA:247,28,0,0
BRDA:247,28,1,0
BRDA:249,29,0,0
BRDA:249,29,1,0
BRDA:250,30,0,0
BRDA:250,30,1,0
BRDA:251,31,0,0
BRDA:251,31,1,0
BRDA:262,32,0,3
BRDA:262,32,1,0
BRDA:273,33,0,12
BRDA:273,33,1,0
BRDA:273,34,0,12
BRDA:273,34,1,12
BRDA:274,35,0,0
BRDA:274,35,1,12
BRF:75
BRH:31
end_of_record
TN:
SF:src/inteceptor/node/http-and-https.ts
FN:15,(anonymous_0)
FN:37,(anonymous_1)
FN:50,(anonymous_2)
FN:58,(anonymous_3)
FN:60,(anonymous_4)
FN:67,(anonymous_5)
FN:85,(anonymous_6)
FN:87,(anonymous_7)
FN:96,(anonymous_8)
FN:110,(anonymous_9)
FN:127,(anonymous_10)
FN:143,(anonymous_11)
FN:144,(anonymous_12)
FN:146,(anonymous_13)
FN:160,(anonymous_14)
FNF:15
FNH:13
FNDA:1,(anonymous_0)
FNDA:1,(anonymous_1)
FNDA:1,(anonymous_2)
FNDA:1,(anonymous_3)
FNDA:22,(anonymous_4)
FNDA:3,(anonymous_5)
FNDA:1,(anonymous_6)
FNDA:0,(anonymous_7)
FNDA:0,(anonymous_8)
FNDA:25,(anonymous_9)
FNDA:24,(anonymous_10)
FNDA:24,(anonymous_11)
FNDA:24,(anonymous_12)
FNDA:1,(anonymous_13)
FNDA:25,(anonymous_14)
DA:16,1
DA:18,1
DA:19,0
DA:22,1
DA:24,1
DA:25,1
DA:26,1
DA:27,1
DA:28,1
DA:30,1
DA:38,1
DA:39,0
DA:41,1
DA:51,1
DA:52,1
DA:59,1
DA:60,1
DA:61,22
DA:62,22
DA:63,21
DA:65,1
DA:67,1
DA:68,3
DA:69,3
DA:70,3
DA:72,0
DA:86,1
DA:87,1
DA:88,0
DA:89,0
DA:90,0
DA:91,0
DA:93,0
DA:96,1
DA:97,0
DA:98,0
DA:99,0
DA:100,0
DA:102,0
DA:111,25
DA:112,25
DA:114,25
DA:115,25
DA:117,24
DA:118,24
DA:119,24
DA:128,24
DA:129,0
DA:130,0
DA:131,0
DA:132,0
DA:133,0
DA:135,24
DA:144,24
DA:145,24
DA:146,1
DA:148,23
DA:151,24
DA:163,25
DA:164,0
DA:166,25
DA:167,25
DA:169,25
DA:170,25
DA:173,25
DA:174,25
DA:175,25
DA:176,25
DA:178,25
DA:179,25
DA:180,25
DA:182,25
DA:183,25
DA:186,25
LF:74
LH:55
BRDA:18,0,0,0
BRDA:18,0,1,1
BRDA:38,1,0,0
BRDA:38,1,1,1
BRDA:38,2,0,1
BRDA:38,2,1,1
BRDA:62,3,0,21
BRDA:62,3,1,1
BRDA:69,4,0,3
BRDA:69,4,1,0
BRDA:89,5,0,0
BRDA:89,5,1,0
BRDA:98,6,0,0
BRDA:98,6,1,0
BRDA:112,7,0,25
BRDA:112,7,1,0
BRDA:115,8,0,1
BRDA:115,8,1,24
BRDA:128,9,0,0
BRDA:128,9,1,24
BRDA:128,10,0,24
BRDA:128,10,1,0
BRDA:145,11,0,1
BRDA:145,11,1,23
BRDA:145,12,0,24
BRDA:145,12,1,1
BRDA:163,13,0,0
BRDA:163,13,1,25
BRDA:163,14,0,25
BRDA:163,14,1,25
BRDA:163,14,2,25
BRDA:164,15,0,0
BRDA:164,15,1,0
BRDA:166,16,0,25
BRDA:166,16,1,0
BRDA:166,17,0,25
BRDA:166,17,1,0
BRDA:166,17,2,0
BRDA:167,18,0,25
BRDA:167,18,1,0
BRDA:169,19,0,25
BRDA:169,19,1,0
BRDA:169,20,0,25
BRDA:169,20,1,0
BRDA:170,21,0,25
BRDA:170,21,1,0
BRDA:173,22,0,25
BRDA:173,22,1,0
BRDA:174,23,0,0
BRDA:174,23,1,25
BRDA:175,24,0,25
BRDA:175,24,1,25
BRDA:175,24,2,25
BRDA:176,25,0,25
BRDA:176,25,1,0
BRDA:176,26,0,0
BRDA:176,26,1,0
BRDA:178,27,0,25
BRDA:178,27,1,0
BRDA:178,27,2,0
BRDA:179,28,0,25
BRDA:179,28,1,0
BRDA:180,29,0,0
BRDA:180,29,1,25
BRDA:186,30,0,25
BRDA:186,30,1,0
BRF:66
BRH:36
end_of_record
TN:
SF:test/mock/sample1.js
FNF:0
FNH:0
LF:0
LH:0
BRF:0
BRH:0
end_of_record
TN:
SF:test/mock/sample2.js
FN:6,(anonymous_0)
FNF:1
FNH:1
FNDA:2,(anonymous_0)
DA:5,1
DA:7,2
DA:9,2
LF:3
LH:3
BRF:0
BRH:0
end_of_record
